;  LST file generated by mikroListExporter - v.2.0 
; Date/Time: 27/5/2025 16:24:40
;----------------------------------------------

;Address Opcode 	ASM
0x0000	0xF002EF2F  	GOTO        1118
0x0004	0x0000      	NOP
0x0006	0x0000      	NOP
0x0008	0xF000EF00  	GOTO        0
0x000C	0x0000      	NOP
0x000E	0x0000      	NOP
0x0010	0x0000      	NOP
0x0012	0x0000      	NOP
0x0014	0x0000      	NOP
0x0016	0x0000      	NOP
0x0018	0xD7F3      	BRA         0
_Delay_50us:
;__Lib_Delays.c,19 :: 		void Delay_50us() {
;__Lib_Delays.c,20 :: 		Delay_us(50);
0x001C	0x0E21      	MOVLW       33
0x001E	0x6E0D      	MOVWF       R13, 0
L_Delay_50us2:
0x0020	0x2E0D      	DECFSZ      R13, 1, 0
0x0022	0xD7FE      	BRA         L_Delay_50us2
;__Lib_Delays.c,21 :: 		}
L_end_Delay_50us:
0x0024	0x0012      	RETURN      0
; end of _Delay_50us
_Delay_5500us:
;__Lib_Delays.c,31 :: 		void Delay_5500us() {
;__Lib_Delays.c,32 :: 		Delay_us(5500);
0x0026	0x0E0F      	MOVLW       15
0x0028	0x6E0C      	MOVWF       R12, 0
0x002A	0x0E47      	MOVLW       71
0x002C	0x6E0D      	MOVWF       R13, 0
L_Delay_5500us5:
0x002E	0x2E0D      	DECFSZ      R13, 1, 0
0x0030	0xD7FE      	BRA         L_Delay_5500us5
0x0032	0x2E0C      	DECFSZ      R12, 1, 0
0x0034	0xD7FC      	BRA         L_Delay_5500us5
0x0036	0x0000      	NOP
0x0038	0x0000      	NOP
;__Lib_Delays.c,33 :: 		}
L_end_Delay_5500us:
0x003A	0x0012      	RETURN      0
; end of _Delay_5500us
_Delay_1us:
;__Lib_Delays.c,7 :: 		void Delay_1us() {
;__Lib_Delays.c,8 :: 		Delay_us(1);
0x003C	0x0000      	NOP
0x003E	0x0000      	NOP
;__Lib_Delays.c,9 :: 		}
L_end_Delay_1us:
0x0040	0x0012      	RETURN      0
; end of _Delay_1us
_Div_16X16_U:
;__Lib_Math.c,102 :: 		
;__Lib_Math.c,109 :: 		
0x0042	0x6A08      	CLRF        R8, 0
;__Lib_Math.c,110 :: 		
0x0044	0x6A09      	CLRF        R9, 0
;__Lib_Math.c,111 :: 		
0x0046	0x0E10      	MOVLW       16
;__Lib_Math.c,112 :: 		
0x0048	0x6E0C      	MOVWF       R12, 0
;__Lib_Math.c,113 :: 		
0x004A	0x3401      	RLCF        R1, 0, 0
;__Lib_Math.c,114 :: 		
0x004C	0x3608      	RLCF        R8, 1, 0
;__Lib_Math.c,115 :: 		
0x004E	0x3609      	RLCF        R9, 1, 0
;__Lib_Math.c,116 :: 		
0x0050	0x5004      	MOVF        R4, 0, 0
;__Lib_Math.c,117 :: 		
0x0052	0x5E08      	SUBWF       R8, 1, 0
;__Lib_Math.c,118 :: 		
0x0054	0x5005      	MOVF        R5, 0, 0
;__Lib_Math.c,119 :: 		
0x0056	0xA0D8      	BTFSS       STATUS, 0, 0
;__Lib_Math.c,120 :: 		
0x0058	0x3C05      	INCFSZ      R5, 0, 0
;__Lib_Math.c,121 :: 		
0x005A	0x5E09      	SUBWF       R9, 1, 0
;__Lib_Math.c,122 :: 		
0x005C	0xB0D8      	BTFSC       STATUS, 0, 0
;__Lib_Math.c,123 :: 		
0x005E	0xD007      	BRA         $+16
;__Lib_Math.c,124 :: 		
0x0060	0x5004      	MOVF        R4, 0, 0
;__Lib_Math.c,125 :: 		
0x0062	0x2608      	ADDWF       R8, 1, 0
;__Lib_Math.c,126 :: 		
0x0064	0x5005      	MOVF        R5, 0, 0
;__Lib_Math.c,127 :: 		
0x0066	0xB0D8      	BTFSC       STATUS, 0, 0
;__Lib_Math.c,128 :: 		
0x0068	0x3C05      	INCFSZ      R5, 0, 0
;__Lib_Math.c,129 :: 		
0x006A	0x2609      	ADDWF       R9, 1, 0
;__Lib_Math.c,130 :: 		
0x006C	0x90D8      	BCF         STATUS, 0, 0
;__Lib_Math.c,131 :: 		
0x006E	0x3600      	RLCF        R0, 1, 0
;__Lib_Math.c,132 :: 		
0x0070	0x3601      	RLCF        R1, 1, 0
;__Lib_Math.c,133 :: 		
0x0072	0x2E0C      	DECFSZ      R12, 1, 0
;__Lib_Math.c,134 :: 		
0x0074	0xD7EA      	BRA         $-42
;__Lib_Math.c,136 :: 		
L_end_Div_16X16_U:
0x0076	0x0012      	RETURN      0
; end of _Div_16X16_U
_Lcd_Cmd:
;__Lib_Lcd.c,18 :: 		
;__Lib_Lcd.c,20 :: 		
0x0078	0x0100      	MOVLB       0
0x007A	0xBF60      	BTFSC       FARG_Lcd_Cmd_out_char, 7, 1
0x007C	0xD002      	BRA         L__Lcd_Cmd21
0x007E	0x9681      	BCF         LCD_D7, BitPos(LCD_D7+0) 
0x0080	0xD001      	BRA         L__Lcd_Cmd22
L__Lcd_Cmd21:
0x0082	0x8681      	BSF         LCD_D7, BitPos(LCD_D7+0) 
L__Lcd_Cmd22:
;__Lib_Lcd.c,21 :: 		
0x0084	0xBD60      	BTFSC       FARG_Lcd_Cmd_out_char, 6, 1
0x0086	0xD002      	BRA         L__Lcd_Cmd23
0x0088	0x9481      	BCF         LCD_D6, BitPos(LCD_D6+0) 
0x008A	0xD001      	BRA         L__Lcd_Cmd24
L__Lcd_Cmd23:
0x008C	0x8481      	BSF         LCD_D6, BitPos(LCD_D6+0) 
L__Lcd_Cmd24:
;__Lib_Lcd.c,22 :: 		
0x008E	0xBB60      	BTFSC       FARG_Lcd_Cmd_out_char, 5, 1
0x0090	0xD002      	BRA         L__Lcd_Cmd25
0x0092	0x9281      	BCF         LCD_D5, BitPos(LCD_D5+0) 
0x0094	0xD001      	BRA         L__Lcd_Cmd26
L__Lcd_Cmd25:
0x0096	0x8281      	BSF         LCD_D5, BitPos(LCD_D5+0) 
L__Lcd_Cmd26:
;__Lib_Lcd.c,23 :: 		
0x0098	0xB960      	BTFSC       FARG_Lcd_Cmd_out_char, 4, 1
0x009A	0xD002      	BRA         L__Lcd_Cmd27
0x009C	0x9081      	BCF         LCD_D4, BitPos(LCD_D4+0) 
0x009E	0xD001      	BRA         L__Lcd_Cmd28
L__Lcd_Cmd27:
0x00A0	0x8081      	BSF         LCD_D4, BitPos(LCD_D4+0) 
L__Lcd_Cmd28:
;__Lib_Lcd.c,25 :: 		
0x00A2	0xB045      	BTFSC       __Lib_Lcd_cmd_status, BitPos(__Lib_Lcd_cmd_status+0) 
0x00A4	0xD002      	BRA         L__Lcd_Cmd29
0x00A6	0x8881      	BSF         LCD_RS, BitPos(LCD_RS+0) 
0x00A8	0xD001      	BRA         L__Lcd_Cmd30
L__Lcd_Cmd29:
0x00AA	0x9881      	BCF         LCD_RS, BitPos(LCD_RS+0) 
L__Lcd_Cmd30:
;__Lib_Lcd.c,28 :: 		
0x00AC	0x8A81      	BSF         LCD_EN, BitPos(LCD_EN+0) 
;__Lib_Lcd.c,29 :: 		
0x00AE	0xDFC6      	RCALL       _Delay_1us
;__Lib_Lcd.c,30 :: 		
0x00B0	0x9A81      	BCF         LCD_EN, BitPos(LCD_EN+0) 
;__Lib_Lcd.c,33 :: 		
0x00B2	0xB760      	BTFSC       FARG_Lcd_Cmd_out_char, 3, 1
0x00B4	0xD002      	BRA         L__Lcd_Cmd31
0x00B6	0x9681      	BCF         LCD_D7, BitPos(LCD_D7+0) 
0x00B8	0xD001      	BRA         L__Lcd_Cmd32
L__Lcd_Cmd31:
0x00BA	0x8681      	BSF         LCD_D7, BitPos(LCD_D7+0) 
L__Lcd_Cmd32:
;__Lib_Lcd.c,34 :: 		
0x00BC	0xB560      	BTFSC       FARG_Lcd_Cmd_out_char, 2, 1
0x00BE	0xD002      	BRA         L__Lcd_Cmd33
0x00C0	0x9481      	BCF         LCD_D6, BitPos(LCD_D6+0) 
0x00C2	0xD001      	BRA         L__Lcd_Cmd34
L__Lcd_Cmd33:
0x00C4	0x8481      	BSF         LCD_D6, BitPos(LCD_D6+0) 
L__Lcd_Cmd34:
;__Lib_Lcd.c,35 :: 		
0x00C6	0xB360      	BTFSC       FARG_Lcd_Cmd_out_char, 1, 1
0x00C8	0xD002      	BRA         L__Lcd_Cmd35
0x00CA	0x9281      	BCF         LCD_D5, BitPos(LCD_D5+0) 
0x00CC	0xD001      	BRA         L__Lcd_Cmd36
L__Lcd_Cmd35:
0x00CE	0x8281      	BSF         LCD_D5, BitPos(LCD_D5+0) 
L__Lcd_Cmd36:
;__Lib_Lcd.c,36 :: 		
0x00D0	0xB160      	BTFSC       FARG_Lcd_Cmd_out_char, 0, 1
0x00D2	0xD002      	BRA         L__Lcd_Cmd37
0x00D4	0x9081      	BCF         LCD_D4, BitPos(LCD_D4+0) 
0x00D6	0xD001      	BRA         L__Lcd_Cmd38
L__Lcd_Cmd37:
0x00D8	0x8081      	BSF         LCD_D4, BitPos(LCD_D4+0) 
L__Lcd_Cmd38:
;__Lib_Lcd.c,38 :: 		
0x00DA	0xB045      	BTFSC       __Lib_Lcd_cmd_status, BitPos(__Lib_Lcd_cmd_status+0) 
0x00DC	0xD002      	BRA         L__Lcd_Cmd39
0x00DE	0x8881      	BSF         LCD_RS, BitPos(LCD_RS+0) 
0x00E0	0xD001      	BRA         L__Lcd_Cmd40
L__Lcd_Cmd39:
0x00E2	0x9881      	BCF         LCD_RS, BitPos(LCD_RS+0) 
L__Lcd_Cmd40:
;__Lib_Lcd.c,40 :: 		
0x00E4	0x8A81      	BSF         LCD_EN, BitPos(LCD_EN+0) 
;__Lib_Lcd.c,41 :: 		
0x00E6	0xDFAA      	RCALL       _Delay_1us
;__Lib_Lcd.c,42 :: 		
0x00E8	0x9A81      	BCF         LCD_EN, BitPos(LCD_EN+0) 
;__Lib_Lcd.c,44 :: 		
0x00EA	0xA045      	BTFSS       __Lib_Lcd_cmd_status, BitPos(__Lib_Lcd_cmd_status+0) 
0x00EC	0xD002      	BRA         L_Lcd_Cmd0
;__Lib_Lcd.c,45 :: 		
0x00EE	0xDF9B      	RCALL       _Delay_5500us
0x00F0	0xD001      	BRA         L_Lcd_Cmd1
L_Lcd_Cmd0:
;__Lib_Lcd.c,47 :: 		
0x00F2	0xDF94      	RCALL       _Delay_50us
L_Lcd_Cmd1:
;__Lib_Lcd.c,48 :: 		
L_end_Lcd_Cmd:
0x00F4	0x0012      	RETURN      0
; end of _Lcd_Cmd
_Mul_16X16_U:
;__Lib_Math.c,440 :: 		
;__Lib_Math.c,447 :: 		
0x00F6	0x6A0B      	CLRF        R11, 0
;__Lib_Math.c,448 :: 		
0x00F8	0x6A0A      	CLRF        R10, 0
;__Lib_Math.c,449 :: 		
0x00FA	0x6A09      	CLRF        R9, 0
;__Lib_Math.c,450 :: 		
0x00FC	0x5000      	MOVF        R0, 0, 0
;__Lib_Math.c,451 :: 		
0x00FE	0x0204      	MULWF       R4, 0
;__Lib_Math.c,453 :: 		
0x0100	0xF009CFF4  	MOVFF       PRODH, R9
;__Lib_Math.c,454 :: 		
0x0104	0xF008CFF3  	MOVFF       PRODL, R8
;__Lib_Math.c,455 :: 		
0x0108	0x5001      	MOVF        R1, 0, 0
;__Lib_Math.c,456 :: 		
0x010A	0x0205      	MULWF       R5, 0
;__Lib_Math.c,458 :: 		
0x010C	0xF00BCFF4  	MOVFF       PRODH, R11
;__Lib_Math.c,459 :: 		
0x0110	0xF00ACFF3  	MOVFF       PRODL, R10
;__Lib_Math.c,460 :: 		
0x0114	0x5000      	MOVF        R0, 0, 0
;__Lib_Math.c,461 :: 		
0x0116	0x0205      	MULWF       R5, 0
;__Lib_Math.c,463 :: 		
0x0118	0x50F3      	MOVF        PRODL, 0, 0
;__Lib_Math.c,464 :: 		
0x011A	0x2609      	ADDWF       R9, 1, 0
;__Lib_Math.c,465 :: 		
0x011C	0x50F4      	MOVF        PRODH, 0, 0
;__Lib_Math.c,466 :: 		
0x011E	0x220A      	ADDWFC      R10, 1, 0
;__Lib_Math.c,467 :: 		
0x0120	0x6AE8      	CLRF        WREG, 0
;__Lib_Math.c,468 :: 		
0x0122	0x220B      	ADDWFC      R11, 1, 0
;__Lib_Math.c,469 :: 		
0x0124	0x5001      	MOVF        R1, 0, 0
;__Lib_Math.c,470 :: 		
0x0126	0x0204      	MULWF       R4, 0
;__Lib_Math.c,472 :: 		
0x0128	0x50F3      	MOVF        PRODL, 0, 0
;__Lib_Math.c,473 :: 		
0x012A	0x2609      	ADDWF       R9, 1, 0
;__Lib_Math.c,474 :: 		
0x012C	0x50F4      	MOVF        PRODH, 0, 0
;__Lib_Math.c,475 :: 		
0x012E	0x220A      	ADDWFC      R10, 1, 0
;__Lib_Math.c,476 :: 		
0x0130	0x6AE8      	CLRF        WREG, 0
;__Lib_Math.c,477 :: 		
0x0132	0x220B      	ADDWFC      R11, 1, 0
;__Lib_Math.c,479 :: 		
0x0134	0xF000C008  	MOVFF       R8, R0
;__Lib_Math.c,480 :: 		
0x0138	0xF001C009  	MOVFF       R9, R1
;__Lib_Math.c,481 :: 		
0x013C	0xF002C00A  	MOVFF       R10, R2
;__Lib_Math.c,482 :: 		
0x0140	0xF003C00B  	MOVFF       R11, R3
;__Lib_Math.c,485 :: 		
L_end_Mul_16X16_U:
0x0144	0x0012      	RETURN      0
; end of _Mul_16X16_U
_Lcd_Chr_CP:
;__Lib_Lcd.c,50 :: 		
;__Lib_Lcd.c,52 :: 		
0x0146	0x9045      	BCF         __Lib_Lcd_cmd_status, BitPos(__Lib_Lcd_cmd_status+0) 
;__Lib_Lcd.c,53 :: 		
0x0148	0xF060C05F  	MOVFF       FARG_Lcd_Chr_CP_out_char, FARG_Lcd_Cmd_out_char
0x014C	0xDF95      	RCALL       _Lcd_Cmd
;__Lib_Lcd.c,54 :: 		
0x014E	0x8045      	BSF         __Lib_Lcd_cmd_status, BitPos(__Lib_Lcd_cmd_status+0) 
;__Lib_Lcd.c,55 :: 		
L_end_Lcd_Chr_CP:
0x0150	0x0012      	RETURN      0
; end of _Lcd_Chr_CP
_WordToStr:
;__Lib_Conversions.c,98 :: 		
;__Lib_Conversions.c,103 :: 		
0x0152	0x6A5F      	CLRF        WordToStr_len_L0 
L_WordToStr11:
0x0154	0x0E05      	MOVLW       5
0x0156	0x5C5F      	SUBWF       WordToStr_len_L0, 0 
0x0158	0xE20B      	BC          L_WordToStr12
;__Lib_Conversions.c,104 :: 		
0x015A	0x505F      	MOVF        WordToStr_len_L0, 0 
0x015C	0x0100      	MOVLB       0
0x015E	0x2565      	ADDWF       FARG_WordToStr_output, 0, 1
0x0160	0x6EE1      	MOVWF       FSR1L 
0x0162	0x0E00      	MOVLW       0
0x0164	0x2166      	ADDWFC      FARG_WordToStr_output+1, 0, 1
0x0166	0x6EE2      	MOVWF       FSR1H 
0x0168	0x0E20      	MOVLW       32
0x016A	0x6EE6      	MOVWF       POSTINC1 
;__Lib_Conversions.c,103 :: 		
0x016C	0x2A5F      	INCF        WordToStr_len_L0, 1 
;__Lib_Conversions.c,104 :: 		
0x016E	0xD7F2      	BRA         L_WordToStr11
L_WordToStr12:
0x0170	0x0100      	MOVLB       0
;__Lib_Conversions.c,105 :: 		
0x0172	0x505F      	MOVF        WordToStr_len_L0, 0 
0x0174	0x2565      	ADDWF       FARG_WordToStr_output, 0, 1
0x0176	0x6EE1      	MOVWF       FSR1L 
0x0178	0x0E00      	MOVLW       0
0x017A	0x2166      	ADDWFC      FARG_WordToStr_output+1, 0, 1
0x017C	0x6EE2      	MOVWF       FSR1H 
0x017E	0x6AE6      	CLRF        POSTINC1 
0x0180	0x065F      	DECF        WordToStr_len_L0, 1 
;__Lib_Conversions.c,107 :: 		
L_WordToStr14:
;__Lib_Conversions.c,108 :: 		
0x0182	0x505F      	MOVF        WordToStr_len_L0, 0 
0x0184	0x2565      	ADDWF       FARG_WordToStr_output, 0, 1
0x0186	0x6F67      	MOVWF       FLOC__WordToStr, 1
0x0188	0x0E00      	MOVLW       0
0x018A	0x2166      	ADDWFC      FARG_WordToStr_output+1, 0, 1
0x018C	0x6F68      	MOVWF       FLOC__WordToStr+1, 1
0x018E	0x0E0A      	MOVLW       10
0x0190	0x6E04      	MOVWF       R4 
0x0192	0x0E00      	MOVLW       0
0x0194	0x6E05      	MOVWF       R5 
0x0196	0xF000C063  	MOVFF       FARG_WordToStr_input, R0
0x019A	0xF001C064  	MOVFF       FARG_WordToStr_input+1, R1
0x019E	0xDF51      	RCALL       _Div_16X16_U
0x01A0	0xF000C008  	MOVFF       R8, R0
0x01A4	0xF001C009  	MOVFF       R9, R1
0x01A8	0x0E30      	MOVLW       48
0x01AA	0x2600      	ADDWF       R0, 1 
0x01AC	0xFFE1C067  	MOVFF       FLOC__WordToStr, FSR1L
0x01B0	0xFFE2C068  	MOVFF       FLOC__WordToStr+1, FSR1H
0x01B4	0xFFE6C000  	MOVFF       R0, POSTINC1
;__Lib_Conversions.c,109 :: 		
0x01B8	0x0E0A      	MOVLW       10
0x01BA	0x6E04      	MOVWF       R4 
0x01BC	0x0E00      	MOVLW       0
0x01BE	0x6E05      	MOVWF       R5 
0x01C0	0xF000C063  	MOVFF       FARG_WordToStr_input, R0
0x01C4	0xF001C064  	MOVFF       FARG_WordToStr_input+1, R1
0x01C8	0xDF3C      	RCALL       _Div_16X16_U
0x01CA	0xF063C000  	MOVFF       R0, FARG_WordToStr_input
0x01CE	0xF064C001  	MOVFF       R1, FARG_WordToStr_input+1
;__Lib_Conversions.c,110 :: 		
0x01D2	0x0E00      	MOVLW       0
0x01D4	0x1801      	XORWF       R1, 0 
0x01D6	0xE102      	BNZ         L__WordToStr159
0x01D8	0x0E00      	MOVLW       0
0x01DA	0x1800      	XORWF       R0, 0 
L__WordToStr159:
0x01DC	0xE101      	BNZ         L_WordToStr16
;__Lib_Conversions.c,111 :: 		
0x01DE	0xD002      	BRA         L_WordToStr15
L_WordToStr16:
;__Lib_Conversions.c,112 :: 		
0x01E0	0x065F      	DECF        WordToStr_len_L0, 1 
;__Lib_Conversions.c,113 :: 		
0x01E2	0xD7CF      	BRA         L_WordToStr14
L_WordToStr15:
;__Lib_Conversions.c,114 :: 		
L_end_WordToStr:
0x01E4	0x0012      	RETURN      0
; end of _WordToStr
___CC2DW:
;__Lib_System.c,21 :: 		
;__Lib_System.c,23 :: 		
_CC2DL_Loop1:
;__Lib_System.c,24 :: 		
0x01E6	0x0009      	TBLRD*+
;__Lib_System.c,25 :: 		
0x01E8	0xFFE6CFF5  	MOVFF       TABLAT, POSTINC1
;__Lib_System.c,26 :: 		
0x01EC	0x0600      	DECF        R0, 1, 0
;__Lib_System.c,27 :: 		
0x01EE	0xE1FB      	BNZ         _CC2DL_Loop1
;__Lib_System.c,28 :: 		
0x01F0	0x0601      	DECF        R1, 1, 0
;__Lib_System.c,29 :: 		
0x01F2	0xE1F9      	BNZ         _CC2DL_Loop1
;__Lib_System.c,31 :: 		
L_end___CC2DW:
0x01F4	0x0012      	RETURN      0
; end of ___CC2DW
_PWM1_Set_Duty:
;__Lib_PWM_c21.c,42 :: 		
;__Lib_PWM_c21.c,46 :: 		
0x01F6	0x50CB      	MOVF        PR2, 0 
0x01F8	0x0F01      	ADDLW       1
0x01FA	0x6E00      	MOVWF       R0 
0x01FC	0x6A01      	CLRF        R1 
0x01FE	0x0E00      	MOVLW       0
0x0200	0x2201      	ADDWFC      R1, 1 
0x0202	0xF004C057  	MOVFF       FARG_PWM1_Set_Duty_new_duty, R4
0x0206	0x0E00      	MOVLW       0
0x0208	0x6E05      	MOVWF       R5 
0x020A	0xDF75      	RCALL       _Mul_16X16_U
0x020C	0x0E06      	MOVLW       6
0x020E	0x6E02      	MOVWF       R2 
0x0210	0xF004C000  	MOVFF       R0, R4
0x0214	0xF005C001  	MOVFF       R1, R5
0x0218	0x5002      	MOVF        R2, 0 
L__PWM1_Set_Duty10:
0x021A	0xE005      	BZ          L__PWM1_Set_Duty11
0x021C	0x3205      	RRCF        R5, 1 
0x021E	0x3204      	RRCF        R4, 1 
0x0220	0x9E05      	BCF         R5, 7 
0x0222	0x0FFF      	ADDLW       255
0x0224	0xD7FA      	BRA         L__PWM1_Set_Duty10
L__PWM1_Set_Duty11:
;__Lib_PWM_c21.c,47 :: 		
0x0226	0x0E04      	MOVLW       4
0x0228	0x6E01      	MOVWF       R1 
0x022A	0xF000C004  	MOVFF       R4, R0
0x022E	0x5001      	MOVF        R1, 0 
L__PWM1_Set_Duty12:
0x0230	0xE004      	BZ          L__PWM1_Set_Duty13
0x0232	0x3600      	RLCF        R0, 1 
0x0234	0x9000      	BCF         R0, 0 
0x0236	0x0FFF      	ADDLW       255
0x0238	0xD7FB      	BRA         L__PWM1_Set_Duty12
L__PWM1_Set_Duty13:
0x023A	0x0E30      	MOVLW       48
0x023C	0x1400      	ANDWF       R0, 0 
0x023E	0x6E03      	MOVWF       R3 
;__Lib_PWM_c21.c,48 :: 		
0x0240	0xF000C004  	MOVFF       R4, R0
0x0244	0xF001C005  	MOVFF       R5, R1
0x0248	0x3201      	RRCF        R1, 1 
0x024A	0x3200      	RRCF        R0, 1 
0x024C	0x9E01      	BCF         R1, 7 
0x024E	0x3201      	RRCF        R1, 1 
0x0250	0x3200      	RRCF        R0, 1 
0x0252	0x9E01      	BCF         R1, 7 
0x0254	0xFFBEC000  	MOVFF       R0, CCPR1L
;__Lib_PWM_c21.c,49 :: 		
0x0258	0x0E0F      	MOVLW       15
0x025A	0x16BD      	ANDWF       CCP1CON, 1 
;__Lib_PWM_c21.c,50 :: 		
0x025C	0x5003      	MOVF        R3, 0 
0x025E	0x12BD      	IORWF       CCP1CON, 1 
;__Lib_PWM_c21.c,51 :: 		
L_end_PWM1_Set_Duty:
0x0260	0x0012      	RETURN      0
; end of _PWM1_Set_Duty
_PWM1_Init:
;__Lib_PWM_c21.c,35 :: 		
;__Lib_PWM_c21.c,36 :: 		
;__Lib_PWM_c21.c,37 :: 		
0x0262	0x6ABE      	CLRF        CCPR1L 
;__Lib_PWM_c21.c,38 :: 		
0x0264	0x98BD      	BCF         CCP1CON, 4 
;__Lib_PWM_c21.c,39 :: 		
0x0266	0x9ABD      	BCF         CCP1CON, 5 
;__Lib_PWM_c21.c,40 :: 		
L_end_PWM1_Init:
0x0268	0x0012      	RETURN      0
; end of _PWM1_Init
_Lcd_Out:
;__Lib_Lcd.c,184 :: 		
;__Lib_Lcd.c,187 :: 		
0x026A	0xD00F      	BRA         L_Lcd_Out11
;__Lib_Lcd.c,188 :: 		
L_Lcd_Out13:
0x026C	0x0E80      	MOVLW       128
0x026E	0x6E57      	MOVWF       FARG_Lcd_Out_row 
0x0270	0xD019      	BRA         L_Lcd_Out12
;__Lib_Lcd.c,189 :: 		
L_Lcd_Out14:
0x0272	0x0EC0      	MOVLW       192
0x0274	0x6E57      	MOVWF       FARG_Lcd_Out_row 
0x0276	0xD016      	BRA         L_Lcd_Out12
;__Lib_Lcd.c,190 :: 		
L_Lcd_Out15:
0x0278	0x0E94      	MOVLW       148
0x027A	0x6E57      	MOVWF       FARG_Lcd_Out_row 
0x027C	0xD013      	BRA         L_Lcd_Out12
;__Lib_Lcd.c,191 :: 		
L_Lcd_Out16:
0x027E	0x0ED4      	MOVLW       212
0x0280	0x6E57      	MOVWF       FARG_Lcd_Out_row 
0x0282	0xD010      	BRA         L_Lcd_Out12
;__Lib_Lcd.c,192 :: 		
L_Lcd_Out17:
0x0284	0x0E80      	MOVLW       128
0x0286	0x6E57      	MOVWF       FARG_Lcd_Out_row 
;__Lib_Lcd.c,193 :: 		
0x0288	0xD00D      	BRA         L_Lcd_Out12
L_Lcd_Out11:
0x028A	0x5057      	MOVF        FARG_Lcd_Out_row, 0 
0x028C	0x0A01      	XORLW       1
0x028E	0xE0EE      	BZ          L_Lcd_Out13
0x0290	0x5057      	MOVF        FARG_Lcd_Out_row, 0 
0x0292	0x0A02      	XORLW       2
0x0294	0xE0EE      	BZ          L_Lcd_Out14
0x0296	0x5057      	MOVF        FARG_Lcd_Out_row, 0 
0x0298	0x0A03      	XORLW       3
0x029A	0xE0EE      	BZ          L_Lcd_Out15
0x029C	0x5057      	MOVF        FARG_Lcd_Out_row, 0 
0x029E	0x0A04      	XORLW       4
0x02A0	0xE0EE      	BZ          L_Lcd_Out16
0x02A2	0xD7F0      	BRA         L_Lcd_Out17
L_Lcd_Out12:
;__Lib_Lcd.c,194 :: 		
0x02A4	0x0458      	DECF        FARG_Lcd_Out_column, 0 
0x02A6	0x6E00      	MOVWF       R0 
0x02A8	0x5057      	MOVF        FARG_Lcd_Out_row, 0 
0x02AA	0x2600      	ADDWF       R0, 1 
0x02AC	0xF057C000  	MOVFF       R0, FARG_Lcd_Out_row
;__Lib_Lcd.c,196 :: 		
0x02B0	0xF060C000  	MOVFF       R0, FARG_Lcd_Cmd_out_char
0x02B4	0xDEE1      	RCALL       _Lcd_Cmd
;__Lib_Lcd.c,197 :: 		
0x02B6	0x9045      	BCF         __Lib_Lcd_cmd_status, BitPos(__Lib_Lcd_cmd_status+0) 
;__Lib_Lcd.c,198 :: 		
0x02B8	0x6A5B      	CLRF        Lcd_Out_i_L0 
;__Lib_Lcd.c,199 :: 		
L_Lcd_Out18:
0x02BA	0x505B      	MOVF        Lcd_Out_i_L0, 0 
0x02BC	0x2459      	ADDWF       FARG_Lcd_Out_text, 0 
0x02BE	0x6EE9      	MOVWF       FSR0L 
0x02C0	0x0E00      	MOVLW       0
0x02C2	0x205A      	ADDWFC      FARG_Lcd_Out_text+1, 0 
0x02C4	0x6EEA      	MOVWF       FSR0H 
0x02C6	0x52EE      	MOVF        POSTINC0, 1 
0x02C8	0xE00B      	BZ          L_Lcd_Out19
;__Lib_Lcd.c,200 :: 		
0x02CA	0x505B      	MOVF        Lcd_Out_i_L0, 0 
0x02CC	0x2459      	ADDWF       FARG_Lcd_Out_text, 0 
0x02CE	0x6EE9      	MOVWF       FSR0L 
0x02D0	0x0E00      	MOVLW       0
0x02D2	0x205A      	ADDWFC      FARG_Lcd_Out_text+1, 0 
0x02D4	0x6EEA      	MOVWF       FSR0H 
0x02D6	0xF05FCFEE  	MOVFF       POSTINC0, FARG_Lcd_Chr_CP_out_char
0x02DA	0xDF35      	RCALL       _Lcd_Chr_CP
0x02DC	0x2A5B      	INCF        Lcd_Out_i_L0, 1 
0x02DE	0xD7ED      	BRA         L_Lcd_Out18
L_Lcd_Out19:
;__Lib_Lcd.c,201 :: 		
0x02E0	0x8045      	BSF         __Lib_Lcd_cmd_status, BitPos(__Lib_Lcd_cmd_status+0) 
;__Lib_Lcd.c,202 :: 		
L_end_Lcd_Out:
0x02E2	0x0012      	RETURN      0
; end of _Lcd_Out
_IntToStr:
;__Lib_Conversions.c,195 :: 		
;__Lib_Conversions.c,201 :: 		
0x02E4	0x6A5D      	CLRF        IntToStr_negative_L0 
0x02E6	0x6A5E      	CLRF        IntToStr_negative_L0+1 
;__Lib_Conversions.c,202 :: 		
0x02E8	0xF061C057  	MOVFF       FARG_IntToStr_input, IntToStr_inword_L0
0x02EC	0xF062C058  	MOVFF       FARG_IntToStr_input+1, IntToStr_inword_L0+1
;__Lib_Conversions.c,203 :: 		
0x02F0	0x0E80      	MOVLW       128
0x02F2	0x1858      	XORWF       FARG_IntToStr_input+1, 0 
0x02F4	0x6E00      	MOVWF       R0 
0x02F6	0x0E80      	MOVLW       128
0x02F8	0x5C00      	SUBWF       R0, 0 
0x02FA	0xE102      	BNZ         L__IntToStr167
0x02FC	0x0E00      	MOVLW       0
0x02FE	0x5C57      	SUBWF       FARG_IntToStr_input, 0 
L__IntToStr167:
0x0300	0xE20C      	BC          L_IntToStr37
;__Lib_Conversions.c,204 :: 		
0x0302	0x0E01      	MOVLW       1
0x0304	0x6E5D      	MOVWF       IntToStr_negative_L0 
0x0306	0x0E00      	MOVLW       0
0x0308	0x6E5E      	MOVWF       IntToStr_negative_L0+1 
;__Lib_Conversions.c,205 :: 		
0x030A	0x5057      	MOVF        FARG_IntToStr_input, 0 
0x030C	0x0800      	SUBLW       0
0x030E	0x0100      	MOVLB       0
0x0310	0x6F61      	MOVWF       IntToStr_inword_L0, 1
0x0312	0xF062C058  	MOVFF       FARG_IntToStr_input+1, IntToStr_inword_L0+1
0x0316	0x0E00      	MOVLW       0
0x0318	0x5762      	SUBFWB      IntToStr_inword_L0+1, 1, 1
;__Lib_Conversions.c,206 :: 		
L_IntToStr37:
;__Lib_Conversions.c,207 :: 		
0x031A	0xF063C061  	MOVFF       IntToStr_inword_L0, FARG_WordToStr_input
0x031E	0xF064C062  	MOVFF       IntToStr_inword_L0+1, FARG_WordToStr_input+1
0x0322	0xF065C059  	MOVFF       FARG_IntToStr_output, FARG_WordToStr_output
0x0326	0xF066C05A  	MOVFF       FARG_IntToStr_output+1, FARG_WordToStr_output+1
0x032A	0xDF13      	RCALL       _WordToStr
;__Lib_Conversions.c,209 :: 		
0x032C	0x0E06      	MOVLW       6
0x032E	0x6E5B      	MOVWF       IntToStr_i_L0 
0x0330	0x0E00      	MOVLW       0
0x0332	0x6E5C      	MOVWF       IntToStr_i_L0+1 
;__Lib_Conversions.c,210 :: 		
L_IntToStr38:
0x0334	0x0E00      	MOVLW       0
0x0336	0x6E00      	MOVWF       R0 
0x0338	0x505C      	MOVF        IntToStr_i_L0+1, 0 
0x033A	0x5C00      	SUBWF       R0, 0 
0x033C	0xE102      	BNZ         L__IntToStr168
0x033E	0x505B      	MOVF        IntToStr_i_L0, 0 
0x0340	0x0800      	SUBLW       0
L__IntToStr168:
0x0342	0xE219      	BC          L_IntToStr39
;__Lib_Conversions.c,211 :: 		
0x0344	0x505B      	MOVF        IntToStr_i_L0, 0 
0x0346	0x2459      	ADDWF       FARG_IntToStr_output, 0 
0x0348	0x6EE1      	MOVWF       FSR1L 
0x034A	0x505C      	MOVF        IntToStr_i_L0+1, 0 
0x034C	0x205A      	ADDWFC      FARG_IntToStr_output+1, 0 
0x034E	0x6EE2      	MOVWF       FSR1H 
0x0350	0x0E01      	MOVLW       1
0x0352	0x5C5B      	SUBWF       IntToStr_i_L0, 0 
0x0354	0x6E00      	MOVWF       R0 
0x0356	0x0E00      	MOVLW       0
0x0358	0x585C      	SUBWFB      IntToStr_i_L0+1, 0 
0x035A	0x6E01      	MOVWF       R1 
0x035C	0x5000      	MOVF        R0, 0 
0x035E	0x2459      	ADDWF       FARG_IntToStr_output, 0 
0x0360	0x6EE9      	MOVWF       FSR0L 
0x0362	0x5001      	MOVF        R1, 0 
0x0364	0x205A      	ADDWFC      FARG_IntToStr_output+1, 0 
0x0366	0x6EEA      	MOVWF       FSR0H 
0x0368	0xFFE6CFEE  	MOVFF       POSTINC0, POSTINC1
;__Lib_Conversions.c,212 :: 		
0x036C	0x0E01      	MOVLW       1
0x036E	0x5E5B      	SUBWF       IntToStr_i_L0, 1 
0x0370	0x0E00      	MOVLW       0
0x0372	0x5A5C      	SUBWFB      IntToStr_i_L0+1, 1 
;__Lib_Conversions.c,213 :: 		
0x0374	0xD7DF      	BRA         L_IntToStr38
L_IntToStr39:
;__Lib_Conversions.c,214 :: 		
0x0376	0xFFE1C059  	MOVFF       FARG_IntToStr_output, FSR1L
0x037A	0xFFE2C05A  	MOVFF       FARG_IntToStr_output+1, FSR1H
0x037E	0x0E20      	MOVLW       32
0x0380	0x6EE6      	MOVWF       POSTINC1 
;__Lib_Conversions.c,215 :: 		
0x0382	0x505D      	MOVF        IntToStr_negative_L0, 0 
0x0384	0x105E      	IORWF       IntToStr_negative_L0+1, 0 
0x0386	0xE01A      	BZ          L_IntToStr40
;__Lib_Conversions.c,216 :: 		
0x0388	0x6A5B      	CLRF        IntToStr_i_L0 
0x038A	0x6A5C      	CLRF        IntToStr_i_L0+1 
;__Lib_Conversions.c,217 :: 		
L_IntToStr41:
0x038C	0x505B      	MOVF        IntToStr_i_L0, 0 
0x038E	0x2459      	ADDWF       FARG_IntToStr_output, 0 
0x0390	0x6EE9      	MOVWF       FSR0L 
0x0392	0x505C      	MOVF        IntToStr_i_L0+1, 0 
0x0394	0x205A      	ADDWFC      FARG_IntToStr_output+1, 0 
0x0396	0x6EEA      	MOVWF       FSR0H 
0x0398	0x50EE      	MOVF        POSTINC0, 0 
0x039A	0x0A20      	XORLW       32
0x039C	0xE103      	BNZ         L_IntToStr42
0x039E	0x4A5B      	INFSNZ      IntToStr_i_L0, 1 
0x03A0	0x2A5C      	INCF        IntToStr_i_L0+1, 1 
0x03A2	0xD7F4      	BRA         L_IntToStr41
L_IntToStr42:
;__Lib_Conversions.c,218 :: 		
0x03A4	0x0E01      	MOVLW       1
0x03A6	0x5E5B      	SUBWF       IntToStr_i_L0, 1 
0x03A8	0x0E00      	MOVLW       0
0x03AA	0x5A5C      	SUBWFB      IntToStr_i_L0+1, 1 
;__Lib_Conversions.c,219 :: 		
0x03AC	0x505B      	MOVF        IntToStr_i_L0, 0 
0x03AE	0x2459      	ADDWF       FARG_IntToStr_output, 0 
0x03B0	0x6EE1      	MOVWF       FSR1L 
0x03B2	0x505C      	MOVF        IntToStr_i_L0+1, 0 
0x03B4	0x205A      	ADDWFC      FARG_IntToStr_output+1, 0 
0x03B6	0x6EE2      	MOVWF       FSR1H 
0x03B8	0x0E2D      	MOVLW       45
0x03BA	0x6EE6      	MOVWF       POSTINC1 
L_IntToStr40:
;__Lib_Conversions.c,220 :: 		
L_end_IntToStr:
0x03BC	0x0012      	RETURN      0
; end of _IntToStr
_PWM1_Start:
;__Lib_PWM_c21.c,53 :: 		
;__Lib_PWM_c21.c,54 :: 		
0x03BE	0x9494      	BCF         TRISC2_bit, BitPos(TRISC2_bit+0) 
;__Lib_PWM_c21.c,55 :: 		
0x03C0	0x84CA      	BSF         T2CON, 2 
;__Lib_PWM_c21.c,56 :: 		
0x03C2	0x0E0C      	MOVLW       12
0x03C4	0x12BD      	IORWF       CCP1CON, 1 
;__Lib_PWM_c21.c,57 :: 		
L_end_PWM1_Start:
0x03C6	0x0012      	RETURN      0
; end of _PWM1_Start
_Lcd_Init:
;__Lib_Lcd.c,84 :: 		
;__Lib_Lcd.c,86 :: 		
0x03C8	0x9A93      	BCF         LCD_EN_Direction, BitPos(LCD_EN_Direction+0) 
;__Lib_Lcd.c,87 :: 		
0x03CA	0x9893      	BCF         LCD_RS_Direction, BitPos(LCD_RS_Direction+0) 
;__Lib_Lcd.c,88 :: 		
0x03CC	0x9093      	BCF         LCD_D4_Direction, BitPos(LCD_D4_Direction+0) 
;__Lib_Lcd.c,89 :: 		
0x03CE	0x9293      	BCF         LCD_D5_Direction, BitPos(LCD_D5_Direction+0) 
;__Lib_Lcd.c,90 :: 		
0x03D0	0x9493      	BCF         LCD_D6_Direction, BitPos(LCD_D6_Direction+0) 
;__Lib_Lcd.c,91 :: 		
0x03D2	0x9693      	BCF         LCD_D7_Direction, BitPos(LCD_D7_Direction+0) 
;__Lib_Lcd.c,93 :: 		
0x03D4	0x9A81      	BCF         LCD_EN, BitPos(LCD_EN+0) 
;__Lib_Lcd.c,94 :: 		
0x03D6	0x9881      	BCF         LCD_RS, BitPos(LCD_RS+0) 
;__Lib_Lcd.c,95 :: 		
0x03D8	0x9681      	BCF         LCD_D7, BitPos(LCD_D7+0) 
;__Lib_Lcd.c,96 :: 		
0x03DA	0x9481      	BCF         LCD_D6, BitPos(LCD_D6+0) 
;__Lib_Lcd.c,97 :: 		
0x03DC	0x9281      	BCF         LCD_D5, BitPos(LCD_D5+0) 
;__Lib_Lcd.c,98 :: 		
0x03DE	0x9081      	BCF         LCD_D4, BitPos(LCD_D4+0) 
;__Lib_Lcd.c,100 :: 		
0x03E0	0xDE22      	RCALL       _Delay_5500us
;__Lib_Lcd.c,101 :: 		
0x03E2	0xDE21      	RCALL       _Delay_5500us
;__Lib_Lcd.c,102 :: 		
0x03E4	0xDE20      	RCALL       _Delay_5500us
;__Lib_Lcd.c,105 :: 		
0x03E6	0x8281      	BSF         LCD_D5, BitPos(LCD_D5+0) 
;__Lib_Lcd.c,106 :: 		
0x03E8	0x8081      	BSF         LCD_D4, BitPos(LCD_D4+0) 
;__Lib_Lcd.c,107 :: 		
0x03EA	0x8A81      	BSF         LCD_EN, BitPos(LCD_EN+0) 
;__Lib_Lcd.c,108 :: 		
0x03EC	0xDE27      	RCALL       _Delay_1us
;__Lib_Lcd.c,109 :: 		
0x03EE	0x9A81      	BCF         LCD_EN, BitPos(LCD_EN+0) 
;__Lib_Lcd.c,110 :: 		
0x03F0	0xDE1A      	RCALL       _Delay_5500us
;__Lib_Lcd.c,112 :: 		
0x03F2	0x8A81      	BSF         LCD_EN, BitPos(LCD_EN+0) 
;__Lib_Lcd.c,113 :: 		
0x03F4	0xDE23      	RCALL       _Delay_1us
;__Lib_Lcd.c,114 :: 		
0x03F6	0x9A81      	BCF         LCD_EN, BitPos(LCD_EN+0) 
;__Lib_Lcd.c,115 :: 		
0x03F8	0xDE16      	RCALL       _Delay_5500us
;__Lib_Lcd.c,117 :: 		
0x03FA	0x8A81      	BSF         LCD_EN, BitPos(LCD_EN+0) 
;__Lib_Lcd.c,118 :: 		
0x03FC	0xDE1F      	RCALL       _Delay_1us
;__Lib_Lcd.c,119 :: 		
0x03FE	0x9A81      	BCF         LCD_EN, BitPos(LCD_EN+0) 
;__Lib_Lcd.c,120 :: 		
0x0400	0xDE12      	RCALL       _Delay_5500us
;__Lib_Lcd.c,123 :: 		
0x0402	0x9081      	BCF         LCD_D4, BitPos(LCD_D4+0) 
;__Lib_Lcd.c,124 :: 		
0x0404	0x8A81      	BSF         LCD_EN, BitPos(LCD_EN+0) 
;__Lib_Lcd.c,125 :: 		
0x0406	0xDE1A      	RCALL       _Delay_1us
;__Lib_Lcd.c,126 :: 		
0x0408	0x9A81      	BCF         LCD_EN, BitPos(LCD_EN+0) 
;__Lib_Lcd.c,127 :: 		
0x040A	0xDE0D      	RCALL       _Delay_5500us
;__Lib_Lcd.c,130 :: 		
0x040C	0x8A81      	BSF         LCD_EN, BitPos(LCD_EN+0) 
;__Lib_Lcd.c,131 :: 		
0x040E	0xDE16      	RCALL       _Delay_1us
;__Lib_Lcd.c,132 :: 		
0x0410	0x9A81      	BCF         LCD_EN, BitPos(LCD_EN+0) 
;__Lib_Lcd.c,134 :: 		
0x0412	0x9281      	BCF         LCD_D5, BitPos(LCD_D5+0) 
;__Lib_Lcd.c,135 :: 		
0x0414	0x8681      	BSF         LCD_D7, BitPos(LCD_D7+0) 
;__Lib_Lcd.c,136 :: 		
0x0416	0x8A81      	BSF         LCD_EN, BitPos(LCD_EN+0) 
;__Lib_Lcd.c,137 :: 		
0x0418	0xDE11      	RCALL       _Delay_1us
;__Lib_Lcd.c,138 :: 		
0x041A	0x9A81      	BCF         LCD_EN, BitPos(LCD_EN+0) 
;__Lib_Lcd.c,139 :: 		
0x041C	0xDE04      	RCALL       _Delay_5500us
;__Lib_Lcd.c,142 :: 		
0x041E	0x9681      	BCF         LCD_D7, BitPos(LCD_D7+0) 
;__Lib_Lcd.c,143 :: 		
0x0420	0x8081      	BSF         LCD_D4, BitPos(LCD_D4+0) 
;__Lib_Lcd.c,144 :: 		
0x0422	0x8A81      	BSF         LCD_EN, BitPos(LCD_EN+0) 
;__Lib_Lcd.c,145 :: 		
0x0424	0xDE0B      	RCALL       _Delay_1us
;__Lib_Lcd.c,146 :: 		
0x0426	0x9A81      	BCF         LCD_EN, BitPos(LCD_EN+0) 
;__Lib_Lcd.c,148 :: 		
0x0428	0x9081      	BCF         LCD_D4, BitPos(LCD_D4+0) 
;__Lib_Lcd.c,149 :: 		
0x042A	0x8A81      	BSF         LCD_EN, BitPos(LCD_EN+0) 
;__Lib_Lcd.c,150 :: 		
0x042C	0xDE07      	RCALL       _Delay_1us
;__Lib_Lcd.c,151 :: 		
0x042E	0x9A81      	BCF         LCD_EN, BitPos(LCD_EN+0) 
;__Lib_Lcd.c,152 :: 		
0x0430	0xDDFA      	RCALL       _Delay_5500us
;__Lib_Lcd.c,155 :: 		
0x0432	0x8A81      	BSF         LCD_EN, BitPos(LCD_EN+0) 
;__Lib_Lcd.c,156 :: 		
0x0434	0xDE03      	RCALL       _Delay_1us
;__Lib_Lcd.c,157 :: 		
0x0436	0x9A81      	BCF         LCD_EN, BitPos(LCD_EN+0) 
;__Lib_Lcd.c,159 :: 		
0x0438	0x8081      	BSF         LCD_D4, BitPos(LCD_D4+0) 
;__Lib_Lcd.c,160 :: 		
0x043A	0x8A81      	BSF         LCD_EN, BitPos(LCD_EN+0) 
;__Lib_Lcd.c,161 :: 		
0x043C	0xDDFF      	RCALL       _Delay_1us
;__Lib_Lcd.c,162 :: 		
0x043E	0x9A81      	BCF         LCD_EN, BitPos(LCD_EN+0) 
;__Lib_Lcd.c,163 :: 		
0x0440	0xDDF2      	RCALL       _Delay_5500us
;__Lib_Lcd.c,166 :: 		
0x0442	0x9081      	BCF         LCD_D4, BitPos(LCD_D4+0) 
;__Lib_Lcd.c,167 :: 		
0x0444	0x8A81      	BSF         LCD_EN, BitPos(LCD_EN+0) 
;__Lib_Lcd.c,168 :: 		
0x0446	0xDDFA      	RCALL       _Delay_1us
;__Lib_Lcd.c,169 :: 		
0x0448	0x9A81      	BCF         LCD_EN, BitPos(LCD_EN+0) 
;__Lib_Lcd.c,171 :: 		
0x044A	0x8681      	BSF         LCD_D7, BitPos(LCD_D7+0) 
;__Lib_Lcd.c,172 :: 		
0x044C	0x8481      	BSF         LCD_D6, BitPos(LCD_D6+0) 
;__Lib_Lcd.c,173 :: 		
0x044E	0x8281      	BSF         LCD_D5, BitPos(LCD_D5+0) 
;__Lib_Lcd.c,174 :: 		
0x0450	0x8081      	BSF         LCD_D4, BitPos(LCD_D4+0) 
;__Lib_Lcd.c,175 :: 		
0x0452	0x8A81      	BSF         LCD_EN, BitPos(LCD_EN+0) 
;__Lib_Lcd.c,176 :: 		
0x0454	0xDDF3      	RCALL       _Delay_1us
;__Lib_Lcd.c,177 :: 		
0x0456	0x9A81      	BCF         LCD_EN, BitPos(LCD_EN+0) 
;__Lib_Lcd.c,179 :: 		
0x0458	0xDDE6      	RCALL       _Delay_5500us
;__Lib_Lcd.c,181 :: 		
0x045A	0x8045      	BSF         __Lib_Lcd_cmd_status, BitPos(__Lib_Lcd_cmd_status+0) 
;__Lib_Lcd.c,182 :: 		
L_end_Lcd_Init:
0x045C	0x0012      	RETURN      0
; end of _Lcd_Init
_main:
0x045E	0xF003EC2C  	CALL        1624, 0
;main.c,37 :: 		void main()
;main.c,41 :: 		ADCON1 |= 0x0F;          //PUERTOS DIGITALES
0x0462	0x0E0F      	MOVLW       15
0x0464	0x12C1      	IORWF       ADCON1, 1 
;main.c,45 :: 		CMCON |= 0x07;           // COMPARADORES COMO ENTRADAS DIGITALES
0x0466	0x0E07      	MOVLW       7
0x0468	0x12B4      	IORWF       CMCON, 1 
;main.c,47 :: 		TRISB = 0;                        // Configure PORTB pins como salida
0x046A	0x6A93      	CLRF        TRISB 
;main.c,48 :: 		TRISB6_bit = 1;         // Entrada de pulsadores
0x046C	0x8C93      	BSF         TRISB6_bit, BitPos(TRISB6_bit+0) 
;main.c,49 :: 		TRISB7_bit = 1;         //
0x046E	0x8E93      	BSF         TRISB7_bit, BitPos(TRISB7_bit+0) 
;main.c,51 :: 		TRISC2_bit = 0;         //Salida PWM1
0x0470	0x9494      	BCF         TRISC2_bit, BitPos(TRISC2_bit+0) 
;main.c,54 :: 		PWM1_Init(5000);
0x0472	0x80CA      	BSF         T2CON, 0, 0
0x0474	0x92CA      	BCF         T2CON, 1, 0
0x0476	0x0E63      	MOVLW       99
0x0478	0x6ECB      	MOVWF       PR2, 0
0x047A	0xDEF3      	RCALL       _PWM1_Init
;main.c,56 :: 		PWM1_Set_Duty(Velo1);// 0 -> 255.  255 es 100%
0x047C	0xF057C026  	MOVFF       _Velo1, FARG_PWM1_Set_Duty_new_duty
0x0480	0xDEBA      	RCALL       _PWM1_Set_Duty
;main.c,59 :: 		PWM1_Start();
0x0482	0xDF9D      	RCALL       _PWM1_Start
;main.c,62 :: 		Lcd_Init();                        // Initialize Lcd
0x0484	0xDFA1      	RCALL       _Lcd_Init
;main.c,63 :: 		Delay_ms(15);
0x0486	0x0E27      	MOVLW       39
0x0488	0x6E0C      	MOVWF       R12, 0
0x048A	0x0EF5      	MOVLW       245
0x048C	0x6E0D      	MOVWF       R13, 0
L_main0:
0x048E	0x2E0D      	DECFSZ      R13, 1, 0
0x0490	0xD7FE      	BRA         L_main0
0x0492	0x2E0C      	DECFSZ      R12, 1, 0
0x0494	0xD7FC      	BRA         L_main0
;main.c,65 :: 		Lcd_Cmd(_LCD_CLEAR);               // Clear display
0x0496	0x0E01      	MOVLW       1
0x0498	0x0100      	MOVLB       0
0x049A	0x6F60      	MOVWF       FARG_Lcd_Cmd_out_char, 1
0x049C	0xDDED      	RCALL       _Lcd_Cmd
;main.c,66 :: 		Lcd_Cmd(_LCD_CURSOR_OFF);          // Cursor off
0x049E	0x0E0C      	MOVLW       12
0x04A0	0x6F60      	MOVWF       FARG_Lcd_Cmd_out_char, 1
0x04A2	0xDDEA      	RCALL       _Lcd_Cmd
;main.c,69 :: 		Lcd_Out(1,1,txt3);                 // Write text in first row
0x04A4	0x0E01      	MOVLW       1
0x04A6	0x6E57      	MOVWF       FARG_Lcd_Out_row 
0x04A8	0x0E01      	MOVLW       1
0x04AA	0x6E58      	MOVWF       FARG_Lcd_Out_column 
0x04AC	0x0E28      	MOVLW       _txt3
0x04AE	0x6E59      	MOVWF       FARG_Lcd_Out_text 
0x04B0	0x0E00      	MOVLW       hi_addr(_txt3)
0x04B2	0x6E5A      	MOVWF       FARG_Lcd_Out_text+1 
0x04B4	0xDEDA      	RCALL       _Lcd_Out
;main.c,70 :: 		Lcd_Out(2,1,"PIC  es la onda!");                 // Write text in first row
0x04B6	0x0E02      	MOVLW       2
0x04B8	0x6E57      	MOVWF       FARG_Lcd_Out_row 
0x04BA	0x0E01      	MOVLW       1
0x04BC	0x6E58      	MOVWF       FARG_Lcd_Out_column 
0x04BE	0x0E46      	MOVLW       ?ICS?lstr1_main
0x04C0	0x6EF6      	MOVWF       4086 
0x04C2	0x0E06      	MOVLW       hi_addr(?ICS?lstr1_main)
0x04C4	0x6EF7      	MOVWF       TBLPTRH 
0x04C6	0x0E00      	MOVLW       higher_addr(?ICS?lstr1_main)
0x04C8	0x6EF8      	MOVWF       TBLPTRU 
0x04CA	0x0E46      	MOVLW       ?lstr1_main
0x04CC	0x6EE1      	MOVWF       FSR1L 
0x04CE	0x0E00      	MOVLW       hi_addr(?lstr1_main)
0x04D0	0x6EE2      	MOVWF       FSR1H 
0x04D2	0x0E11      	MOVLW       17
0x04D4	0x6E00      	MOVWF       R0 
0x04D6	0x0E01      	MOVLW       1
0x04D8	0x6E01      	MOVWF       R1 
0x04DA	0xDE85      	RCALL       ___CC2DW
0x04DC	0x0E46      	MOVLW       ?lstr1_main
0x04DE	0x6E59      	MOVWF       FARG_Lcd_Out_text 
0x04E0	0x0E00      	MOVLW       hi_addr(?lstr1_main)
0x04E2	0x6E5A      	MOVWF       FARG_Lcd_Out_text+1 
0x04E4	0xDEC2      	RCALL       _Lcd_Out
;main.c,71 :: 		Delay_ms(500);
0x04E6	0x0E06      	MOVLW       6
0x04E8	0x6E0B      	MOVWF       R11, 0
0x04EA	0x0E13      	MOVLW       19
0x04EC	0x6E0C      	MOVWF       R12, 0
0x04EE	0x0EAD      	MOVLW       173
0x04F0	0x6E0D      	MOVWF       R13, 0
L_main1:
0x04F2	0x2E0D      	DECFSZ      R13, 1, 0
0x04F4	0xD7FE      	BRA         L_main1
0x04F6	0x2E0C      	DECFSZ      R12, 1, 0
0x04F8	0xD7FC      	BRA         L_main1
0x04FA	0x2E0B      	DECFSZ      R11, 1, 0
0x04FC	0xD7FA      	BRA         L_main1
0x04FE	0x0000      	NOP
0x0500	0x0000      	NOP
;main.c,73 :: 		IntToStr(Velo1, str);
0x0502	0xF057C026  	MOVFF       _Velo1, FARG_IntToStr_input
0x0506	0xF058C027  	MOVFF       _Velo1+1, FARG_IntToStr_input+1
0x050A	0x0E31      	MOVLW       _str
0x050C	0x6E59      	MOVWF       FARG_IntToStr_output 
0x050E	0x0E00      	MOVLW       hi_addr(_str)
0x0510	0x6E5A      	MOVWF       FARG_IntToStr_output+1 
0x0512	0xDEE8      	RCALL       _IntToStr
;main.c,74 :: 		Lcd_Out(1,9, str);
0x0514	0x0E01      	MOVLW       1
0x0516	0x6E57      	MOVWF       FARG_Lcd_Out_row 
0x0518	0x0E09      	MOVLW       9
0x051A	0x6E58      	MOVWF       FARG_Lcd_Out_column 
0x051C	0x0E31      	MOVLW       _str
0x051E	0x6E59      	MOVWF       FARG_Lcd_Out_text 
0x0520	0x0E00      	MOVLW       hi_addr(_str)
0x0522	0x6E5A      	MOVWF       FARG_Lcd_Out_text+1 
0x0524	0xDEA2      	RCALL       _Lcd_Out
;main.c,75 :: 		while (1){
L_main2:
;main.c,77 :: 		Lcd_Out(2, 1, texto);                 //  (char *) texto
0x0526	0x0E02      	MOVLW       2
0x0528	0x6E57      	MOVWF       FARG_Lcd_Out_row 
0x052A	0x0E01      	MOVLW       1
0x052C	0x6E58      	MOVWF       FARG_Lcd_Out_column 
0x052E	0x0E15      	MOVLW       _texto
0x0530	0x6E59      	MOVWF       FARG_Lcd_Out_text 
0x0532	0x0E00      	MOVLW       hi_addr(_texto)
0x0534	0x6E5A      	MOVWF       FARG_Lcd_Out_text+1 
0x0536	0xDE99      	RCALL       _Lcd_Out
;main.c,79 :: 		if (SUBE == 0){
0x0538	0xBC81      	BTFSC       RB6_bit, BitPos(RB6_bit+0) 
0x053A	0xD03B      	BRA         L_main4
;main.c,80 :: 		Velo1 += 10;
0x053C	0x0E0A      	MOVLW       10
0x053E	0x2426      	ADDWF       _Velo1, 0 
0x0540	0x6E01      	MOVWF       R1 
0x0542	0x0E00      	MOVLW       0
0x0544	0x2027      	ADDWFC      _Velo1+1, 0 
0x0546	0x6E02      	MOVWF       R2 
0x0548	0xF026C001  	MOVFF       R1, _Velo1
0x054C	0xF027C002  	MOVFF       R2, _Velo1+1
;main.c,81 :: 		if(Velo1 >= 255){
0x0550	0x0E80      	MOVLW       128
0x0552	0x1802      	XORWF       R2, 0 
0x0554	0x6E00      	MOVWF       R0 
0x0556	0x0E80      	MOVLW       128
0x0558	0x5C00      	SUBWF       R0, 0 
0x055A	0xE102      	BNZ         L__main12
0x055C	0x0EFF      	MOVLW       255
0x055E	0x5C01      	SUBWF       R1, 0 
L__main12:
0x0560	0xE304      	BNC         L_main5
;main.c,82 :: 		Velo1 = 255;
0x0562	0x0EFF      	MOVLW       255
0x0564	0x6E26      	MOVWF       _Velo1 
0x0566	0x0E00      	MOVLW       0
0x0568	0x6E27      	MOVWF       _Velo1+1 
;main.c,83 :: 		}
L_main5:
;main.c,84 :: 		PWM1_Set_Duty(Velo1);
0x056A	0xF057C026  	MOVFF       _Velo1, FARG_PWM1_Set_Duty_new_duty
0x056E	0xDE43      	RCALL       _PWM1_Set_Duty
;main.c,85 :: 		IntToStr(Velo1, str);
0x0570	0xF057C026  	MOVFF       _Velo1, FARG_IntToStr_input
0x0574	0xF058C027  	MOVFF       _Velo1+1, FARG_IntToStr_input+1
0x0578	0x0E31      	MOVLW       _str
0x057A	0x6E59      	MOVWF       FARG_IntToStr_output 
0x057C	0x0E00      	MOVLW       hi_addr(_str)
0x057E	0x6E5A      	MOVWF       FARG_IntToStr_output+1 
0x0580	0xDEB1      	RCALL       _IntToStr
;main.c,86 :: 		Lcd_Out(1,9, str);
0x0582	0x0E01      	MOVLW       1
0x0584	0x6E57      	MOVWF       FARG_Lcd_Out_row 
0x0586	0x0E09      	MOVLW       9
0x0588	0x6E58      	MOVWF       FARG_Lcd_Out_column 
0x058A	0x0E31      	MOVLW       _str
0x058C	0x6E59      	MOVWF       FARG_Lcd_Out_text 
0x058E	0x0E00      	MOVLW       hi_addr(_str)
0x0590	0x6E5A      	MOVWF       FARG_Lcd_Out_text+1 
0x0592	0xDE6B      	RCALL       _Lcd_Out
;main.c,87 :: 		Delay_ms(250);
0x0594	0x0E03      	MOVLW       3
0x0596	0x6E0B      	MOVWF       R11, 0
0x0598	0x0E8A      	MOVLW       138
0x059A	0x6E0C      	MOVWF       R12, 0
0x059C	0x0E55      	MOVLW       85
0x059E	0x6E0D      	MOVWF       R13, 0
L_main6:
0x05A0	0x2E0D      	DECFSZ      R13, 1, 0
0x05A2	0xD7FE      	BRA         L_main6
0x05A4	0x2E0C      	DECFSZ      R12, 1, 0
0x05A6	0xD7FC      	BRA         L_main6
0x05A8	0x2E0B      	DECFSZ      R11, 1, 0
0x05AA	0xD7FA      	BRA         L_main6
0x05AC	0x0000      	NOP
0x05AE	0x0000      	NOP
;main.c,88 :: 		}else {
0x05B0	0xD03A      	BRA         L_main7
L_main4:
;main.c,89 :: 		if (BAJA == 0){
0x05B2	0xBE81      	BTFSC       RB7_bit, BitPos(RB7_bit+0) 
0x05B4	0xD038      	BRA         L_main8
;main.c,90 :: 		Velo1 -= 10;
0x05B6	0x0E0A      	MOVLW       10
0x05B8	0x5C26      	SUBWF       _Velo1, 0 
0x05BA	0x6E01      	MOVWF       R1 
0x05BC	0x0E00      	MOVLW       0
0x05BE	0x5827      	SUBWFB      _Velo1+1, 0 
0x05C0	0x6E02      	MOVWF       R2 
0x05C2	0xF026C001  	MOVFF       R1, _Velo1
0x05C6	0xF027C002  	MOVFF       R2, _Velo1+1
;main.c,91 :: 		if(Velo1 <= 0){
0x05CA	0x0E80      	MOVLW       128
0x05CC	0x6E00      	MOVWF       R0 
0x05CE	0x0E80      	MOVLW       128
0x05D0	0x1802      	XORWF       R2, 0 
0x05D2	0x5C00      	SUBWF       R0, 0 
0x05D4	0xE102      	BNZ         L__main13
0x05D6	0x5001      	MOVF        R1, 0 
0x05D8	0x0800      	SUBLW       0
L__main13:
0x05DA	0xE302      	BNC         L_main9
;main.c,92 :: 		Velo1 = 0;
0x05DC	0x6A26      	CLRF        _Velo1 
0x05DE	0x6A27      	CLRF        _Velo1+1 
;main.c,93 :: 		}
L_main9:
;main.c,94 :: 		PWM1_Set_Duty(Velo1);
0x05E0	0xF057C026  	MOVFF       _Velo1, FARG_PWM1_Set_Duty_new_duty
0x05E4	0xDE08      	RCALL       _PWM1_Set_Duty
;main.c,95 :: 		IntToStr(Velo1, str);
0x05E6	0xF057C026  	MOVFF       _Velo1, FARG_IntToStr_input
0x05EA	0xF058C027  	MOVFF       _Velo1+1, FARG_IntToStr_input+1
0x05EE	0x0E31      	MOVLW       _str
0x05F0	0x6E59      	MOVWF       FARG_IntToStr_output 
0x05F2	0x0E00      	MOVLW       hi_addr(_str)
0x05F4	0x6E5A      	MOVWF       FARG_IntToStr_output+1 
0x05F6	0xDE76      	RCALL       _IntToStr
;main.c,96 :: 		Lcd_Out(1,9, str);
0x05F8	0x0E01      	MOVLW       1
0x05FA	0x6E57      	MOVWF       FARG_Lcd_Out_row 
0x05FC	0x0E09      	MOVLW       9
0x05FE	0x6E58      	MOVWF       FARG_Lcd_Out_column 
0x0600	0x0E31      	MOVLW       _str
0x0602	0x6E59      	MOVWF       FARG_Lcd_Out_text 
0x0604	0x0E00      	MOVLW       hi_addr(_str)
0x0606	0x6E5A      	MOVWF       FARG_Lcd_Out_text+1 
0x0608	0xDE30      	RCALL       _Lcd_Out
;main.c,97 :: 		Delay_ms(250);
0x060A	0x0E03      	MOVLW       3
0x060C	0x6E0B      	MOVWF       R11, 0
0x060E	0x0E8A      	MOVLW       138
0x0610	0x6E0C      	MOVWF       R12, 0
0x0612	0x0E55      	MOVLW       85
0x0614	0x6E0D      	MOVWF       R13, 0
L_main10:
0x0616	0x2E0D      	DECFSZ      R13, 1, 0
0x0618	0xD7FE      	BRA         L_main10
0x061A	0x2E0C      	DECFSZ      R12, 1, 0
0x061C	0xD7FC      	BRA         L_main10
0x061E	0x2E0B      	DECFSZ      R11, 1, 0
0x0620	0xD7FA      	BRA         L_main10
0x0622	0x0000      	NOP
0x0624	0x0000      	NOP
;main.c,98 :: 		}
L_main8:
;main.c,99 :: 		}
L_main7:
;main.c,101 :: 		}
0x0626	0xD77F      	BRA         L_main2
;main.c,103 :: 		}
L_end_main:
0x0628	0xD7FF      	BRA         $+0
; end of _main
0x0658	0xF015EE10  	LFSR        1, 21
0x065C	0x0E1C      	MOVLW       28
0x065E	0x6E00      	MOVWF       R0 
0x0660	0x0E01      	MOVLW       1
0x0662	0x6E01      	MOVWF       R1 
0x0664	0x0E2A      	MOVLW       42
0x0666	0x6EF6      	MOVWF       4086 
0x0668	0x0E06      	MOVLW       6
0x066A	0x6EF7      	MOVWF       TBLPTRH 
0x066C	0x0E00      	MOVLW       0
0x066E	0x6EF8      	MOVWF       TBLPTRU 
0x0670	0xF000ECF3  	CALL        486, 0
0x0674	0x0012      	RETURN      0
;main.c,0 :: ?ICS_texto
0x062A	0x554E ;?ICS_texto+0
0x062C	0x5645 ;?ICS_texto+2
0x062E	0x204F ;?ICS_texto+4
0x0630	0x4950 ;?ICS_texto+6
0x0632	0x3143 ;?ICS_texto+8
0x0634	0x4638 ;?ICS_texto+10
0x0636	0x3532 ;?ICS_texto+12
0x0638	0x3035 ;?ICS_texto+14
0x063A	0x00 ;?ICS_texto+16
; end of ?ICS_texto
;main.c,0 :: ?ICS_Velo1
0x063B	0x0032 ;?ICS_Velo1+0
; end of ?ICS_Velo1
;main.c,0 :: ?ICS_txt3
0x063D	0x634C ;?ICS_txt3+0
0x063F	0x3464 ;?ICS_txt3+2
0x0641	0x6962 ;?ICS_txt3+4
0x0643	0x3A74 ;?ICS_txt3+6
0x0645	0x00 ;?ICS_txt3+8
; end of ?ICS_txt3
;main.c,0 :: ?ICS?lstr1_main
0x0646	0x4950 ;?ICS?lstr1_main+0
0x0648	0x2043 ;?ICS?lstr1_main+2
0x064A	0x6520 ;?ICS?lstr1_main+4
0x064C	0x2073 ;?ICS?lstr1_main+6
0x064E	0x616C ;?ICS?lstr1_main+8
0x0650	0x6F20 ;?ICS?lstr1_main+10
0x0652	0x646E ;?ICS?lstr1_main+12
0x0654	0x2161 ;?ICS?lstr1_main+14
0x0656	0x00 ;?ICS?lstr1_main+16
; end of ?ICS?lstr1_main
Symbol List:
//** Routines locations **
//ADDRESS    SIZE    PROCEDURE
//----------------------------------------------
0x001C      [10]    _Delay_50us
0x0026      [22]    _Delay_5500us
0x003C       [6]    _Delay_1us
0x0042      [54]    _Div_16X16_U
0x0078     [126]    _Lcd_Cmd
0x00F6      [80]    _Mul_16X16_U
0x0146      [12]    _Lcd_Chr_CP
0x0152     [148]    _WordToStr
0x01E6      [16]    ___CC2DW
0x01F6     [108]    _PWM1_Set_Duty
0x0262       [8]    _PWM1_Init
0x026A     [122]    _Lcd_Out
0x02E4     [218]    _IntToStr
0x03BE      [10]    _PWM1_Start
0x03C8     [150]    _Lcd_Init
0x045E     [460]    _main
//** Variables locations ** 
//ADDRESS    SIZE    VARIABLE
//----------------------------------------------
0x0000       [1]    R0
0x0001       [1]    R1
0x0001       [1]    ispunct_rslt_L0
0x0002       [2]    memcpy_dd_L0
0x0002       [2]    memchr_s_L0
0x0002       [2]    strlen_cp_L0
0x0002       [1]    R2
0x0002       [2]    memset_pp_L0
0x0003       [2]    memmove_tt_L0
0x0003       [2]    Ltrim_original_L0
0x0003       [1]    R3
0x0004       [1]    R4
0x0004       [2]    memcpy_ss_L0
0x0004       [2]    strncat_cp_L0
0x0004       [2]    frexp_pom_L0
0x0004       [2]    strcat_cp_L0
0x0004       [2]    strncpy_cp_L0
0x0004       [2]    strcpy_cp_L0
0x0005       [1]    R5
0x0005       [2]    memmove_ff_L0
0x0005       [2]    Ltrim_p_L0
0x0005       [2]    LongWordToHex_input_half_L0
0x0005       [2]    LongIntToHex_input_half_L0
0x0006       [1]    R6
0x0007       [1]    R7
0x0008       [1]    R8
0x0009       [1]    R9
0x000A       [1]    R10
0x000B       [1]    R11
0x000C       [1]    R12
0x000D       [1]    R13
0x000E       [1]    R14
0x000F       [1]    R15
0x0010       [1]    R16
0x0011       [1]    R17
0x0012       [1]    R18
0x0013       [1]    R19
0x0014       [1]    R20
0x0015      [17]    _texto
0x0026       [2]    _Velo1
0x0028       [9]    _txt3
0x0031      [20]    _str
0x0045       [0]    __Lib_Lcd_cmd_status
0x0046      [17]    ?lstr1_main
0x0057       [1]    FARG_Lcd_Out_row
0x0057       [1]    FARG_PWM1_Set_Duty_new_duty
0x0057       [4]    FARG_PWM1_Init_PWM_Freq
0x0057       [2]    FARG_IntToStr_input
0x0058       [1]    FARG_Lcd_Out_column
0x0059       [2]    FARG_Lcd_Out_text
0x0059       [2]    FARG_IntToStr_output
0x005B       [1]    Lcd_Out_i_L0
0x005B       [2]    IntToStr_i_L0
0x005D       [2]    IntToStr_negative_L0
0x005F       [1]    FARG_Lcd_Chr_CP_out_char
0x005F       [1]    WordToStr_len_L0
0x0060       [1]    FARG_Lcd_Cmd_out_char
0x0061       [2]    IntToStr_inword_L0
0x0063       [2]    FARG_WordToStr_input
0x0065       [2]    FARG_WordToStr_output
0x0067       [2]    FLOC__WordToStr
0x0F81       [0]    BAJA
0x0F81       [0]    RB5_bit
0x0F81       [0]    SUBE
0x0F81       [0]    RB6_bit
0x0F81       [0]    LCD_D4
0x0F81       [0]    LCD_EN
0x0F81       [0]    LCD_RS
0x0F81       [0]    LCD_D5
0x0F81       [0]    LCD_D7
0x0F81       [0]    RB4_bit
0x0F81       [0]    LCD_D6
0x0F81       [0]    RB1_bit
0x0F81       [0]    RB3_bit
0x0F81       [0]    RB2_bit
0x0F81       [0]    RB7_bit
0x0F81       [0]    RB0_bit
0x0F93       [0]    TRISB1_bit
0x0F93       [0]    TRISB0_bit
0x0F93       [0]    TRISB5_bit
0x0F93       [0]    TRISB6_bit
0x0F93       [0]    TRISB7_bit
0x0F93       [0]    TRISB2_bit
0x0F93       [0]    TRISB3_bit
0x0F93       [0]    TRISB4_bit
0x0F93       [0]    LCD_D4_Direction
0x0F93       [0]    LCD_D7_Direction
0x0F93       [0]    LCD_D6_Direction
0x0F93       [0]    LCD_D5_Direction
0x0F93       [0]    LCD_RS_Direction
0x0F93       [0]    LCD_EN_Direction
0x0F93       [1]    TRISB
0x0F94       [0]    TRISC2_bit
0x0FB4       [1]    CMCON
0x0FBD       [1]    CCP1CON
0x0FBE       [1]    CCPR1L
0x0FC1       [1]    ADCON1
0x0FCA       [1]    T2CON
0x0FCB       [1]    PR2
0x0FD8       [1]    STATUS
0x0FD9       [1]    FSR2L
0x0FDA       [1]    FSR2H
0x0FDE       [1]    POSTINC2
0x0FE0       [1]    BSR
0x0FE1       [1]    FSR1L
0x0FE2       [1]    FSR1H
0x0FE4       [1]    PREINC1
0x0FE6       [1]    POSTINC1
0x0FE7       [1]    INDF1
0x0FE8       [1]    WREG
0x0FE9       [1]    FSR0L
0x0FEA       [1]    FSR0H
0x0FEE       [1]    POSTINC0
0x0FF3       [1]    PRODL
0x0FF4       [1]    PRODH
0x0FF5       [1]    TABLAT
0x0FF6       [1]    TBLPTRL
0x0FF7       [1]    TBLPTRH
0x0FF8       [1]    TBLPTRU
//** Constants locations ** 
//ADDRESS    SIZE    CONSTANT
//----------------------------------------------
0x062A      [17]    ?ICS_texto
0x063B       [2]    ?ICS_Velo1
0x063D       [9]    ?ICS_txt3
0x0646      [17]    ?ICS?lstr1_main
