;  LST file generated by mikroListExporter - v.2.0 
; Date/Time: 26/5/2025 16:59:03
;----------------------------------------------

;Address Opcode 	ASM
0x0000	0xF001EF5C  	GOTO        696
0x0004	0x0000      	NOP
0x0006	0x0000      	NOP
0x0008	0xF000EF00  	GOTO        0
0x000C	0x0000      	NOP
0x000E	0x0000      	NOP
0x0010	0x0000      	NOP
0x0012	0x0000      	NOP
0x0014	0x0000      	NOP
0x0016	0x0000      	NOP
0x0018	0xD7F3      	BRA         0
_Delay_1us:
0x001C	0x0000      	NOP
0x001E	0x0000      	NOP
L_end_Delay_1us:
0x0020	0x0012      	RETURN      0
; end of _Delay_1us
_Delay_5500us:
0x0022	0x0E0F      	MOVLW       15
0x0024	0x6E0C      	MOVWF       R12, 0
0x0026	0x0E47      	MOVLW       71
0x0028	0x6E0D      	MOVWF       R13, 0
L_Delay_5500us5:
0x002A	0x2E0D      	DECFSZ      R13, 1, 0
0x002C	0xD7FE      	BRA         L_Delay_5500us5
0x002E	0x2E0C      	DECFSZ      R12, 1, 0
0x0030	0xD7FC      	BRA         L_Delay_5500us5
0x0032	0x0000      	NOP
0x0034	0x0000      	NOP
L_end_Delay_5500us:
0x0036	0x0012      	RETURN      0
; end of _Delay_5500us
_Delay_50us:
0x0038	0x0E21      	MOVLW       33
0x003A	0x6E0D      	MOVWF       R13, 0
L_Delay_50us2:
0x003C	0x2E0D      	DECFSZ      R13, 1, 0
0x003E	0xD7FE      	BRA         L_Delay_50us2
L_end_Delay_50us:
0x0040	0x0012      	RETURN      0
; end of _Delay_50us
_Lcd_Cmd:
0x0042	0xBE48      	BTFSC       FARG_Lcd_Cmd_out_char, 7 
0x0044	0xD002      	BRA         L__Lcd_Cmd21
0x0046	0x9681      	BCF         LCD_D7, BitPos(LCD_D7+0) 
0x0048	0xD001      	BRA         L__Lcd_Cmd22
L__Lcd_Cmd21:
0x004A	0x8681      	BSF         LCD_D7, BitPos(LCD_D7+0) 
L__Lcd_Cmd22:
0x004C	0xBC48      	BTFSC       FARG_Lcd_Cmd_out_char, 6 
0x004E	0xD002      	BRA         L__Lcd_Cmd23
0x0050	0x9481      	BCF         LCD_D6, BitPos(LCD_D6+0) 
0x0052	0xD001      	BRA         L__Lcd_Cmd24
L__Lcd_Cmd23:
0x0054	0x8481      	BSF         LCD_D6, BitPos(LCD_D6+0) 
L__Lcd_Cmd24:
0x0056	0xBA48      	BTFSC       FARG_Lcd_Cmd_out_char, 5 
0x0058	0xD002      	BRA         L__Lcd_Cmd25
0x005A	0x9281      	BCF         LCD_D5, BitPos(LCD_D5+0) 
0x005C	0xD001      	BRA         L__Lcd_Cmd26
L__Lcd_Cmd25:
0x005E	0x8281      	BSF         LCD_D5, BitPos(LCD_D5+0) 
L__Lcd_Cmd26:
0x0060	0xB848      	BTFSC       FARG_Lcd_Cmd_out_char, 4 
0x0062	0xD002      	BRA         L__Lcd_Cmd27
0x0064	0x9081      	BCF         LCD_D4, BitPos(LCD_D4+0) 
0x0066	0xD001      	BRA         L__Lcd_Cmd28
L__Lcd_Cmd27:
0x0068	0x8081      	BSF         LCD_D4, BitPos(LCD_D4+0) 
L__Lcd_Cmd28:
0x006A	0xB030      	BTFSC       __Lib_Lcd_cmd_status, BitPos(__Lib_Lcd_cmd_status+0) 
0x006C	0xD002      	BRA         L__Lcd_Cmd29
0x006E	0x8881      	BSF         LCD_RS, BitPos(LCD_RS+0) 
0x0070	0xD001      	BRA         L__Lcd_Cmd30
L__Lcd_Cmd29:
0x0072	0x9881      	BCF         LCD_RS, BitPos(LCD_RS+0) 
L__Lcd_Cmd30:
0x0074	0x8A81      	BSF         LCD_EN, BitPos(LCD_EN+0) 
0x0076	0xDFD2      	RCALL       _Delay_1us
0x0078	0x9A81      	BCF         LCD_EN, BitPos(LCD_EN+0) 
0x007A	0xB648      	BTFSC       FARG_Lcd_Cmd_out_char, 3 
0x007C	0xD002      	BRA         L__Lcd_Cmd31
0x007E	0x9681      	BCF         LCD_D7, BitPos(LCD_D7+0) 
0x0080	0xD001      	BRA         L__Lcd_Cmd32
L__Lcd_Cmd31:
0x0082	0x8681      	BSF         LCD_D7, BitPos(LCD_D7+0) 
L__Lcd_Cmd32:
0x0084	0xB448      	BTFSC       FARG_Lcd_Cmd_out_char, 2 
0x0086	0xD002      	BRA         L__Lcd_Cmd33
0x0088	0x9481      	BCF         LCD_D6, BitPos(LCD_D6+0) 
0x008A	0xD001      	BRA         L__Lcd_Cmd34
L__Lcd_Cmd33:
0x008C	0x8481      	BSF         LCD_D6, BitPos(LCD_D6+0) 
L__Lcd_Cmd34:
0x008E	0xB248      	BTFSC       FARG_Lcd_Cmd_out_char, 1 
0x0090	0xD002      	BRA         L__Lcd_Cmd35
0x0092	0x9281      	BCF         LCD_D5, BitPos(LCD_D5+0) 
0x0094	0xD001      	BRA         L__Lcd_Cmd36
L__Lcd_Cmd35:
0x0096	0x8281      	BSF         LCD_D5, BitPos(LCD_D5+0) 
L__Lcd_Cmd36:
0x0098	0xB048      	BTFSC       FARG_Lcd_Cmd_out_char, 0 
0x009A	0xD002      	BRA         L__Lcd_Cmd37
0x009C	0x9081      	BCF         LCD_D4, BitPos(LCD_D4+0) 
0x009E	0xD001      	BRA         L__Lcd_Cmd38
L__Lcd_Cmd37:
0x00A0	0x8081      	BSF         LCD_D4, BitPos(LCD_D4+0) 
L__Lcd_Cmd38:
0x00A2	0xB030      	BTFSC       __Lib_Lcd_cmd_status, BitPos(__Lib_Lcd_cmd_status+0) 
0x00A4	0xD002      	BRA         L__Lcd_Cmd39
0x00A6	0x8881      	BSF         LCD_RS, BitPos(LCD_RS+0) 
0x00A8	0xD001      	BRA         L__Lcd_Cmd40
L__Lcd_Cmd39:
0x00AA	0x9881      	BCF         LCD_RS, BitPos(LCD_RS+0) 
L__Lcd_Cmd40:
0x00AC	0x8A81      	BSF         LCD_EN, BitPos(LCD_EN+0) 
0x00AE	0xDFB6      	RCALL       _Delay_1us
0x00B0	0x9A81      	BCF         LCD_EN, BitPos(LCD_EN+0) 
0x00B2	0xA030      	BTFSS       __Lib_Lcd_cmd_status, BitPos(__Lib_Lcd_cmd_status+0) 
0x00B4	0xD002      	BRA         L_Lcd_Cmd0
0x00B6	0xDFB5      	RCALL       _Delay_5500us
0x00B8	0xD001      	BRA         L_Lcd_Cmd1
L_Lcd_Cmd0:
0x00BA	0xDFBE      	RCALL       _Delay_50us
L_Lcd_Cmd1:
L_end_Lcd_Cmd:
0x00BC	0x0012      	RETURN      0
; end of _Lcd_Cmd
_Mul_16X16_U:
0x00BE	0x6A0B      	CLRF        R11, 0
0x00C0	0x6A0A      	CLRF        R10, 0
0x00C2	0x6A09      	CLRF        R9, 0
0x00C4	0x5000      	MOVF        R0, 0, 0
0x00C6	0x0204      	MULWF       R4, 0
0x00C8	0xF009CFF4  	MOVFF       PRODH, R9
0x00CC	0xF008CFF3  	MOVFF       PRODL, R8
0x00D0	0x5001      	MOVF        R1, 0, 0
0x00D2	0x0205      	MULWF       R5, 0
0x00D4	0xF00BCFF4  	MOVFF       PRODH, R11
0x00D8	0xF00ACFF3  	MOVFF       PRODL, R10
0x00DC	0x5000      	MOVF        R0, 0, 0
0x00DE	0x0205      	MULWF       R5, 0
0x00E0	0x50F3      	MOVF        PRODL, 0, 0
0x00E2	0x2609      	ADDWF       R9, 1, 0
0x00E4	0x50F4      	MOVF        PRODH, 0, 0
0x00E6	0x220A      	ADDWFC      R10, 1, 0
0x00E8	0x6AE8      	CLRF        WREG, 0
0x00EA	0x220B      	ADDWFC      R11, 1, 0
0x00EC	0x5001      	MOVF        R1, 0, 0
0x00EE	0x0204      	MULWF       R4, 0
0x00F0	0x50F3      	MOVF        PRODL, 0, 0
0x00F2	0x2609      	ADDWF       R9, 1, 0
0x00F4	0x50F4      	MOVF        PRODH, 0, 0
0x00F6	0x220A      	ADDWFC      R10, 1, 0
0x00F8	0x6AE8      	CLRF        WREG, 0
0x00FA	0x220B      	ADDWFC      R11, 1, 0
0x00FC	0xF000C008  	MOVFF       R8, R0
0x0100	0xF001C009  	MOVFF       R9, R1
0x0104	0xF002C00A  	MOVFF       R10, R2
0x0108	0xF003C00B  	MOVFF       R11, R3
L_end_Mul_16X16_U:
0x010C	0x0012      	RETURN      0
; end of _Mul_16X16_U
_Lcd_Chr_CP:
0x010E	0x9030      	BCF         __Lib_Lcd_cmd_status, BitPos(__Lib_Lcd_cmd_status+0) 
0x0110	0xF048C047  	MOVFF       FARG_Lcd_Chr_CP_out_char, FARG_Lcd_Cmd_out_char
0x0114	0xDF96      	RCALL       _Lcd_Cmd
0x0116	0x8030      	BSF         __Lib_Lcd_cmd_status, BitPos(__Lib_Lcd_cmd_status+0) 
L_end_Lcd_Chr_CP:
0x0118	0x0012      	RETURN      0
; end of _Lcd_Chr_CP
_Lcd_Out:
0x011A	0xD00F      	BRA         L_Lcd_Out11
L_Lcd_Out13:
0x011C	0x0E80      	MOVLW       128
0x011E	0x6E42      	MOVWF       FARG_Lcd_Out_row 
0x0120	0xD019      	BRA         L_Lcd_Out12
L_Lcd_Out14:
0x0122	0x0EC0      	MOVLW       192
0x0124	0x6E42      	MOVWF       FARG_Lcd_Out_row 
0x0126	0xD016      	BRA         L_Lcd_Out12
L_Lcd_Out15:
0x0128	0x0E94      	MOVLW       148
0x012A	0x6E42      	MOVWF       FARG_Lcd_Out_row 
0x012C	0xD013      	BRA         L_Lcd_Out12
L_Lcd_Out16:
0x012E	0x0ED4      	MOVLW       212
0x0130	0x6E42      	MOVWF       FARG_Lcd_Out_row 
0x0132	0xD010      	BRA         L_Lcd_Out12
L_Lcd_Out17:
0x0134	0x0E80      	MOVLW       128
0x0136	0x6E42      	MOVWF       FARG_Lcd_Out_row 
0x0138	0xD00D      	BRA         L_Lcd_Out12
L_Lcd_Out11:
0x013A	0x5042      	MOVF        FARG_Lcd_Out_row, 0 
0x013C	0x0A01      	XORLW       1
0x013E	0xE0EE      	BZ          L_Lcd_Out13
0x0140	0x5042      	MOVF        FARG_Lcd_Out_row, 0 
0x0142	0x0A02      	XORLW       2
0x0144	0xE0EE      	BZ          L_Lcd_Out14
0x0146	0x5042      	MOVF        FARG_Lcd_Out_row, 0 
0x0148	0x0A03      	XORLW       3
0x014A	0xE0EE      	BZ          L_Lcd_Out15
0x014C	0x5042      	MOVF        FARG_Lcd_Out_row, 0 
0x014E	0x0A04      	XORLW       4
0x0150	0xE0EE      	BZ          L_Lcd_Out16
0x0152	0xD7F0      	BRA         L_Lcd_Out17
L_Lcd_Out12:
0x0154	0x0443      	DECF        FARG_Lcd_Out_column, 0 
0x0156	0x6E00      	MOVWF       R0 
0x0158	0x5042      	MOVF        FARG_Lcd_Out_row, 0 
0x015A	0x2600      	ADDWF       R0, 1 
0x015C	0xF042C000  	MOVFF       R0, FARG_Lcd_Out_row
0x0160	0xF048C000  	MOVFF       R0, FARG_Lcd_Cmd_out_char
0x0164	0xDF6E      	RCALL       _Lcd_Cmd
0x0166	0x9030      	BCF         __Lib_Lcd_cmd_status, BitPos(__Lib_Lcd_cmd_status+0) 
0x0168	0x6A46      	CLRF        Lcd_Out_i_L0 
L_Lcd_Out18:
0x016A	0x5046      	MOVF        Lcd_Out_i_L0, 0 
0x016C	0x2444      	ADDWF       FARG_Lcd_Out_text, 0 
0x016E	0x6EE9      	MOVWF       FSR0L 
0x0170	0x0E00      	MOVLW       0
0x0172	0x2045      	ADDWFC      FARG_Lcd_Out_text+1, 0 
0x0174	0x6EEA      	MOVWF       FSR0H 
0x0176	0x52EE      	MOVF        POSTINC0, 1 
0x0178	0xE00B      	BZ          L_Lcd_Out19
0x017A	0x5046      	MOVF        Lcd_Out_i_L0, 0 
0x017C	0x2444      	ADDWF       FARG_Lcd_Out_text, 0 
0x017E	0x6EE9      	MOVWF       FSR0L 
0x0180	0x0E00      	MOVLW       0
0x0182	0x2045      	ADDWFC      FARG_Lcd_Out_text+1, 0 
0x0184	0x6EEA      	MOVWF       FSR0H 
0x0186	0xF047CFEE  	MOVFF       POSTINC0, FARG_Lcd_Chr_CP_out_char
0x018A	0xDFC1      	RCALL       _Lcd_Chr_CP
0x018C	0x2A46      	INCF        Lcd_Out_i_L0, 1 
0x018E	0xD7ED      	BRA         L_Lcd_Out18
L_Lcd_Out19:
0x0190	0x8030      	BSF         __Lib_Lcd_cmd_status, BitPos(__Lib_Lcd_cmd_status+0) 
L_end_Lcd_Out:
0x0192	0x0012      	RETURN      0
; end of _Lcd_Out
___CC2DW:
_CC2DL_Loop1:
0x0194	0x0009      	TBLRD*+
0x0196	0xFFE6CFF5  	MOVFF       TABLAT, POSTINC1
0x019A	0x0600      	DECF        R0, 1, 0
0x019C	0xE1FB      	BNZ         _CC2DL_Loop1
0x019E	0x0601      	DECF        R1, 1, 0
0x01A0	0xE1F9      	BNZ         _CC2DL_Loop1
L_end___CC2DW:
0x01A2	0x0012      	RETURN      0
; end of ___CC2DW
_PWM1_Init:
0x01A4	0x6ABE      	CLRF        CCPR1L 
0x01A6	0x98BD      	BCF         CCP1CON, 4 
0x01A8	0x9ABD      	BCF         CCP1CON, 5 
L_end_PWM1_Init:
0x01AA	0x0012      	RETURN      0
; end of _PWM1_Init
_PWM1_Set_Duty:
0x01AC	0x50CB      	MOVF        PR2, 0 
0x01AE	0x0F01      	ADDLW       1
0x01B0	0x6E00      	MOVWF       R0 
0x01B2	0x6A01      	CLRF        R1 
0x01B4	0x0E00      	MOVLW       0
0x01B6	0x2201      	ADDWFC      R1, 1 
0x01B8	0xF004C042  	MOVFF       FARG_PWM1_Set_Duty_new_duty, R4
0x01BC	0x0E00      	MOVLW       0
0x01BE	0x6E05      	MOVWF       R5 
0x01C0	0xDF7E      	RCALL       _Mul_16X16_U
0x01C2	0x0E06      	MOVLW       6
0x01C4	0x6E02      	MOVWF       R2 
0x01C6	0xF004C000  	MOVFF       R0, R4
0x01CA	0xF005C001  	MOVFF       R1, R5
0x01CE	0x5002      	MOVF        R2, 0 
L__PWM1_Set_Duty10:
0x01D0	0xE005      	BZ          L__PWM1_Set_Duty11
0x01D2	0x3205      	RRCF        R5, 1 
0x01D4	0x3204      	RRCF        R4, 1 
0x01D6	0x9E05      	BCF         R5, 7 
0x01D8	0x0FFF      	ADDLW       255
0x01DA	0xD7FA      	BRA         L__PWM1_Set_Duty10
L__PWM1_Set_Duty11:
0x01DC	0x0E04      	MOVLW       4
0x01DE	0x6E01      	MOVWF       R1 
0x01E0	0xF000C004  	MOVFF       R4, R0
0x01E4	0x5001      	MOVF        R1, 0 
L__PWM1_Set_Duty12:
0x01E6	0xE004      	BZ          L__PWM1_Set_Duty13
0x01E8	0x3600      	RLCF        R0, 1 
0x01EA	0x9000      	BCF         R0, 0 
0x01EC	0x0FFF      	ADDLW       255
0x01EE	0xD7FB      	BRA         L__PWM1_Set_Duty12
L__PWM1_Set_Duty13:
0x01F0	0x0E30      	MOVLW       48
0x01F2	0x1400      	ANDWF       R0, 0 
0x01F4	0x6E03      	MOVWF       R3 
0x01F6	0xF000C004  	MOVFF       R4, R0
0x01FA	0xF001C005  	MOVFF       R5, R1
0x01FE	0x3201      	RRCF        R1, 1 
0x0200	0x3200      	RRCF        R0, 1 
0x0202	0x9E01      	BCF         R1, 7 
0x0204	0x3201      	RRCF        R1, 1 
0x0206	0x3200      	RRCF        R0, 1 
0x0208	0x9E01      	BCF         R1, 7 
0x020A	0xFFBEC000  	MOVFF       R0, CCPR1L
0x020E	0x0E0F      	MOVLW       15
0x0210	0x16BD      	ANDWF       CCP1CON, 1 
0x0212	0x5003      	MOVF        R3, 0 
0x0214	0x12BD      	IORWF       CCP1CON, 1 
L_end_PWM1_Set_Duty:
0x0216	0x0012      	RETURN      0
; end of _PWM1_Set_Duty
_Lcd_Init:
0x0218	0x9A93      	BCF         LCD_EN_Direction, BitPos(LCD_EN_Direction+0) 
0x021A	0x9893      	BCF         LCD_RS_Direction, BitPos(LCD_RS_Direction+0) 
0x021C	0x9093      	BCF         LCD_D4_Direction, BitPos(LCD_D4_Direction+0) 
0x021E	0x9293      	BCF         LCD_D5_Direction, BitPos(LCD_D5_Direction+0) 
0x0220	0x9493      	BCF         LCD_D6_Direction, BitPos(LCD_D6_Direction+0) 
0x0222	0x9693      	BCF         LCD_D7_Direction, BitPos(LCD_D7_Direction+0) 
0x0224	0x9A81      	BCF         LCD_EN, BitPos(LCD_EN+0) 
0x0226	0x9881      	BCF         LCD_RS, BitPos(LCD_RS+0) 
0x0228	0x9681      	BCF         LCD_D7, BitPos(LCD_D7+0) 
0x022A	0x9481      	BCF         LCD_D6, BitPos(LCD_D6+0) 
0x022C	0x9281      	BCF         LCD_D5, BitPos(LCD_D5+0) 
0x022E	0x9081      	BCF         LCD_D4, BitPos(LCD_D4+0) 
0x0230	0xDEF8      	RCALL       _Delay_5500us
0x0232	0xDEF7      	RCALL       _Delay_5500us
0x0234	0xDEF6      	RCALL       _Delay_5500us
0x0236	0x8281      	BSF         LCD_D5, BitPos(LCD_D5+0) 
0x0238	0x8081      	BSF         LCD_D4, BitPos(LCD_D4+0) 
0x023A	0x8A81      	BSF         LCD_EN, BitPos(LCD_EN+0) 
0x023C	0xDEEF      	RCALL       _Delay_1us
0x023E	0x9A81      	BCF         LCD_EN, BitPos(LCD_EN+0) 
0x0240	0xDEF0      	RCALL       _Delay_5500us
0x0242	0x8A81      	BSF         LCD_EN, BitPos(LCD_EN+0) 
0x0244	0xDEEB      	RCALL       _Delay_1us
0x0246	0x9A81      	BCF         LCD_EN, BitPos(LCD_EN+0) 
0x0248	0xDEEC      	RCALL       _Delay_5500us
0x024A	0x8A81      	BSF         LCD_EN, BitPos(LCD_EN+0) 
0x024C	0xDEE7      	RCALL       _Delay_1us
0x024E	0x9A81      	BCF         LCD_EN, BitPos(LCD_EN+0) 
0x0250	0xDEE8      	RCALL       _Delay_5500us
0x0252	0x9081      	BCF         LCD_D4, BitPos(LCD_D4+0) 
0x0254	0x8A81      	BSF         LCD_EN, BitPos(LCD_EN+0) 
0x0256	0xDEE2      	RCALL       _Delay_1us
0x0258	0x9A81      	BCF         LCD_EN, BitPos(LCD_EN+0) 
0x025A	0xDEE3      	RCALL       _Delay_5500us
0x025C	0x8A81      	BSF         LCD_EN, BitPos(LCD_EN+0) 
0x025E	0xDEDE      	RCALL       _Delay_1us
0x0260	0x9A81      	BCF         LCD_EN, BitPos(LCD_EN+0) 
0x0262	0x9281      	BCF         LCD_D5, BitPos(LCD_D5+0) 
0x0264	0x8681      	BSF         LCD_D7, BitPos(LCD_D7+0) 
0x0266	0x8A81      	BSF         LCD_EN, BitPos(LCD_EN+0) 
0x0268	0xDED9      	RCALL       _Delay_1us
0x026A	0x9A81      	BCF         LCD_EN, BitPos(LCD_EN+0) 
0x026C	0xDEDA      	RCALL       _Delay_5500us
0x026E	0x9681      	BCF         LCD_D7, BitPos(LCD_D7+0) 
0x0270	0x8081      	BSF         LCD_D4, BitPos(LCD_D4+0) 
0x0272	0x8A81      	BSF         LCD_EN, BitPos(LCD_EN+0) 
0x0274	0xDED3      	RCALL       _Delay_1us
0x0276	0x9A81      	BCF         LCD_EN, BitPos(LCD_EN+0) 
0x0278	0x9081      	BCF         LCD_D4, BitPos(LCD_D4+0) 
0x027A	0x8A81      	BSF         LCD_EN, BitPos(LCD_EN+0) 
0x027C	0xDECF      	RCALL       _Delay_1us
0x027E	0x9A81      	BCF         LCD_EN, BitPos(LCD_EN+0) 
0x0280	0xDED0      	RCALL       _Delay_5500us
0x0282	0x8A81      	BSF         LCD_EN, BitPos(LCD_EN+0) 
0x0284	0xDECB      	RCALL       _Delay_1us
0x0286	0x9A81      	BCF         LCD_EN, BitPos(LCD_EN+0) 
0x0288	0x8081      	BSF         LCD_D4, BitPos(LCD_D4+0) 
0x028A	0x8A81      	BSF         LCD_EN, BitPos(LCD_EN+0) 
0x028C	0xDEC7      	RCALL       _Delay_1us
0x028E	0x9A81      	BCF         LCD_EN, BitPos(LCD_EN+0) 
0x0290	0xDEC8      	RCALL       _Delay_5500us
0x0292	0x9081      	BCF         LCD_D4, BitPos(LCD_D4+0) 
0x0294	0x8A81      	BSF         LCD_EN, BitPos(LCD_EN+0) 
0x0296	0xDEC2      	RCALL       _Delay_1us
0x0298	0x9A81      	BCF         LCD_EN, BitPos(LCD_EN+0) 
0x029A	0x8681      	BSF         LCD_D7, BitPos(LCD_D7+0) 
0x029C	0x8481      	BSF         LCD_D6, BitPos(LCD_D6+0) 
0x029E	0x8281      	BSF         LCD_D5, BitPos(LCD_D5+0) 
0x02A0	0x8081      	BSF         LCD_D4, BitPos(LCD_D4+0) 
0x02A2	0x8A81      	BSF         LCD_EN, BitPos(LCD_EN+0) 
0x02A4	0xDEBB      	RCALL       _Delay_1us
0x02A6	0x9A81      	BCF         LCD_EN, BitPos(LCD_EN+0) 
0x02A8	0xDEBC      	RCALL       _Delay_5500us
0x02AA	0x8030      	BSF         __Lib_Lcd_cmd_status, BitPos(__Lib_Lcd_cmd_status+0) 
L_end_Lcd_Init:
0x02AC	0x0012      	RETURN      0
; end of _Lcd_Init
_PWM1_Start:
0x02AE	0x9494      	BCF         TRISC2_bit, BitPos(TRISC2_bit+0) 
0x02B0	0x84CA      	BSF         T2CON, 2 
0x02B2	0x0E0C      	MOVLW       12
0x02B4	0x12BD      	IORWF       CCP1CON, 1 
L_end_PWM1_Start:
0x02B6	0x0012      	RETURN      0
; end of _PWM1_Start
_main:
0x02B8	0xF002EC21  	CALL        1090, 0
0x02BC	0x0E0F      	MOVLW       15
0x02BE	0x12C1      	IORWF       ADCON1, 1 
0x02C0	0x0E07      	MOVLW       7
0x02C2	0x12B4      	IORWF       CMCON, 1 
0x02C4	0x6A93      	CLRF        TRISB 
0x02C6	0x8C93      	BSF         TRISB6_bit, BitPos(TRISB6_bit+0) 
0x02C8	0x8E93      	BSF         TRISB7_bit, BitPos(TRISB7_bit+0) 
0x02CA	0x9494      	BCF         TRISC2_bit, BitPos(TRISC2_bit+0) 
0x02CC	0x80CA      	BSF         T2CON, 0, 0
0x02CE	0x92CA      	BCF         T2CON, 1, 0
0x02D0	0x0E63      	MOVLW       99
0x02D2	0x6ECB      	MOVWF       PR2, 0
0x02D4	0xDF67      	RCALL       _PWM1_Init
0x02D6	0xF042C01D  	MOVFF       _Velo1, FARG_PWM1_Set_Duty_new_duty
0x02DA	0xDF68      	RCALL       _PWM1_Set_Duty
0x02DC	0xDFE8      	RCALL       _PWM1_Start
0x02DE	0xDF9C      	RCALL       _Lcd_Init
0x02E0	0x0E27      	MOVLW       39
0x02E2	0x6E0C      	MOVWF       R12, 0
0x02E4	0x0EF5      	MOVLW       245
0x02E6	0x6E0D      	MOVWF       R13, 0
L_main0:
0x02E8	0x2E0D      	DECFSZ      R13, 1, 0
0x02EA	0xD7FE      	BRA         L_main0
0x02EC	0x2E0C      	DECFSZ      R12, 1, 0
0x02EE	0xD7FC      	BRA         L_main0
0x02F0	0x0E01      	MOVLW       1
0x02F2	0x6E48      	MOVWF       FARG_Lcd_Cmd_out_char 
0x02F4	0xDEA6      	RCALL       _Lcd_Cmd
0x02F6	0x0E0C      	MOVLW       12
0x02F8	0x6E48      	MOVWF       FARG_Lcd_Cmd_out_char 
0x02FA	0xDEA3      	RCALL       _Lcd_Cmd
0x02FC	0x0E01      	MOVLW       1
0x02FE	0x6E42      	MOVWF       FARG_Lcd_Out_row 
0x0300	0x0E06      	MOVLW       6
0x0302	0x6E43      	MOVWF       FARG_Lcd_Out_column 
0x0304	0x0E15      	MOVLW       _txt3
0x0306	0x6E44      	MOVWF       FARG_Lcd_Out_text 
0x0308	0x0E00      	MOVLW       hi_addr(_txt3)
0x030A	0x6E45      	MOVWF       FARG_Lcd_Out_text+1 
0x030C	0xDF06      	RCALL       _Lcd_Out
0x030E	0x0E02      	MOVLW       2
0x0310	0x6E42      	MOVWF       FARG_Lcd_Out_row 
0x0312	0x0E01      	MOVLW       1
0x0314	0x6E43      	MOVWF       FARG_Lcd_Out_column 
0x0316	0x0E31      	MOVLW       ?ICS?lstr1_main
0x0318	0x6EF6      	MOVWF       4086 
0x031A	0x0E04      	MOVLW       hi_addr(?ICS?lstr1_main)
0x031C	0x6EF7      	MOVWF       TBLPTRH 
0x031E	0x0E00      	MOVLW       higher_addr(?ICS?lstr1_main)
0x0320	0x6EF8      	MOVWF       TBLPTRU 
0x0322	0x0E31      	MOVLW       ?lstr1_main
0x0324	0x6EE1      	MOVWF       FSR1L 
0x0326	0x0E00      	MOVLW       hi_addr(?lstr1_main)
0x0328	0x6EE2      	MOVWF       FSR1H 
0x032A	0x0E11      	MOVLW       17
0x032C	0x6E00      	MOVWF       R0 
0x032E	0x0E01      	MOVLW       1
0x0330	0x6E01      	MOVWF       R1 
0x0332	0xDF30      	RCALL       ___CC2DW
0x0334	0x0E31      	MOVLW       ?lstr1_main
0x0336	0x6E44      	MOVWF       FARG_Lcd_Out_text 
0x0338	0x0E00      	MOVLW       hi_addr(?lstr1_main)
0x033A	0x6E45      	MOVWF       FARG_Lcd_Out_text+1 
0x033C	0xDEEE      	RCALL       _Lcd_Out
0x033E	0x0E06      	MOVLW       6
0x0340	0x6E0B      	MOVWF       R11, 0
0x0342	0x0E13      	MOVLW       19
0x0344	0x6E0C      	MOVWF       R12, 0
0x0346	0x0EAD      	MOVLW       173
0x0348	0x6E0D      	MOVWF       R13, 0
L_main1:
0x034A	0x2E0D      	DECFSZ      R13, 1, 0
0x034C	0xD7FE      	BRA         L_main1
0x034E	0x2E0C      	DECFSZ      R12, 1, 0
0x0350	0xD7FC      	BRA         L_main1
0x0352	0x2E0B      	DECFSZ      R11, 1, 0
0x0354	0xD7FA      	BRA         L_main1
0x0356	0x0000      	NOP
0x0358	0x0000      	NOP
L_main2:
0x035A	0x0E02      	MOVLW       2
0x035C	0x6E42      	MOVWF       FARG_Lcd_Out_row 
0x035E	0x0E01      	MOVLW       1
0x0360	0x6E43      	MOVWF       FARG_Lcd_Out_column 
0x0362	0x0E1F      	MOVLW       _texto
0x0364	0x6E44      	MOVWF       FARG_Lcd_Out_text 
0x0366	0x0E00      	MOVLW       hi_addr(_texto)
0x0368	0x6E45      	MOVWF       FARG_Lcd_Out_text+1 
0x036A	0xDED7      	RCALL       _Lcd_Out
0x036C	0xBC81      	BTFSC       RB6_bit, BitPos(RB6_bit+0) 
0x036E	0xD029      	BRA         L_main4
0x0370	0x0E0A      	MOVLW       10
0x0372	0x241D      	ADDWF       _Velo1, 0 
0x0374	0x6E01      	MOVWF       R1 
0x0376	0x0E00      	MOVLW       0
0x0378	0x201E      	ADDWFC      _Velo1+1, 0 
0x037A	0x6E02      	MOVWF       R2 
0x037C	0xF01DC001  	MOVFF       R1, _Velo1
0x0380	0xF01EC002  	MOVFF       R2, _Velo1+1
0x0384	0x0E80      	MOVLW       128
0x0386	0x1802      	XORWF       R2, 0 
0x0388	0x6E00      	MOVWF       R0 
0x038A	0x0E80      	MOVLW       128
0x038C	0x5C00      	SUBWF       R0, 0 
0x038E	0xE102      	BNZ         L__main12
0x0390	0x0EFF      	MOVLW       255
0x0392	0x5C01      	SUBWF       R1, 0 
L__main12:
0x0394	0xE304      	BNC         L_main5
0x0396	0x0EFF      	MOVLW       255
0x0398	0x6E1D      	MOVWF       _Velo1 
0x039A	0x0E00      	MOVLW       0
0x039C	0x6E1E      	MOVWF       _Velo1+1 
L_main5:
0x039E	0xF042C01D  	MOVFF       _Velo1, FARG_PWM1_Set_Duty_new_duty
0x03A2	0xDF04      	RCALL       _PWM1_Set_Duty
0x03A4	0x0E03      	MOVLW       3
0x03A6	0x6E0B      	MOVWF       R11, 0
0x03A8	0x0E8A      	MOVLW       138
0x03AA	0x6E0C      	MOVWF       R12, 0
0x03AC	0x0E55      	MOVLW       85
0x03AE	0x6E0D      	MOVWF       R13, 0
L_main6:
0x03B0	0x2E0D      	DECFSZ      R13, 1, 0
0x03B2	0xD7FE      	BRA         L_main6
0x03B4	0x2E0C      	DECFSZ      R12, 1, 0
0x03B6	0xD7FC      	BRA         L_main6
0x03B8	0x2E0B      	DECFSZ      R11, 1, 0
0x03BA	0xD7FA      	BRA         L_main6
0x03BC	0x0000      	NOP
0x03BE	0x0000      	NOP
0x03C0	0xD028      	BRA         L_main7
L_main4:
0x03C2	0xBE81      	BTFSC       RB7_bit, BitPos(RB7_bit+0) 
0x03C4	0xD026      	BRA         L_main8
0x03C6	0x0E0A      	MOVLW       10
0x03C8	0x5C1D      	SUBWF       _Velo1, 0 
0x03CA	0x6E01      	MOVWF       R1 
0x03CC	0x0E00      	MOVLW       0
0x03CE	0x581E      	SUBWFB      _Velo1+1, 0 
0x03D0	0x6E02      	MOVWF       R2 
0x03D2	0xF01DC001  	MOVFF       R1, _Velo1
0x03D6	0xF01EC002  	MOVFF       R2, _Velo1+1
0x03DA	0x0E80      	MOVLW       128
0x03DC	0x6E00      	MOVWF       R0 
0x03DE	0x0E80      	MOVLW       128
0x03E0	0x1802      	XORWF       R2, 0 
0x03E2	0x5C00      	SUBWF       R0, 0 
0x03E4	0xE102      	BNZ         L__main13
0x03E6	0x5001      	MOVF        R1, 0 
0x03E8	0x0800      	SUBLW       0
L__main13:
0x03EA	0xE302      	BNC         L_main9
0x03EC	0x6A1D      	CLRF        _Velo1 
0x03EE	0x6A1E      	CLRF        _Velo1+1 
L_main9:
0x03F0	0xF042C01D  	MOVFF       _Velo1, FARG_PWM1_Set_Duty_new_duty
0x03F4	0xDEDB      	RCALL       _PWM1_Set_Duty
0x03F6	0x0E03      	MOVLW       3
0x03F8	0x6E0B      	MOVWF       R11, 0
0x03FA	0x0E8A      	MOVLW       138
0x03FC	0x6E0C      	MOVWF       R12, 0
0x03FE	0x0E55      	MOVLW       85
0x0400	0x6E0D      	MOVWF       R13, 0
L_main10:
0x0402	0x2E0D      	DECFSZ      R13, 1, 0
0x0404	0xD7FE      	BRA         L_main10
0x0406	0x2E0C      	DECFSZ      R12, 1, 0
0x0408	0xD7FC      	BRA         L_main10
0x040A	0x2E0B      	DECFSZ      R11, 1, 0
0x040C	0xD7FA      	BRA         L_main10
0x040E	0x0000      	NOP
0x0410	0x0000      	NOP
L_main8:
L_main7:
0x0412	0xD7A3      	BRA         L_main2
L_end_main:
0x0414	0xD7FF      	BRA         $+0
; end of _main
0x0442	0xF015EE10  	LFSR        1, 21
0x0446	0x0E1B      	MOVLW       27
0x0448	0x6E00      	MOVWF       R0 
0x044A	0x0E01      	MOVLW       1
0x044C	0x6E01      	MOVWF       R1 
0x044E	0x0E16      	MOVLW       22
0x0450	0x6EF6      	MOVWF       4086 
0x0452	0x0E04      	MOVLW       4
0x0454	0x6EF7      	MOVWF       TBLPTRH 
0x0456	0x0E00      	MOVLW       0
0x0458	0x6EF8      	MOVWF       TBLPTRU 
0x045A	0xF000ECCA  	CALL        404, 0
0x045E	0x0012      	RETURN      0
;main.c,0 :: ?ICS_txt3
0x0416	0x634C ;?ICS_txt3+0
0x0418	0x3464 ;?ICS_txt3+2
0x041A	0x6962 ;?ICS_txt3+4
0x041C	0x0074 ;?ICS_txt3+6
; end of ?ICS_txt3
;main.c,0 :: ?ICS_Velo1
0x041E	0x0032 ;?ICS_Velo1+0
; end of ?ICS_Velo1
;main.c,0 :: ?ICS_texto
0x0420	0x554E ;?ICS_texto+0
0x0422	0x5645 ;?ICS_texto+2
0x0424	0x204F ;?ICS_texto+4
0x0426	0x4950 ;?ICS_texto+6
0x0428	0x3143 ;?ICS_texto+8
0x042A	0x4638 ;?ICS_texto+10
0x042C	0x3532 ;?ICS_texto+12
0x042E	0x3035 ;?ICS_texto+14
0x0430	0x00 ;?ICS_texto+16
; end of ?ICS_texto
;main.c,0 :: ?ICS?lstr1_main
0x0431	0x4950 ;?ICS?lstr1_main+0
0x0433	0x2043 ;?ICS?lstr1_main+2
0x0435	0x6520 ;?ICS?lstr1_main+4
0x0437	0x2073 ;?ICS?lstr1_main+6
0x0439	0x616C ;?ICS?lstr1_main+8
0x043B	0x6F20 ;?ICS?lstr1_main+10
0x043D	0x646E ;?ICS?lstr1_main+12
0x043F	0x2161 ;?ICS?lstr1_main+14
0x0441	0x00 ;?ICS?lstr1_main+16
; end of ?ICS?lstr1_main
Symbol List:
//** Routines locations **
//ADDRESS    SIZE    PROCEDURE
//----------------------------------------------
0x001C       [6]    _Delay_1us
0x0022      [22]    _Delay_5500us
0x0038      [10]    _Delay_50us
0x0042     [124]    _Lcd_Cmd
0x00BE      [80]    _Mul_16X16_U
0x010E      [12]    _Lcd_Chr_CP
0x011A     [122]    _Lcd_Out
0x0194      [16]    ___CC2DW
0x01A4       [8]    _PWM1_Init
0x01AC     [108]    _PWM1_Set_Duty
0x0218     [150]    _Lcd_Init
0x02AE      [10]    _PWM1_Start
0x02B8     [350]    _main
//** Variables locations ** 
//ADDRESS    SIZE    VARIABLE
//----------------------------------------------
0x0000       [1]    R0
0x0001       [1]    R1
0x0001       [1]    ispunct_rslt_L0
0x0002       [2]    memcpy_dd_L0
0x0002       [2]    memset_pp_L0
0x0002       [2]    memchr_s_L0
0x0002       [1]    R2
0x0002       [2]    strlen_cp_L0
0x0003       [1]    R3
0x0003       [2]    memmove_tt_L0
0x0004       [2]    strcat_cp_L0
0x0004       [2]    memcpy_ss_L0
0x0004       [2]    strncat_cp_L0
0x0004       [2]    frexp_pom_L0
0x0004       [1]    R4
0x0004       [2]    strcpy_cp_L0
0x0004       [2]    strncpy_cp_L0
0x0005       [2]    memmove_ff_L0
0x0005       [1]    R5
0x0006       [1]    R6
0x0007       [1]    R7
0x0008       [1]    R8
0x0009       [1]    R9
0x000A       [1]    R10
0x000B       [1]    R11
0x000C       [1]    R12
0x000D       [1]    R13
0x000E       [1]    R14
0x000F       [1]    R15
0x0010       [1]    R16
0x0011       [1]    R17
0x0012       [1]    R18
0x0013       [1]    R19
0x0014       [1]    R20
0x0015       [8]    _txt3
0x001D       [2]    _Velo1
0x001F      [17]    _texto
0x0030       [0]    __Lib_Lcd_cmd_status
0x0031      [17]    ?lstr1_main
0x0042       [4]    FARG_PWM1_Init_PWM_Freq
0x0042       [1]    FARG_PWM1_Set_Duty_new_duty
0x0042       [1]    FARG_Lcd_Out_row
0x0043       [1]    FARG_Lcd_Out_column
0x0044       [2]    FARG_Lcd_Out_text
0x0046       [1]    Lcd_Out_i_L0
0x0047       [1]    FARG_Lcd_Chr_CP_out_char
0x0048       [1]    FARG_Lcd_Cmd_out_char
0x0F81       [0]    LCD_D5
0x0F81       [0]    LCD_EN
0x0F81       [0]    LCD_D4
0x0F81       [0]    BAJA
0x0F81       [0]    SUBE
0x0F81       [0]    LCD_D6
0x0F81       [0]    RB7_bit
0x0F81       [0]    LCD_D7
0x0F81       [0]    RB1_bit
0x0F81       [0]    RB3_bit
0x0F81       [0]    RB0_bit
0x0F81       [0]    RB2_bit
0x0F81       [0]    RB6_bit
0x0F81       [0]    RB4_bit
0x0F81       [0]    LCD_RS
0x0F81       [0]    RB5_bit
0x0F93       [0]    LCD_D6_Direction
0x0F93       [0]    TRISB0_bit
0x0F93       [0]    LCD_D7_Direction
0x0F93       [0]    TRISB1_bit
0x0F93       [0]    LCD_EN_Direction
0x0F93       [0]    LCD_RS_Direction
0x0F93       [0]    LCD_D5_Direction
0x0F93       [0]    LCD_D4_Direction
0x0F93       [0]    TRISB2_bit
0x0F93       [0]    TRISB4_bit
0x0F93       [0]    TRISB6_bit
0x0F93       [0]    TRISB5_bit
0x0F93       [1]    TRISB
0x0F93       [0]    TRISB3_bit
0x0F93       [0]    TRISB7_bit
0x0F94       [0]    TRISC2_bit
0x0FB4       [1]    CMCON
0x0FBD       [1]    CCP1CON
0x0FBE       [1]    CCPR1L
0x0FC1       [1]    ADCON1
0x0FCA       [1]    T2CON
0x0FCB       [1]    PR2
0x0FD8       [1]    STATUS
0x0FD9       [1]    FSR2L
0x0FDA       [1]    FSR2H
0x0FDE       [1]    POSTINC2
0x0FE0       [1]    BSR
0x0FE1       [1]    FSR1L
0x0FE2       [1]    FSR1H
0x0FE4       [1]    PREINC1
0x0FE6       [1]    POSTINC1
0x0FE7       [1]    INDF1
0x0FE8       [1]    WREG
0x0FE9       [1]    FSR0L
0x0FEA       [1]    FSR0H
0x0FEE       [1]    POSTINC0
0x0FF3       [1]    PRODL
0x0FF4       [1]    PRODH
0x0FF5       [1]    TABLAT
0x0FF6       [1]    TBLPTRL
0x0FF7       [1]    TBLPTRH
0x0FF8       [1]    TBLPTRU
//** Constants locations ** 
//ADDRESS    SIZE    CONSTANT
//----------------------------------------------
0x0416       [8]    ?ICS_txt3
0x041E       [2]    ?ICS_Velo1
0x0420      [17]    ?ICS_texto
0x0431      [17]    ?ICS?lstr1_main
