;  LST file generated by mikroListExporter - v.2.0 
; Date/Time: 23/5/2025 22:52:42
;----------------------------------------------

;Address Opcode 	ASM
0x0000	0xF000EFF8  	GOTO        496
0x0004	0x0000      	NOP
0x0006	0x0000      	NOP
0x0008	0xF000EF00  	GOTO        0
0x000C	0x0000      	NOP
0x000E	0x0000      	NOP
0x0010	0x0000      	NOP
0x0012	0x0000      	NOP
0x0014	0x0000      	NOP
0x0016	0x0000      	NOP
0x0018	0xD7F3      	BRA         0
_Delay_1us:
0x001C	0x0000      	NOP
0x001E	0x0000      	NOP
0x0020	0x0000      	NOP
0x0022	0x0000      	NOP
0x0024	0x0000      	NOP
L_end_Delay_1us:
0x0026	0x0012      	RETURN      0
; end of _Delay_1us
_Delay_5500us:
0x0028	0x0E24      	MOVLW       36
0x002A	0x6E0C      	MOVWF       R12, 0
0x002C	0x0EB5      	MOVLW       181
0x002E	0x6E0D      	MOVWF       R13, 0
L_Delay_5500us5:
0x0030	0x2E0D      	DECFSZ      R13, 1, 0
0x0032	0xD7FE      	BRA         L_Delay_5500us5
0x0034	0x2E0C      	DECFSZ      R12, 1, 0
0x0036	0xD7FC      	BRA         L_Delay_5500us5
0x0038	0x0000      	NOP
0x003A	0x0000      	NOP
L_end_Delay_5500us:
0x003C	0x0012      	RETURN      0
; end of _Delay_5500us
_Delay_50us:
0x003E	0x0E53      	MOVLW       83
0x0040	0x6E0D      	MOVWF       R13, 0
L_Delay_50us2:
0x0042	0x2E0D      	DECFSZ      R13, 1, 0
0x0044	0xD7FE      	BRA         L_Delay_50us2
L_end_Delay_50us:
0x0046	0x0012      	RETURN      0
; end of _Delay_50us
_Lcd_Cmd:
0x0048	0xBE35      	BTFSC       FARG_Lcd_Cmd_out_char, 7 
0x004A	0xD002      	BRA         L__Lcd_Cmd21
0x004C	0x968C      	BCF         LCD_D7, BitPos(LCD_D7+0) 
0x004E	0xD001      	BRA         L__Lcd_Cmd22
L__Lcd_Cmd21:
0x0050	0x868C      	BSF         LCD_D7, BitPos(LCD_D7+0) 
L__Lcd_Cmd22:
0x0052	0xBC35      	BTFSC       FARG_Lcd_Cmd_out_char, 6 
0x0054	0xD002      	BRA         L__Lcd_Cmd23
0x0056	0x948C      	BCF         LCD_D6, BitPos(LCD_D6+0) 
0x0058	0xD001      	BRA         L__Lcd_Cmd24
L__Lcd_Cmd23:
0x005A	0x848C      	BSF         LCD_D6, BitPos(LCD_D6+0) 
L__Lcd_Cmd24:
0x005C	0xBA35      	BTFSC       FARG_Lcd_Cmd_out_char, 5 
0x005E	0xD002      	BRA         L__Lcd_Cmd25
0x0060	0x928C      	BCF         LCD_D5, BitPos(LCD_D5+0) 
0x0062	0xD001      	BRA         L__Lcd_Cmd26
L__Lcd_Cmd25:
0x0064	0x828C      	BSF         LCD_D5, BitPos(LCD_D5+0) 
L__Lcd_Cmd26:
0x0066	0xB835      	BTFSC       FARG_Lcd_Cmd_out_char, 4 
0x0068	0xD002      	BRA         L__Lcd_Cmd27
0x006A	0x908C      	BCF         LCD_D4, BitPos(LCD_D4+0) 
0x006C	0xD001      	BRA         L__Lcd_Cmd28
L__Lcd_Cmd27:
0x006E	0x808C      	BSF         LCD_D4, BitPos(LCD_D4+0) 
L__Lcd_Cmd28:
0x0070	0xB01D      	BTFSC       __Lib_Lcd_cmd_status, BitPos(__Lib_Lcd_cmd_status+0) 
0x0072	0xD002      	BRA         L__Lcd_Cmd29
0x0074	0x888C      	BSF         LCD_RS, BitPos(LCD_RS+0) 
0x0076	0xD001      	BRA         L__Lcd_Cmd30
L__Lcd_Cmd29:
0x0078	0x988C      	BCF         LCD_RS, BitPos(LCD_RS+0) 
L__Lcd_Cmd30:
0x007A	0x8A8C      	BSF         LCD_EN, BitPos(LCD_EN+0) 
0x007C	0xDFCF      	RCALL       _Delay_1us
0x007E	0x9A8C      	BCF         LCD_EN, BitPos(LCD_EN+0) 
0x0080	0xB635      	BTFSC       FARG_Lcd_Cmd_out_char, 3 
0x0082	0xD002      	BRA         L__Lcd_Cmd31
0x0084	0x968C      	BCF         LCD_D7, BitPos(LCD_D7+0) 
0x0086	0xD001      	BRA         L__Lcd_Cmd32
L__Lcd_Cmd31:
0x0088	0x868C      	BSF         LCD_D7, BitPos(LCD_D7+0) 
L__Lcd_Cmd32:
0x008A	0xB435      	BTFSC       FARG_Lcd_Cmd_out_char, 2 
0x008C	0xD002      	BRA         L__Lcd_Cmd33
0x008E	0x948C      	BCF         LCD_D6, BitPos(LCD_D6+0) 
0x0090	0xD001      	BRA         L__Lcd_Cmd34
L__Lcd_Cmd33:
0x0092	0x848C      	BSF         LCD_D6, BitPos(LCD_D6+0) 
L__Lcd_Cmd34:
0x0094	0xB235      	BTFSC       FARG_Lcd_Cmd_out_char, 1 
0x0096	0xD002      	BRA         L__Lcd_Cmd35
0x0098	0x928C      	BCF         LCD_D5, BitPos(LCD_D5+0) 
0x009A	0xD001      	BRA         L__Lcd_Cmd36
L__Lcd_Cmd35:
0x009C	0x828C      	BSF         LCD_D5, BitPos(LCD_D5+0) 
L__Lcd_Cmd36:
0x009E	0xB035      	BTFSC       FARG_Lcd_Cmd_out_char, 0 
0x00A0	0xD002      	BRA         L__Lcd_Cmd37
0x00A2	0x908C      	BCF         LCD_D4, BitPos(LCD_D4+0) 
0x00A4	0xD001      	BRA         L__Lcd_Cmd38
L__Lcd_Cmd37:
0x00A6	0x808C      	BSF         LCD_D4, BitPos(LCD_D4+0) 
L__Lcd_Cmd38:
0x00A8	0xB01D      	BTFSC       __Lib_Lcd_cmd_status, BitPos(__Lib_Lcd_cmd_status+0) 
0x00AA	0xD002      	BRA         L__Lcd_Cmd39
0x00AC	0x888C      	BSF         LCD_RS, BitPos(LCD_RS+0) 
0x00AE	0xD001      	BRA         L__Lcd_Cmd40
L__Lcd_Cmd39:
0x00B0	0x988C      	BCF         LCD_RS, BitPos(LCD_RS+0) 
L__Lcd_Cmd40:
0x00B2	0x8A8C      	BSF         LCD_EN, BitPos(LCD_EN+0) 
0x00B4	0xDFB3      	RCALL       _Delay_1us
0x00B6	0x9A8C      	BCF         LCD_EN, BitPos(LCD_EN+0) 
0x00B8	0xA01D      	BTFSS       __Lib_Lcd_cmd_status, BitPos(__Lib_Lcd_cmd_status+0) 
0x00BA	0xD002      	BRA         L_Lcd_Cmd0
0x00BC	0xDFB5      	RCALL       _Delay_5500us
0x00BE	0xD001      	BRA         L_Lcd_Cmd1
L_Lcd_Cmd0:
0x00C0	0xDFBE      	RCALL       _Delay_50us
L_Lcd_Cmd1:
L_end_Lcd_Cmd:
0x00C2	0x0012      	RETURN      0
; end of _Lcd_Cmd
_Lcd_Chr_CP:
0x00C4	0x901D      	BCF         __Lib_Lcd_cmd_status, BitPos(__Lib_Lcd_cmd_status+0) 
0x00C6	0xF035C034  	MOVFF       FARG_Lcd_Chr_CP_out_char, FARG_Lcd_Cmd_out_char
0x00CA	0xDFBE      	RCALL       _Lcd_Cmd
0x00CC	0x801D      	BSF         __Lib_Lcd_cmd_status, BitPos(__Lib_Lcd_cmd_status+0) 
L_end_Lcd_Chr_CP:
0x00CE	0x0012      	RETURN      0
; end of _Lcd_Chr_CP
___CC2DW:
_CC2DL_Loop1:
0x00D0	0x0009      	TBLRD*+
0x00D2	0xFFE6CFF5  	MOVFF       TABLAT, POSTINC1
0x00D6	0x0600      	DECF        R0, 1, 0
0x00D8	0xE1FB      	BNZ         _CC2DL_Loop1
0x00DA	0x0601      	DECF        R1, 1, 0
0x00DC	0xE1F9      	BNZ         _CC2DL_Loop1
L_end___CC2DW:
0x00DE	0x0012      	RETURN      0
; end of ___CC2DW
_Lcd_Init:
0x00E0	0x9A95      	BCF         LCD_EN_Direction, BitPos(LCD_EN_Direction+0) 
0x00E2	0x9895      	BCF         LCD_RS_Direction, BitPos(LCD_RS_Direction+0) 
0x00E4	0x9095      	BCF         LCD_D4_Direction, BitPos(LCD_D4_Direction+0) 
0x00E6	0x9295      	BCF         LCD_D5_Direction, BitPos(LCD_D5_Direction+0) 
0x00E8	0x9495      	BCF         LCD_D6_Direction, BitPos(LCD_D6_Direction+0) 
0x00EA	0x9695      	BCF         LCD_D7_Direction, BitPos(LCD_D7_Direction+0) 
0x00EC	0x9A8C      	BCF         LCD_EN, BitPos(LCD_EN+0) 
0x00EE	0x988C      	BCF         LCD_RS, BitPos(LCD_RS+0) 
0x00F0	0x968C      	BCF         LCD_D7, BitPos(LCD_D7+0) 
0x00F2	0x948C      	BCF         LCD_D6, BitPos(LCD_D6+0) 
0x00F4	0x928C      	BCF         LCD_D5, BitPos(LCD_D5+0) 
0x00F6	0x908C      	BCF         LCD_D4, BitPos(LCD_D4+0) 
0x00F8	0xDF97      	RCALL       _Delay_5500us
0x00FA	0xDF96      	RCALL       _Delay_5500us
0x00FC	0xDF95      	RCALL       _Delay_5500us
0x00FE	0x828C      	BSF         LCD_D5, BitPos(LCD_D5+0) 
0x0100	0x808C      	BSF         LCD_D4, BitPos(LCD_D4+0) 
0x0102	0x8A8C      	BSF         LCD_EN, BitPos(LCD_EN+0) 
0x0104	0xDF8B      	RCALL       _Delay_1us
0x0106	0x9A8C      	BCF         LCD_EN, BitPos(LCD_EN+0) 
0x0108	0xDF8F      	RCALL       _Delay_5500us
0x010A	0x8A8C      	BSF         LCD_EN, BitPos(LCD_EN+0) 
0x010C	0xDF87      	RCALL       _Delay_1us
0x010E	0x9A8C      	BCF         LCD_EN, BitPos(LCD_EN+0) 
0x0110	0xDF8B      	RCALL       _Delay_5500us
0x0112	0x8A8C      	BSF         LCD_EN, BitPos(LCD_EN+0) 
0x0114	0xDF83      	RCALL       _Delay_1us
0x0116	0x9A8C      	BCF         LCD_EN, BitPos(LCD_EN+0) 
0x0118	0xDF87      	RCALL       _Delay_5500us
0x011A	0x908C      	BCF         LCD_D4, BitPos(LCD_D4+0) 
0x011C	0x8A8C      	BSF         LCD_EN, BitPos(LCD_EN+0) 
0x011E	0xDF7E      	RCALL       _Delay_1us
0x0120	0x9A8C      	BCF         LCD_EN, BitPos(LCD_EN+0) 
0x0122	0xDF82      	RCALL       _Delay_5500us
0x0124	0x8A8C      	BSF         LCD_EN, BitPos(LCD_EN+0) 
0x0126	0xDF7A      	RCALL       _Delay_1us
0x0128	0x9A8C      	BCF         LCD_EN, BitPos(LCD_EN+0) 
0x012A	0x928C      	BCF         LCD_D5, BitPos(LCD_D5+0) 
0x012C	0x868C      	BSF         LCD_D7, BitPos(LCD_D7+0) 
0x012E	0x8A8C      	BSF         LCD_EN, BitPos(LCD_EN+0) 
0x0130	0xDF75      	RCALL       _Delay_1us
0x0132	0x9A8C      	BCF         LCD_EN, BitPos(LCD_EN+0) 
0x0134	0xDF79      	RCALL       _Delay_5500us
0x0136	0x968C      	BCF         LCD_D7, BitPos(LCD_D7+0) 
0x0138	0x808C      	BSF         LCD_D4, BitPos(LCD_D4+0) 
0x013A	0x8A8C      	BSF         LCD_EN, BitPos(LCD_EN+0) 
0x013C	0xDF6F      	RCALL       _Delay_1us
0x013E	0x9A8C      	BCF         LCD_EN, BitPos(LCD_EN+0) 
0x0140	0x908C      	BCF         LCD_D4, BitPos(LCD_D4+0) 
0x0142	0x8A8C      	BSF         LCD_EN, BitPos(LCD_EN+0) 
0x0144	0xDF6B      	RCALL       _Delay_1us
0x0146	0x9A8C      	BCF         LCD_EN, BitPos(LCD_EN+0) 
0x0148	0xDF6F      	RCALL       _Delay_5500us
0x014A	0x8A8C      	BSF         LCD_EN, BitPos(LCD_EN+0) 
0x014C	0xDF67      	RCALL       _Delay_1us
0x014E	0x9A8C      	BCF         LCD_EN, BitPos(LCD_EN+0) 
0x0150	0x808C      	BSF         LCD_D4, BitPos(LCD_D4+0) 
0x0152	0x8A8C      	BSF         LCD_EN, BitPos(LCD_EN+0) 
0x0154	0xDF63      	RCALL       _Delay_1us
0x0156	0x9A8C      	BCF         LCD_EN, BitPos(LCD_EN+0) 
0x0158	0xDF67      	RCALL       _Delay_5500us
0x015A	0x908C      	BCF         LCD_D4, BitPos(LCD_D4+0) 
0x015C	0x8A8C      	BSF         LCD_EN, BitPos(LCD_EN+0) 
0x015E	0xDF5E      	RCALL       _Delay_1us
0x0160	0x9A8C      	BCF         LCD_EN, BitPos(LCD_EN+0) 
0x0162	0x868C      	BSF         LCD_D7, BitPos(LCD_D7+0) 
0x0164	0x848C      	BSF         LCD_D6, BitPos(LCD_D6+0) 
0x0166	0x828C      	BSF         LCD_D5, BitPos(LCD_D5+0) 
0x0168	0x808C      	BSF         LCD_D4, BitPos(LCD_D4+0) 
0x016A	0x8A8C      	BSF         LCD_EN, BitPos(LCD_EN+0) 
0x016C	0xDF57      	RCALL       _Delay_1us
0x016E	0x9A8C      	BCF         LCD_EN, BitPos(LCD_EN+0) 
0x0170	0xDF5B      	RCALL       _Delay_5500us
0x0172	0x801D      	BSF         __Lib_Lcd_cmd_status, BitPos(__Lib_Lcd_cmd_status+0) 
L_end_Lcd_Init:
0x0174	0x0012      	RETURN      0
; end of _Lcd_Init
_Lcd_Out:
0x0176	0xD00F      	BRA         L_Lcd_Out11
L_Lcd_Out13:
0x0178	0x0E80      	MOVLW       128
0x017A	0x6E2F      	MOVWF       FARG_Lcd_Out_row 
0x017C	0xD019      	BRA         L_Lcd_Out12
L_Lcd_Out14:
0x017E	0x0EC0      	MOVLW       192
0x0180	0x6E2F      	MOVWF       FARG_Lcd_Out_row 
0x0182	0xD016      	BRA         L_Lcd_Out12
L_Lcd_Out15:
0x0184	0x0E94      	MOVLW       148
0x0186	0x6E2F      	MOVWF       FARG_Lcd_Out_row 
0x0188	0xD013      	BRA         L_Lcd_Out12
L_Lcd_Out16:
0x018A	0x0ED4      	MOVLW       212
0x018C	0x6E2F      	MOVWF       FARG_Lcd_Out_row 
0x018E	0xD010      	BRA         L_Lcd_Out12
L_Lcd_Out17:
0x0190	0x0E80      	MOVLW       128
0x0192	0x6E2F      	MOVWF       FARG_Lcd_Out_row 
0x0194	0xD00D      	BRA         L_Lcd_Out12
L_Lcd_Out11:
0x0196	0x502F      	MOVF        FARG_Lcd_Out_row, 0 
0x0198	0x0A01      	XORLW       1
0x019A	0xE0EE      	BZ          L_Lcd_Out13
0x019C	0x502F      	MOVF        FARG_Lcd_Out_row, 0 
0x019E	0x0A02      	XORLW       2
0x01A0	0xE0EE      	BZ          L_Lcd_Out14
0x01A2	0x502F      	MOVF        FARG_Lcd_Out_row, 0 
0x01A4	0x0A03      	XORLW       3
0x01A6	0xE0EE      	BZ          L_Lcd_Out15
0x01A8	0x502F      	MOVF        FARG_Lcd_Out_row, 0 
0x01AA	0x0A04      	XORLW       4
0x01AC	0xE0EE      	BZ          L_Lcd_Out16
0x01AE	0xD7F0      	BRA         L_Lcd_Out17
L_Lcd_Out12:
0x01B0	0x0430      	DECF        FARG_Lcd_Out_column, 0 
0x01B2	0x6E00      	MOVWF       R0 
0x01B4	0x502F      	MOVF        FARG_Lcd_Out_row, 0 
0x01B6	0x2600      	ADDWF       R0, 1 
0x01B8	0xF02FC000  	MOVFF       R0, FARG_Lcd_Out_row
0x01BC	0xF035C000  	MOVFF       R0, FARG_Lcd_Cmd_out_char
0x01C0	0xDF43      	RCALL       _Lcd_Cmd
0x01C2	0x901D      	BCF         __Lib_Lcd_cmd_status, BitPos(__Lib_Lcd_cmd_status+0) 
0x01C4	0x6A33      	CLRF        Lcd_Out_i_L0 
L_Lcd_Out18:
0x01C6	0x5033      	MOVF        Lcd_Out_i_L0, 0 
0x01C8	0x2431      	ADDWF       FARG_Lcd_Out_text, 0 
0x01CA	0x6EE9      	MOVWF       FSR0L 
0x01CC	0x0E00      	MOVLW       0
0x01CE	0x2032      	ADDWFC      FARG_Lcd_Out_text+1, 0 
0x01D0	0x6EEA      	MOVWF       FSR0H 
0x01D2	0x52EE      	MOVF        POSTINC0, 1 
0x01D4	0xE00B      	BZ          L_Lcd_Out19
0x01D6	0x5033      	MOVF        Lcd_Out_i_L0, 0 
0x01D8	0x2431      	ADDWF       FARG_Lcd_Out_text, 0 
0x01DA	0x6EE9      	MOVWF       FSR0L 
0x01DC	0x0E00      	MOVLW       0
0x01DE	0x2032      	ADDWFC      FARG_Lcd_Out_text+1, 0 
0x01E0	0x6EEA      	MOVWF       FSR0H 
0x01E2	0xF034CFEE  	MOVFF       POSTINC0, FARG_Lcd_Chr_CP_out_char
0x01E6	0xDF6E      	RCALL       _Lcd_Chr_CP
0x01E8	0x2A33      	INCF        Lcd_Out_i_L0, 1 
0x01EA	0xD7ED      	BRA         L_Lcd_Out18
L_Lcd_Out19:
0x01EC	0x801D      	BSF         __Lib_Lcd_cmd_status, BitPos(__Lib_Lcd_cmd_status+0) 
L_end_Lcd_Out:
0x01EE	0x0012      	RETURN      0
; end of _Lcd_Out
_main:
0x01F0	0x0E4C      	MOVLW       76
0x01F2	0x6E15      	MOVWF       _txt3 
0x01F4	0x0E63      	MOVLW       99
0x01F6	0x6E16      	MOVWF       22 
0x01F8	0x0E64      	MOVLW       100
0x01FA	0x6E17      	MOVWF       23 
0x01FC	0x0E34      	MOVLW       52
0x01FE	0x6E18      	MOVWF       24 
0x0200	0x0E62      	MOVLW       98
0x0202	0x6E19      	MOVWF       25 
0x0204	0x0E69      	MOVLW       105
0x0206	0x6E1A      	MOVWF       26 
0x0208	0x0E74      	MOVLW       116
0x020A	0x6E1B      	MOVWF       27 
0x020C	0x6A1C      	CLRF        28 
0x020E	0x6A95      	CLRF        TRISD 
0x0210	0xDF67      	RCALL       _Lcd_Init
0x0212	0x0E01      	MOVLW       1
0x0214	0x6E35      	MOVWF       FARG_Lcd_Cmd_out_char 
0x0216	0xDF18      	RCALL       _Lcd_Cmd
0x0218	0x0E0C      	MOVLW       12
0x021A	0x6E35      	MOVWF       FARG_Lcd_Cmd_out_char 
0x021C	0xDF15      	RCALL       _Lcd_Cmd
0x021E	0x0E01      	MOVLW       1
0x0220	0x6E2F      	MOVWF       FARG_Lcd_Out_row 
0x0222	0x0E06      	MOVLW       6
0x0224	0x6E30      	MOVWF       FARG_Lcd_Out_column 
0x0226	0x0E15      	MOVLW       _txt3
0x0228	0x6E31      	MOVWF       FARG_Lcd_Out_text 
0x022A	0x0E00      	MOVLW       hi_addr(_txt3)
0x022C	0x6E32      	MOVWF       FARG_Lcd_Out_text+1 
0x022E	0xDFA3      	RCALL       _Lcd_Out
0x0230	0x0E0D      	MOVLW       13
0x0232	0x6E0B      	MOVWF       R11, 0
0x0234	0x0EAF      	MOVLW       175
0x0236	0x6E0C      	MOVWF       R12, 0
0x0238	0x0EB6      	MOVLW       182
0x023A	0x6E0D      	MOVWF       R13, 0
L_main1:
0x023C	0x2E0D      	DECFSZ      R13, 1, 0
0x023E	0xD7FE      	BRA         L_main1
0x0240	0x2E0C      	DECFSZ      R12, 1, 0
0x0242	0xD7FC      	BRA         L_main1
0x0244	0x2E0B      	DECFSZ      R11, 1, 0
0x0246	0xD7FA      	BRA         L_main1
0x0248	0x0000      	NOP
0x024A	0x0E02      	MOVLW       2
0x024C	0x6E2F      	MOVWF       FARG_Lcd_Out_row 
0x024E	0x0E01      	MOVLW       1
0x0250	0x6E30      	MOVWF       FARG_Lcd_Out_column 
0x0252	0x0E7C      	MOVLW       ?ICS?lstr1_main_lcd0
0x0254	0x6EF6      	MOVWF       4086 
0x0256	0x0E02      	MOVLW       hi_addr(?ICS?lstr1_main_lcd0)
0x0258	0x6EF7      	MOVWF       TBLPTRH 
0x025A	0x0E00      	MOVLW       higher_addr(?ICS?lstr1_main_lcd0)
0x025C	0x6EF8      	MOVWF       TBLPTRU 
0x025E	0x0E1E      	MOVLW       ?lstr1_main_lcd0
0x0260	0x6EE1      	MOVWF       FSR1L 
0x0262	0x0E00      	MOVLW       hi_addr(?lstr1_main_lcd0)
0x0264	0x6EE2      	MOVWF       FSR1H 
0x0266	0x0E11      	MOVLW       17
0x0268	0x6E00      	MOVWF       R0 
0x026A	0x0E01      	MOVLW       1
0x026C	0x6E01      	MOVWF       R1 
0x026E	0xDF30      	RCALL       ___CC2DW
0x0270	0x0E1E      	MOVLW       ?lstr1_main_lcd0
0x0272	0x6E31      	MOVWF       FARG_Lcd_Out_text 
0x0274	0x0E00      	MOVLW       hi_addr(?lstr1_main_lcd0)
0x0276	0x6E32      	MOVWF       FARG_Lcd_Out_text+1 
0x0278	0xDF7E      	RCALL       _Lcd_Out
L_end_main:
0x027A	0xD7FF      	BRA         $+0
; end of _main
;main_lcd0.c,0 :: ?ICS?lstr1_main_lcd0
0x027C	0x4950 ;?ICS?lstr1_main_lcd0+0
0x027E	0x2043 ;?ICS?lstr1_main_lcd0+2
0x0280	0x6520 ;?ICS?lstr1_main_lcd0+4
0x0282	0x2073 ;?ICS?lstr1_main_lcd0+6
0x0284	0x616C ;?ICS?lstr1_main_lcd0+8
0x0286	0x6F20 ;?ICS?lstr1_main_lcd0+10
0x0288	0x646E ;?ICS?lstr1_main_lcd0+12
0x028A	0x2161 ;?ICS?lstr1_main_lcd0+14
0x028C	0x00 ;?ICS?lstr1_main_lcd0+16
; end of ?ICS?lstr1_main_lcd0
Symbol List:
//** Routines locations **
//ADDRESS    SIZE    PROCEDURE
//----------------------------------------------
0x001C      [12]    _Delay_1us
0x0028      [22]    _Delay_5500us
0x003E      [10]    _Delay_50us
0x0048     [124]    _Lcd_Cmd
0x00C4      [12]    _Lcd_Chr_CP
0x00D0      [16]    ___CC2DW
0x00E0     [150]    _Lcd_Init
0x0176     [122]    _Lcd_Out
0x01F0     [140]    _main
//** Variables locations ** 
//ADDRESS    SIZE    VARIABLE
//----------------------------------------------
0x0000       [1]    R0
0x0001       [1]    R1
0x0002       [1]    R2
0x0003       [1]    R3
0x0004       [1]    R4
0x0005       [1]    R5
0x0006       [1]    R6
0x0007       [1]    R7
0x0008       [1]    R8
0x0009       [1]    R9
0x000A       [1]    R10
0x000B       [1]    R11
0x000C       [1]    R12
0x000D       [1]    R13
0x000E       [1]    R14
0x000F       [1]    R15
0x0010       [1]    R16
0x0011       [1]    R17
0x0012       [1]    R18
0x0013       [1]    R19
0x0014       [1]    R20
0x0015       [8]    _txt3
0x001D       [0]    __Lib_Lcd_cmd_status
0x001E      [17]    ?lstr1_main_lcd0
0x002F       [1]    FARG_Lcd_Out_row
0x0030       [1]    FARG_Lcd_Out_column
0x0031       [2]    FARG_Lcd_Out_text
0x0033       [1]    Lcd_Out_i_L0
0x0034       [1]    FARG_Lcd_Chr_CP_out_char
0x0035       [1]    FARG_Lcd_Cmd_out_char
0x0F8C       [0]    LCD_EN
0x0F8C       [0]    LATD4_bit
0x0F8C       [0]    LATD2_bit
0x0F8C       [0]    LATD3_bit
0x0F8C       [0]    LCD_D7
0x0F8C       [0]    LATD5_bit
0x0F8C       [0]    LCD_D5
0x0F8C       [0]    LCD_D4
0x0F8C       [0]    LCD_D6
0x0F8C       [0]    LCD_RS
0x0F8C       [0]    LATD0_bit
0x0F8C       [0]    LATD1_bit
0x0F95       [0]    TRISD0_bit
0x0F95       [0]    TRISD4_bit
0x0F95       [1]    TRISD
0x0F95       [0]    LCD_D7_Direction
0x0F95       [0]    TRISD5_bit
0x0F95       [0]    LCD_D6_Direction
0x0F95       [0]    LCD_EN_Direction
0x0F95       [0]    TRISD2_bit
0x0F95       [0]    LCD_D4_Direction
0x0F95       [0]    TRISD3_bit
0x0F95       [0]    TRISD1_bit
0x0F95       [0]    LCD_D5_Direction
0x0F95       [0]    LCD_RS_Direction
0x0FD8       [1]    STATUS
0x0FD9       [1]    FSR2L
0x0FDA       [1]    FSR2H
0x0FDE       [1]    POSTINC2
0x0FE0       [1]    BSR
0x0FE1       [1]    FSR1L
0x0FE2       [1]    FSR1H
0x0FE4       [1]    PREINC1
0x0FE6       [1]    POSTINC1
0x0FE7       [1]    INDF1
0x0FE8       [1]    WREG
0x0FE9       [1]    FSR0L
0x0FEA       [1]    FSR0H
0x0FEE       [1]    POSTINC0
0x0FF3       [1]    PRODL
0x0FF4       [1]    PRODH
0x0FF5       [1]    TABLAT
0x0FF6       [1]    TBLPTRL
0x0FF7       [1]    TBLPTRH
0x0FF8       [1]    TBLPTRU
//** Constants locations ** 
//ADDRESS    SIZE    CONSTANT
//----------------------------------------------
0x027C      [17]    ?ICS?lstr1_main_lcd0
