;  LST file generated by mikroListExporter - v.2.0 
; Date/Time: 25/5/2025 23:03:10
;----------------------------------------------

;Address Opcode 	ASM
0x0000	0x2CCB      	GOTO       1227
_Delay_1us:
0x0003	0x0000      	NOP
L_end_Delay_1us:
0x0004	0x0008      	RETURN
; end of _Delay_1us
_Delay_50us:
0x0005	0x3010      	MOVLW      16
0x0006	0x1283      	BCF        STATUS, 5
0x0007	0x1303      	BCF        STATUS, 6
0x0008	0x00FD      	MOVWF      R13
L_Delay_50us2:
0x0009	0x0BFD      	DECFSZ     R13, 1
0x000A	0x2809      	GOTO       L_Delay_50us2
0x000B	0x0000      	NOP
L_end_Delay_50us:
0x000C	0x0008      	RETURN
; end of _Delay_50us
_Delay_5500us:
0x000D	0x3008      	MOVLW      8
0x000E	0x1283      	BCF        STATUS, 5
0x000F	0x1303      	BCF        STATUS, 6
0x0010	0x00FC      	MOVWF      R12
0x0011	0x3023      	MOVLW      35
0x0012	0x00FD      	MOVWF      R13
L_Delay_5500us5:
0x0013	0x0BFD      	DECFSZ     R13, 1
0x0014	0x2813      	GOTO       L_Delay_5500us5
0x0015	0x0BFC      	DECFSZ     R12, 1
0x0016	0x2813      	GOTO       L_Delay_5500us5
L_end_Delay_5500us:
0x0017	0x0008      	RETURN
; end of _Delay_5500us
_RES032:
0x0018	0x01F2      	CLRF       R2
0x0019	0x01F1      	CLRF       R1
0x001A	0x01F0      	CLRF       R0
0x001B	0x01F8      	CLRF       R8
0x001C	0x01F3      	CLRF       R3
0x001D	0x3000      	MOVLW      0
L_end_RES032:
0x001E	0x0008      	RETURN
; end of _RES032
_Div_16X16_U:
0x001F	0x1283      	BCF        STATUS, 5
0x0020	0x1303      	BCF        STATUS, 6
0x0021	0x01F8      	CLRF       R8
0x0022	0x01F9      	CLRF       R9
0x0023	0x3010      	MOVLW      16
0x0024	0x00FC      	MOVWF      R12
0x0025	0x0D71      	RLF        R1, 0
0x0026	0x0DF8      	RLF        R8, 1
0x0027	0x0DF9      	RLF        R9, 1
0x0028	0x0874      	MOVF       R4, 0
0x0029	0x02F8      	SUBWF      R8, 1
0x002A	0x0875      	MOVF       R5, 0
0x002B	0x1C03      	BTFSS      STATUS, 0
0x002C	0x0F75      	INCFSZ     R5, 0
0x002D	0x02F9      	SUBWF      R9, 1
0x002E	0x1803      	BTFSC      STATUS, 0
0x002F	0x2837      	GOTO       $+8
0x0030	0x0874      	MOVF       R4, 0
0x0031	0x07F8      	ADDWF      R8, 1
0x0032	0x0875      	MOVF       R5, 0
0x0033	0x1803      	BTFSC      STATUS, 0
0x0034	0x0F75      	INCFSZ     R5, 0
0x0035	0x07F9      	ADDWF      R9, 1
0x0036	0x1003      	BCF        STATUS, 0
0x0037	0x0DF0      	RLF        R0, 1
0x0038	0x0DF1      	RLF        R1, 1
0x0039	0x0BFC      	DECFSZ     R12, 1
0x003A	0x2825      	GOTO       $-21
L_end_Div_16X16_U:
0x003B	0x0008      	RETURN
; end of _Div_16X16_U
_Lcd_Cmd:
0x003C	0x1283      	BCF        STATUS, 5
0x003D	0x1303      	BCF        STATUS, 6
0x003E	0x1BE4      	BTFSC      FARG_Lcd_Cmd_out_char, 7
0x003F	0x2842      	GOTO       L__Lcd_Cmd21
0x0040	0x1288      	BCF        LCD_D7, BitPos(LCD_D7+0)
0x0041	0x2843      	GOTO       L__Lcd_Cmd22
L__Lcd_Cmd21:
0x0042	0x1688      	BSF        LCD_D7, BitPos(LCD_D7+0)
L__Lcd_Cmd22:
0x0043	0x1B64      	BTFSC      FARG_Lcd_Cmd_out_char, 6
0x0044	0x2847      	GOTO       L__Lcd_Cmd23
0x0045	0x1208      	BCF        LCD_D6, BitPos(LCD_D6+0)
0x0046	0x2848      	GOTO       L__Lcd_Cmd24
L__Lcd_Cmd23:
0x0047	0x1608      	BSF        LCD_D6, BitPos(LCD_D6+0)
L__Lcd_Cmd24:
0x0048	0x1AE4      	BTFSC      FARG_Lcd_Cmd_out_char, 5
0x0049	0x284C      	GOTO       L__Lcd_Cmd25
0x004A	0x1188      	BCF        LCD_D5, BitPos(LCD_D5+0)
0x004B	0x284D      	GOTO       L__Lcd_Cmd26
L__Lcd_Cmd25:
0x004C	0x1588      	BSF        LCD_D5, BitPos(LCD_D5+0)
L__Lcd_Cmd26:
0x004D	0x1A64      	BTFSC      FARG_Lcd_Cmd_out_char, 4
0x004E	0x2851      	GOTO       L__Lcd_Cmd27
0x004F	0x1108      	BCF        LCD_D4, BitPos(LCD_D4+0)
0x0050	0x2852      	GOTO       L__Lcd_Cmd28
L__Lcd_Cmd27:
0x0051	0x1508      	BSF        LCD_D4, BitPos(LCD_D4+0)
L__Lcd_Cmd28:
0x0052	0x183A      	BTFSC      __Lib_Lcd_cmd_status, BitPos(__Lib_Lcd_cmd_status+0)
0x0053	0x2856      	GOTO       L__Lcd_Cmd29
0x0054	0x1408      	BSF        LCD_RS, BitPos(LCD_RS+0)
0x0055	0x2857      	GOTO       L__Lcd_Cmd30
L__Lcd_Cmd29:
0x0056	0x1008      	BCF        LCD_RS, BitPos(LCD_RS+0)
L__Lcd_Cmd30:
0x0057	0x1488      	BSF        LCD_EN, BitPos(LCD_EN+0)
0x0058	0x2003      	CALL       _Delay_1us
0x0059	0x1088      	BCF        LCD_EN, BitPos(LCD_EN+0)
0x005A	0x19E4      	BTFSC      FARG_Lcd_Cmd_out_char, 3
0x005B	0x285E      	GOTO       L__Lcd_Cmd31
0x005C	0x1288      	BCF        LCD_D7, BitPos(LCD_D7+0)
0x005D	0x285F      	GOTO       L__Lcd_Cmd32
L__Lcd_Cmd31:
0x005E	0x1688      	BSF        LCD_D7, BitPos(LCD_D7+0)
L__Lcd_Cmd32:
0x005F	0x1964      	BTFSC      FARG_Lcd_Cmd_out_char, 2
0x0060	0x2863      	GOTO       L__Lcd_Cmd33
0x0061	0x1208      	BCF        LCD_D6, BitPos(LCD_D6+0)
0x0062	0x2864      	GOTO       L__Lcd_Cmd34
L__Lcd_Cmd33:
0x0063	0x1608      	BSF        LCD_D6, BitPos(LCD_D6+0)
L__Lcd_Cmd34:
0x0064	0x18E4      	BTFSC      FARG_Lcd_Cmd_out_char, 1
0x0065	0x2868      	GOTO       L__Lcd_Cmd35
0x0066	0x1188      	BCF        LCD_D5, BitPos(LCD_D5+0)
0x0067	0x2869      	GOTO       L__Lcd_Cmd36
L__Lcd_Cmd35:
0x0068	0x1588      	BSF        LCD_D5, BitPos(LCD_D5+0)
L__Lcd_Cmd36:
0x0069	0x1864      	BTFSC      FARG_Lcd_Cmd_out_char, 0
0x006A	0x286D      	GOTO       L__Lcd_Cmd37
0x006B	0x1108      	BCF        LCD_D4, BitPos(LCD_D4+0)
0x006C	0x286E      	GOTO       L__Lcd_Cmd38
L__Lcd_Cmd37:
0x006D	0x1508      	BSF        LCD_D4, BitPos(LCD_D4+0)
L__Lcd_Cmd38:
0x006E	0x183A      	BTFSC      __Lib_Lcd_cmd_status, BitPos(__Lib_Lcd_cmd_status+0)
0x006F	0x2872      	GOTO       L__Lcd_Cmd39
0x0070	0x1408      	BSF        LCD_RS, BitPos(LCD_RS+0)
0x0071	0x2873      	GOTO       L__Lcd_Cmd40
L__Lcd_Cmd39:
0x0072	0x1008      	BCF        LCD_RS, BitPos(LCD_RS+0)
L__Lcd_Cmd40:
0x0073	0x1488      	BSF        LCD_EN, BitPos(LCD_EN+0)
0x0074	0x2003      	CALL       _Delay_1us
0x0075	0x1088      	BCF        LCD_EN, BitPos(LCD_EN+0)
0x0076	0x1C3A      	BTFSS      __Lib_Lcd_cmd_status, BitPos(__Lib_Lcd_cmd_status+0)
0x0077	0x287A      	GOTO       L_Lcd_Cmd0
0x0078	0x200D      	CALL       _Delay_5500us
0x0079	0x287B      	GOTO       L_Lcd_Cmd1
L_Lcd_Cmd0:
0x007A	0x2005      	CALL       _Delay_50us
L_Lcd_Cmd1:
L_end_Lcd_Cmd:
0x007B	0x0008      	RETURN
; end of _Lcd_Cmd
_SETFUN32:
0x007C	0x157B      	BSF        R11, 2
0x007D	0x1FFB      	BTFSS      R11, 7
0x007E	0x2886      	GOTO       SETFUN32EEE
0x007F	0x3001      	MOVLW      1
0x0080	0x00F3      	MOVWF      R3
0x0081	0x01F2      	CLRF       R2
0x0082	0x01F1      	CLRF       R1
0x0083	0x01F0      	CLRF       R0
0x0084	0x0DFA      	RLF        R10, 1
0x0085	0x0CF2      	RRF        R2, 1
SETFUN32EEE:
0x0086	0x30FF      	MOVLW      255
L_end_SETFUN32:
0x0087	0x0008      	RETURN
; end of _SETFUN32
_FIXSIGN32:
0x0088	0x1FFA      	BTFSS      R10, 7
0x0089	0x13F2      	BCF        R2, 7
0x008A	0x3000      	MOVLW      0
L_end_FIXSIGN32:
0x008B	0x0008      	RETURN
; end of _FIXSIGN32
_Mul_16X16_U:
0x008C	0x1283      	BCF        STATUS, 5
0x008D	0x1303      	BCF        STATUS, 6
0x008E	0x01FB      	CLRF       R11
0x008F	0x01FA      	CLRF       R10
0x0090	0x01F9      	CLRF       R9
0x0091	0x3080      	MOVLW      128
0x0092	0x00F8      	MOVWF      R8
0x0093	0x0CF1      	RRF        R1, 1
0x0094	0x0CF0      	RRF        R0, 1
0x0095	0x1C03      	BTFSS      STATUS, 0
0x0096	0x28A0      	GOTO       $+10
0x0097	0x0874      	MOVF       R4, 0
0x0098	0x07F9      	ADDWF      R9, 1
0x0099	0x0875      	MOVF       R5, 0
0x009A	0x1803      	BTFSC      STATUS, 0
0x009B	0x0F75      	INCFSZ     R5, 0
0x009C	0x07FA      	ADDWF      R10, 1
0x009D	0x1803      	BTFSC      STATUS, 0
0x009E	0x0AFB      	INCF       R11, 1
0x009F	0x1003      	BCF        STATUS, 0
0x00A0	0x1FF0      	BTFSS      R0, 7
0x00A1	0x28A8      	GOTO       $+7
0x00A2	0x0874      	MOVF       R4, 0
0x00A3	0x07FA      	ADDWF      R10, 1
0x00A4	0x0875      	MOVF       R5, 0
0x00A5	0x1803      	BTFSC      STATUS, 0
0x00A6	0x0F75      	INCFSZ     R5, 0
0x00A7	0x07FB      	ADDWF      R11, 1
0x00A8	0x0CFB      	RRF        R11, 1
0x00A9	0x0CFA      	RRF        R10, 1
0x00AA	0x0CF9      	RRF        R9, 1
0x00AB	0x0CF8      	RRF        R8, 1
0x00AC	0x1C03      	BTFSS      STATUS, 0
0x00AD	0x2893      	GOTO       $-26
0x00AE	0x087B      	MOVF       R11, 0
0x00AF	0x00F3      	MOVWF      R3
0x00B0	0x087A      	MOVF       R10, 0
0x00B1	0x00F2      	MOVWF      R2
0x00B2	0x0879      	MOVF       R9, 0
0x00B3	0x00F1      	MOVWF      R1
0x00B4	0x0878      	MOVF       R8, 0
0x00B5	0x00F0      	MOVWF      R0
L_end_Mul_16X16_U:
0x00B6	0x0008      	RETURN
; end of _Mul_16X16_U
_SETFDZ32:
0x00B7	0x15FB      	BSF        R11, 3
0x00B8	0x30FF      	MOVLW      255
L_end_SETFDZ32:
0x00B9	0x0008      	RETURN
; end of _SETFDZ32
_SETIOV3224:
0x00BA	0x147B      	BSF        R11, 0
0x00BB	0x1FFB      	BTFSS      R11, 7
0x00BC	0x28C5      	GOTO       SETIOV3224EEE
0x00BD	0x01F2      	CLRF       R2
0x00BE	0x1FFA      	BTFSS      R10, 7
0x00BF	0x30FF      	MOVLW      255
0x00C0	0x00F2      	MOVWF      R2
0x00C1	0x00F1      	MOVWF      R1
0x00C2	0x00F0      	MOVWF      R0
0x00C3	0x0DFA      	RLF        R10, 1
0x00C4	0x0CF2      	RRF        R2, 1
SETIOV3224EEE:
0x00C5	0x30FF      	MOVLW      255
L_end_SETIOV3224:
0x00C6	0x0008      	RETURN
; end of _SETIOV3224
_SETFOV32:
0x00C7	0x14FB      	BSF        R11, 1
0x00C8	0x1FFB      	BTFSS      R11, 7
0x00C9	0x28D1      	GOTO       SETFOV32EEE
0x00CA	0x30FF      	MOVLW      255
0x00CB	0x00F3      	MOVWF      R3
0x00CC	0x00F2      	MOVWF      R2
0x00CD	0x00F1      	MOVWF      R1
0x00CE	0x00F0      	MOVWF      R0
0x00CF	0x0DFA      	RLF        R10, 1
0x00D0	0x0CF2      	RRF        R2, 1
SETFOV32EEE:
0x00D1	0x30FF      	MOVLW      255
L_end_SETFOV32:
0x00D2	0x0008      	RETURN
; end of _SETFOV32
_Delay_22us:
0x00D3	0x3007      	MOVLW      7
0x00D4	0x1283      	BCF        STATUS, 5
0x00D5	0x1303      	BCF        STATUS, 6
0x00D6	0x00FD      	MOVWF      R13
L_Delay_22us1:
0x00D7	0x0BFD      	DECFSZ     R13, 1
0x00D8	0x28D7      	GOTO       L_Delay_22us1
L_end_Delay_22us:
0x00D9	0x0008      	RETURN
; end of _Delay_22us
_WordToStr:
0x00DA	0x1283      	BCF        STATUS, 5
0x00DB	0x1303      	BCF        STATUS, 6
0x00DC	0x01E2      	CLRF       WordToStr_len_L0
L_WordToStr11:
0x00DD	0x3005      	MOVLW      5
0x00DE	0x0262      	SUBWF      WordToStr_len_L0, 0
0x00DF	0x1803      	BTFSC      STATUS, 0
0x00E0	0x28E8      	GOTO       L_WordToStr12
0x00E1	0x0862      	MOVF       WordToStr_len_L0, 0
0x00E2	0x0761      	ADDWF      FARG_WordToStr_output, 0
0x00E3	0x0084      	MOVWF      FSR
0x00E4	0x3020      	MOVLW      32
0x00E5	0x0080      	MOVWF      INDF
0x00E6	0x0AE2      	INCF       WordToStr_len_L0, 1
0x00E7	0x28DD      	GOTO       L_WordToStr11
L_WordToStr12:
0x00E8	0x0862      	MOVF       WordToStr_len_L0, 0
0x00E9	0x0761      	ADDWF      FARG_WordToStr_output, 0
0x00EA	0x0084      	MOVWF      FSR
0x00EB	0x0180      	CLRF       INDF
0x00EC	0x03E2      	DECF       WordToStr_len_L0, 1
L_WordToStr14:
0x00ED	0x0862      	MOVF       WordToStr_len_L0, 0
0x00EE	0x0761      	ADDWF      FARG_WordToStr_output, 0
0x00EF	0x00E3      	MOVWF      FLOC__WordToStr
0x00F0	0x300A      	MOVLW      10
0x00F1	0x00F4      	MOVWF      R4
0x00F2	0x01F5      	CLRF       R4+1
0x00F3	0x085F      	MOVF       FARG_WordToStr_input, 0
0x00F4	0x00F0      	MOVWF      R0
0x00F5	0x0860      	MOVF       FARG_WordToStr_input+1, 0
0x00F6	0x00F1      	MOVWF      R0+1
0x00F7	0x201F      	CALL       _Div_16X16_U
0x00F8	0x0878      	MOVF       R8, 0
0x00F9	0x00F0      	MOVWF      R0
0x00FA	0x0879      	MOVF       R8+1, 0
0x00FB	0x00F1      	MOVWF      R0+1
0x00FC	0x3030      	MOVLW      48
0x00FD	0x07F0      	ADDWF      R0, 1
0x00FE	0x0863      	MOVF       FLOC__WordToStr, 0
0x00FF	0x0084      	MOVWF      FSR
0x0100	0x0870      	MOVF       R0, 0
0x0101	0x0080      	MOVWF      INDF
0x0102	0x300A      	MOVLW      10
0x0103	0x00F4      	MOVWF      R4
0x0104	0x01F5      	CLRF       R4+1
0x0105	0x085F      	MOVF       FARG_WordToStr_input, 0
0x0106	0x00F0      	MOVWF      R0
0x0107	0x0860      	MOVF       FARG_WordToStr_input+1, 0
0x0108	0x00F1      	MOVWF      R0+1
0x0109	0x201F      	CALL       _Div_16X16_U
0x010A	0x0870      	MOVF       R0, 0
0x010B	0x00DF      	MOVWF      FARG_WordToStr_input
0x010C	0x0871      	MOVF       R0+1, 0
0x010D	0x00E0      	MOVWF      FARG_WordToStr_input+1
0x010E	0x3000      	MOVLW      0
0x010F	0x0671      	XORWF      R0+1, 0
0x0110	0x1D03      	BTFSS      STATUS, 2
0x0111	0x2914      	GOTO       L__WordToStr159
0x0112	0x3000      	MOVLW      0
0x0113	0x0670      	XORWF      R0, 0
L__WordToStr159:
0x0114	0x1D03      	BTFSS      STATUS, 2
0x0115	0x2917      	GOTO       L_WordToStr16
0x0116	0x2919      	GOTO       L_WordToStr15
L_WordToStr16:
0x0117	0x03E2      	DECF       WordToStr_len_L0, 1
0x0118	0x28ED      	GOTO       L_WordToStr14
L_WordToStr15:
L_end_WordToStr:
0x0119	0x0008      	RETURN
; end of _WordToStr
_NRM3232:
0x011A	0x01A0      	CLRF       __math_tempbD
0x011B	0x0872      	MOVF       R2, 0
0x011C	0x1D03      	BTFSS      STATUS, 2
0x011D	0x292F      	GOTO       NORM3232
0x011E	0x0871      	MOVF       R1, 0
0x011F	0x00F2      	MOVWF      R2
0x0120	0x0870      	MOVF       R0, 0
0x0121	0x00F1      	MOVWF      R1
0x0122	0x01F0      	CLRF       R0
0x0123	0x15A0      	BSF        __math_tempbD, 3
0x0124	0x0872      	MOVF       R2, 0
0x0125	0x1D03      	BTFSS      STATUS, 2
0x0126	0x292F      	GOTO       NORM3232
0x0127	0x0871      	MOVF       R1, 0
0x0128	0x00F2      	MOVWF      R2
0x0129	0x01F1      	CLRF       R1
0x012A	0x11A0      	BCF        __math_tempbD, 3
0x012B	0x1620      	BSF        __math_tempbD, 4
0x012C	0x0872      	MOVF       R2, 0
0x012D	0x1903      	BTFSC      STATUS, 2
0x012E	0x293D      	GOTO       JPNRES032
NORM3232:
0x012F	0x0820      	MOVF       __math_tempbD, 0
0x0130	0x02F3      	SUBWF      R3, 1
0x0131	0x1D03      	BTFSS      STATUS, 2
0x0132	0x1C03      	BTFSS      STATUS, 0
0x0133	0x2941      	GOTO       JPNSETFUN32
0x0134	0x1003      	BCF        STATUS, 0
NORM3232A:
0x0135	0x1BF2      	BTFSC      R2, 7
0x0136	0x2945      	GOTO       JMPNFIXSIGN32
0x0137	0x0DF0      	RLF        R0, 1
0x0138	0x0DF1      	RLF        R1, 1
0x0139	0x0DF2      	RLF        R2, 1
0x013A	0x0BF3      	DECFSZ     R3, 1
0x013B	0x2935      	GOTO       NORM3232A
0x013C	0x2941      	GOTO       JPNSETFUN32
JPNRES032:
0x013D	0x3001      	MOVLW      1
0x013E	0x00FC      	MOVWF      R12
0x013F	0x2018      	CALL       _RES032
0x0140	0x2948      	GOTO       NORM32EEE
JPNSETFUN32:
0x0141	0x3002      	MOVLW      2
0x0142	0x00FC      	MOVWF      R12
0x0143	0x207C      	CALL       _SETFUN32
0x0144	0x2948      	GOTO       NORM32EEE
JMPNFIXSIGN32:
0x0145	0x3004      	MOVLW      4
0x0146	0x00FC      	MOVWF      R12
0x0147	0x2088      	CALL       _FIXSIGN32
NORM32EEE:
L_end_NRM3232:
0x0148	0x0008      	RETURN
; end of _NRM3232
_____DoICP:
0x0149	0x1283      	BCF        STATUS, 5
0x014A	0x1303      	BCF        STATUS, 6
0x014B	0x0825      	MOVF       ___DoICPAddr+1, 0
0x014C	0x008A      	MOVWF      PCLATH
0x014D	0x0824      	MOVF       ___DoICPAddr, 0
0x014E	0x0082      	MOVWF      PCL
L_end_____DoICP:
0x014F	0x0008      	RETURN
; end of _____DoICP
_Lcd_Chr_CP:
0x0150	0x1283      	BCF        STATUS, 5
0x0151	0x1303      	BCF        STATUS, 6
0x0152	0x103A      	BCF        __Lib_Lcd_cmd_status, BitPos(__Lib_Lcd_cmd_status+0)
0x0153	0x085F      	MOVF       FARG_Lcd_Chr_CP_out_char, 0
0x0154	0x00E4      	MOVWF      FARG_Lcd_Cmd_out_char
0x0155	0x203C      	CALL       _Lcd_Cmd
0x0156	0x143A      	BSF        __Lib_Lcd_cmd_status, BitPos(__Lib_Lcd_cmd_status+0)
L_end_Lcd_Chr_CP:
0x0157	0x0008      	RETURN
; end of _Lcd_Chr_CP
_izquierda2:
0x0158	0x1283      	BCF        STATUS, 5
0x0159	0x1303      	BCF        STATUS, 6
0x015A	0x1106      	BCF        RB2_bit, BitPos(RB2_bit+0)
0x015B	0x1586      	BSF        RB3_bit, BitPos(RB3_bit+0)
L_end_izquierda2:
0x015C	0x0008      	RETURN
; end of _izquierda2
_IntToStr:
0x015D	0x1283      	BCF        STATUS, 5
0x015E	0x1303      	BCF        STATUS, 6
0x015F	0x01DB      	CLRF       IntToStr_negative_L0
0x0160	0x01DC      	CLRF       IntToStr_negative_L0+1
0x0161	0x0856      	MOVF       FARG_IntToStr_input, 0
0x0162	0x00DD      	MOVWF      IntToStr_inword_L0
0x0163	0x0857      	MOVF       FARG_IntToStr_input+1, 0
0x0164	0x00DE      	MOVWF      IntToStr_inword_L0+1
0x0165	0x3080      	MOVLW      128
0x0166	0x0657      	XORWF      FARG_IntToStr_input+1, 0
0x0167	0x00F0      	MOVWF      R0
0x0168	0x3080      	MOVLW      128
0x0169	0x0270      	SUBWF      R0, 0
0x016A	0x1D03      	BTFSS      STATUS, 2
0x016B	0x296E      	GOTO       L__IntToStr167
0x016C	0x3000      	MOVLW      0
0x016D	0x0256      	SUBWF      FARG_IntToStr_input, 0
L__IntToStr167:
0x016E	0x1803      	BTFSC      STATUS, 0
0x016F	0x297C      	GOTO       L_IntToStr37
0x0170	0x3001      	MOVLW      1
0x0171	0x00DB      	MOVWF      IntToStr_negative_L0
0x0172	0x3000      	MOVLW      0
0x0173	0x00DC      	MOVWF      IntToStr_negative_L0+1
0x0174	0x0856      	MOVF       FARG_IntToStr_input, 0
0x0175	0x3C00      	SUBLW      0
0x0176	0x00DD      	MOVWF      IntToStr_inword_L0
0x0177	0x0857      	MOVF       FARG_IntToStr_input+1, 0
0x0178	0x1C03      	BTFSS      STATUS, 0
0x0179	0x3E01      	ADDLW      1
0x017A	0x01DE      	CLRF       IntToStr_inword_L0+1
0x017B	0x02DE      	SUBWF      IntToStr_inword_L0+1, 1
L_IntToStr37:
0x017C	0x085D      	MOVF       IntToStr_inword_L0, 0
0x017D	0x00DF      	MOVWF      FARG_WordToStr_input
0x017E	0x085E      	MOVF       IntToStr_inword_L0+1, 0
0x017F	0x00E0      	MOVWF      FARG_WordToStr_input+1
0x0180	0x0858      	MOVF       FARG_IntToStr_output, 0
0x0181	0x00E1      	MOVWF      FARG_WordToStr_output
0x0182	0x20DA      	CALL       _WordToStr
0x0183	0x3006      	MOVLW      6
0x0184	0x00D9      	MOVWF      IntToStr_i_L0
0x0185	0x3000      	MOVLW      0
0x0186	0x00DA      	MOVWF      IntToStr_i_L0+1
L_IntToStr38:
0x0187	0x085A      	MOVF       IntToStr_i_L0+1, 0
0x0188	0x3C00      	SUBLW      0
0x0189	0x1D03      	BTFSS      STATUS, 2
0x018A	0x298D      	GOTO       L__IntToStr168
0x018B	0x0859      	MOVF       IntToStr_i_L0, 0
0x018C	0x3C00      	SUBLW      0
L__IntToStr168:
0x018D	0x1803      	BTFSC      STATUS, 0
0x018E	0x29A8      	GOTO       L_IntToStr39
0x018F	0x0859      	MOVF       IntToStr_i_L0, 0
0x0190	0x0758      	ADDWF      FARG_IntToStr_output, 0
0x0191	0x00F2      	MOVWF      R2
0x0192	0x3001      	MOVLW      1
0x0193	0x0259      	SUBWF      IntToStr_i_L0, 0
0x0194	0x00F0      	MOVWF      R0
0x0195	0x3000      	MOVLW      0
0x0196	0x1C03      	BTFSS      STATUS, 0
0x0197	0x3E01      	ADDLW      1
0x0198	0x025A      	SUBWF      IntToStr_i_L0+1, 0
0x0199	0x00F1      	MOVWF      R0+1
0x019A	0x0870      	MOVF       R0, 0
0x019B	0x0758      	ADDWF      FARG_IntToStr_output, 0
0x019C	0x0084      	MOVWF      FSR
0x019D	0x0800      	MOVF       INDF, 0
0x019E	0x00F0      	MOVWF      R0
0x019F	0x0872      	MOVF       R2, 0
0x01A0	0x0084      	MOVWF      FSR
0x01A1	0x0870      	MOVF       R0, 0
0x01A2	0x0080      	MOVWF      INDF
0x01A3	0x3001      	MOVLW      1
0x01A4	0x02D9      	SUBWF      IntToStr_i_L0, 1
0x01A5	0x1C03      	BTFSS      STATUS, 0
0x01A6	0x03DA      	DECF       IntToStr_i_L0+1, 1
0x01A7	0x2987      	GOTO       L_IntToStr38
L_IntToStr39:
0x01A8	0x0858      	MOVF       FARG_IntToStr_output, 0
0x01A9	0x0084      	MOVWF      FSR
0x01AA	0x3020      	MOVLW      32
0x01AB	0x0080      	MOVWF      INDF
0x01AC	0x085B      	MOVF       IntToStr_negative_L0, 0
0x01AD	0x045C      	IORWF      IntToStr_negative_L0+1, 0
0x01AE	0x1903      	BTFSC      STATUS, 2
0x01AF	0x29C6      	GOTO       L_IntToStr40
0x01B0	0x01D9      	CLRF       IntToStr_i_L0
0x01B1	0x01DA      	CLRF       IntToStr_i_L0+1
L_IntToStr41:
0x01B2	0x0859      	MOVF       IntToStr_i_L0, 0
0x01B3	0x0758      	ADDWF      FARG_IntToStr_output, 0
0x01B4	0x0084      	MOVWF      FSR
0x01B5	0x0800      	MOVF       INDF, 0
0x01B6	0x3A20      	XORLW      32
0x01B7	0x1D03      	BTFSS      STATUS, 2
0x01B8	0x29BD      	GOTO       L_IntToStr42
0x01B9	0x0AD9      	INCF       IntToStr_i_L0, 1
0x01BA	0x1903      	BTFSC      STATUS, 2
0x01BB	0x0ADA      	INCF       IntToStr_i_L0+1, 1
0x01BC	0x29B2      	GOTO       L_IntToStr41
L_IntToStr42:
0x01BD	0x3001      	MOVLW      1
0x01BE	0x02D9      	SUBWF      IntToStr_i_L0, 1
0x01BF	0x1C03      	BTFSS      STATUS, 0
0x01C0	0x03DA      	DECF       IntToStr_i_L0+1, 1
0x01C1	0x0859      	MOVF       IntToStr_i_L0, 0
0x01C2	0x0758      	ADDWF      FARG_IntToStr_output, 0
0x01C3	0x0084      	MOVWF      FSR
0x01C4	0x302D      	MOVLW      45
0x01C5	0x0080      	MOVWF      INDF
L_IntToStr40:
L_end_IntToStr:
0x01C6	0x0008      	RETURN
; end of _IntToStr
_Div_32x32_FP:
0x01C7	0x1283      	BCF        STATUS, 5
0x01C8	0x1303      	BCF        STATUS, 6
0x01C9	0x0874      	MOVF       R4, 0
0x01CA	0x3A00      	XORLW      0
0x01CB	0x1D03      	BTFSS      STATUS, 2
0x01CC	0x29E2      	GOTO       L_Div_32x32_FP7
0x01CD	0x0875      	MOVF       R5, 0
0x01CE	0x3A00      	XORLW      0
0x01CF	0x1D03      	BTFSS      STATUS, 2
0x01D0	0x29E2      	GOTO       L_Div_32x32_FP8
0x01D1	0x0876      	MOVF       R6, 0
0x01D2	0x3A00      	XORLW      0
0x01D3	0x1D03      	BTFSS      STATUS, 2
0x01D4	0x29E2      	GOTO       L_Div_32x32_FP9
0x01D5	0x0877      	MOVF       R7, 0
0x01D6	0x3A00      	XORLW      0
0x01D7	0x1D03      	BTFSS      STATUS, 2
0x01D8	0x29E2      	GOTO       L_Div_32x32_FP10
0x01D9	0x30FF      	MOVLW      255
0x01DA	0x00F0      	MOVWF      R0
0x01DB	0x30FF      	MOVLW      255
0x01DC	0x00F1      	MOVWF      R1
0x01DD	0x307F      	MOVLW      127
0x01DE	0x00F2      	MOVWF      R2
0x01DF	0x30FF      	MOVLW      255
0x01E0	0x00F3      	MOVWF      R3
0x01E1	0x2A7D      	GOTO       L_end_Div_32x32_FP
L_Div_32x32_FP10:
L_Div_32x32_FP9:
L_Div_32x32_FP8:
L_Div_32x32_FP7:
0x01E2	0x1283      	BCF        STATUS, 5
0x01E3	0x1303      	BCF        STATUS, 6
0x01E4	0x0877      	MOVF       R7, 0
0x01E5	0x1903      	BTFSC      STATUS, 2
0x01E6	0x2A71      	GOTO       JPDSETFDZ32
0x01E7	0x0873      	MOVF       R3, 0
0x01E8	0x1903      	BTFSC      STATUS, 2
0x01E9	0x2A74      	GOTO       JPDRES032
0x01EA	0x0872      	MOVF       R2, 0
0x01EB	0x0676      	XORWF      R6, 0
0x01EC	0x3980      	ANDLW      128
0x01ED	0x00FA      	MOVWF      R10
0x01EE	0x17F2      	BSF        R2, 7
0x01EF	0x17F6      	BSF        R6, 7
0x01F0	0x01A0      	CLRF       __math_tempbD
0x01F1	0x0872      	MOVF       R2, 0
0x01F2	0x00F8      	MOVWF      R8
0x01F3	0x0871      	MOVF       R1, 0
0x01F4	0x00FC      	MOVWF      R12
0x01F5	0x0870      	MOVF       R0, 0
0x01F6	0x00FD      	MOVWF      R13
0x01F7	0x0874      	MOVF       R4, 0
0x01F8	0x02FD      	SUBWF      R13, 1
0x01F9	0x0875      	MOVF       R5, 0
0x01FA	0x1C03      	BTFSS      STATUS, 0
0x01FB	0x0F75      	INCFSZ     R5, 0
0x01FC	0x02FC      	SUBWF      R12, 1
0x01FD	0x0876      	MOVF       R6, 0
0x01FE	0x1C03      	BTFSS      STATUS, 0
0x01FF	0x0F76      	INCFSZ     R6, 0
0x0200	0x02F8      	SUBWF      R8, 1
0x0201	0x01F8      	CLRF       R8
0x0202	0x01FC      	CLRF       R12
0x0203	0x01FD      	CLRF       R13
0x0204	0x1C03      	BTFSS      STATUS, 0
0x0205	0x2A0D      	GOTO       DALIGN32OK
0x0206	0x1003      	BCF        STATUS, 0
0x0207	0x0CF2      	RRF        R2, 1
0x0208	0x0CF1      	RRF        R1, 1
0x0209	0x0CF0      	RRF        R0, 1
0x020A	0x0CF8      	RRF        R8, 1
0x020B	0x3001      	MOVLW      1
0x020C	0x00A0      	MOVWF      __math_tempbD
DALIGN32OK:
0x020D	0x0877      	MOVF       R7, 0
0x020E	0x02F3      	SUBWF      R3, 1
0x020F	0x1C03      	BTFSS      STATUS, 0
0x0210	0x2A17      	GOTO       ALTB32
0x0211	0x307E      	MOVLW      126
0x0212	0x0720      	ADDWF      __math_tempbD, 0
0x0213	0x07F3      	ADDWF      R3, 1
0x0214	0x1803      	BTFSC      STATUS, 0
0x0215	0x2A77      	GOTO       JPDSETFOV32
0x0216	0x2A1C      	GOTO       DARGOK32
ALTB32:
0x0217	0x307E      	MOVLW      126
0x0218	0x0720      	ADDWF      __math_tempbD, 0
0x0219	0x07F3      	ADDWF      R3, 1
0x021A	0x1C03      	BTFSS      STATUS, 0
0x021B	0x2A7A      	GOTO       JPDSETFUN32
DARGOK32:
0x021C	0x3018      	MOVLW      24
0x021D	0x07FA      	ADDWF      R10, 1
DLOOP32:
0x021E	0x0DFD      	RLF        R13, 1
0x021F	0x0DFC      	RLF        R12, 1
0x0220	0x0DF8      	RLF        R8, 1
0x0221	0x0DF0      	RLF        R0, 1
0x0222	0x0DF1      	RLF        R1, 1
0x0223	0x0DF2      	RLF        R2, 1
0x0224	0x0DA0      	RLF        __math_tempbD, 1
0x0225	0x0874      	MOVF       R4, 0
0x0226	0x02F0      	SUBWF      R0, 1
0x0227	0x0875      	MOVF       R5, 0
0x0228	0x1C03      	BTFSS      STATUS, 0
0x0229	0x0F75      	INCFSZ     R5, 0
0x022A	0x02F1      	SUBWF      R1, 1
0x022B	0x0876      	MOVF       R6, 0
0x022C	0x1C03      	BTFSS      STATUS, 0
0x022D	0x0F76      	INCFSZ     R6, 0
0x022E	0x02F2      	SUBWF      R2, 1
0x022F	0x0D76      	RLF        R6, 0
0x0230	0x04A0      	IORWF      __math_tempbD, 1
0x0231	0x1C20      	BTFSS      __math_tempbD, 0
0x0232	0x2A35      	GOTO       DREST32
0x0233	0x147D      	BSF        R13, 0
0x0234	0x2A40      	GOTO       DOK32
DREST32:
0x0235	0x0874      	MOVF       R4, 0
0x0236	0x07F0      	ADDWF      R0, 1
0x0237	0x0875      	MOVF       R5, 0
0x0238	0x1803      	BTFSC      STATUS, 0
0x0239	0x0F75      	INCFSZ     R5, 0
0x023A	0x07F1      	ADDWF      R1, 1
0x023B	0x0876      	MOVF       R6, 0
0x023C	0x1803      	BTFSC      STATUS, 0
0x023D	0x0A76      	INCF       R6, 0
0x023E	0x07F2      	ADDWF      R2, 1
0x023F	0x107D      	BCF        R13, 0
DOK32:
0x0240	0x03FA      	DECF       R10, 1
0x0241	0x301F      	MOVLW      31
0x0242	0x057A      	ANDWF      R10, 0
0x0243	0x1D03      	BTFSS      STATUS, 2
0x0244	0x2A1E      	GOTO       DLOOP32
0x0245	0x1B7B      	BTFSC      R11, 6
0x0246	0x1C7D      	BTFSS      R13, 0
0x0247	0x2A67      	GOTO       DIV32OK
0x0248	0x1003      	BCF        STATUS, 0
0x0249	0x0DF0      	RLF        R0, 1
0x024A	0x0DF1      	RLF        R1, 1
0x024B	0x0DF2      	RLF        R2, 1
0x024C	0x0DA0      	RLF        __math_tempbD, 1
0x024D	0x0874      	MOVF       R4, 0
0x024E	0x02F0      	SUBWF      R0, 1
0x024F	0x0875      	MOVF       R5, 0
0x0250	0x1C03      	BTFSS      STATUS, 0
0x0251	0x0F75      	INCFSZ     R5, 0
0x0252	0x02F1      	SUBWF      R1, 1
0x0253	0x0876      	MOVF       R6, 0
0x0254	0x1C03      	BTFSS      STATUS, 0
0x0255	0x0F76      	INCFSZ     R6, 0
0x0256	0x02F2      	SUBWF      R2, 1
0x0257	0x0D76      	RLF        R6, 0
0x0258	0x0420      	IORWF      __math_tempbD, 0
0x0259	0x3901      	ANDLW      1
0x025A	0x07FD      	ADDWF      R13, 1
0x025B	0x1803      	BTFSC      STATUS, 0
0x025C	0x0AFC      	INCF       R12, 1
0x025D	0x1903      	BTFSC      STATUS, 2
0x025E	0x0AF8      	INCF       R8, 1
0x025F	0x1D03      	BTFSS      STATUS, 2
0x0260	0x2A67      	GOTO       DIV32OK
0x0261	0x0CF8      	RRF        R8, 1
0x0262	0x0CFC      	RRF        R12, 1
0x0263	0x0CFD      	RRF        R13, 1
0x0264	0x0AF3      	INCF       R3, 1
0x0265	0x1903      	BTFSC      STATUS, 2
0x0266	0x2A77      	GOTO       JPDSETFOV32
DIV32OK:
0x0267	0x1FFA      	BTFSS      R10, 7
0x0268	0x13F8      	BCF        R8, 7
0x0269	0x0878      	MOVF       R8, 0
0x026A	0x00F2      	MOVWF      R2
0x026B	0x087C      	MOVF       R12, 0
0x026C	0x00F1      	MOVWF      R1
0x026D	0x087D      	MOVF       R13, 0
0x026E	0x00F0      	MOVWF      R0
0x026F	0x3000      	MOVLW      0
0x0270	0x2A7C      	GOTO       DIV32EEE
JPDSETFDZ32:
0x0271	0x3001      	MOVLW      1
0x0272	0x20B7      	CALL       _SETFDZ32
0x0273	0x2A7C      	GOTO       DIV32EEE
JPDRES032:
0x0274	0x3002      	MOVLW      2
0x0275	0x2018      	CALL       _RES032
0x0276	0x2A7C      	GOTO       DIV32EEE
JPDSETFOV32:
0x0277	0x3004      	MOVLW      4
0x0278	0x20C7      	CALL       _SETFOV32
0x0279	0x2A7C      	GOTO       DIV32EEE
JPDSETFUN32:
0x027A	0x3008      	MOVLW      8
0x027B	0x207C      	CALL       _SETFUN32
DIV32EEE:
0x027C	0x0000      	NOP
L_end_Div_32x32_FP:
0x027D	0x0008      	RETURN
; end of _Div_32x32_FP
_ADC_Init:
0x027E	0x30FF      	MOVLW      _ADC_Get_Sample
0x027F	0x1283      	BCF        STATUS, 5
0x0280	0x1303      	BCF        STATUS, 6
0x0281	0x00BB      	MOVWF      _ADC_Get_Sample_Ptr
0x0282	0x30FF      	MOVLW      hi_addr(_ADC_Get_Sample)
0x0283	0x00BC      	MOVWF      _ADC_Get_Sample_Ptr+1
0x0284	0x30FF      	MOVLW      FARG_ADC_Get_Sample_channel
0x0285	0x00BD      	MOVWF      _ADC_Get_Sample_Ptr+2
0x0286	0x30FF      	MOVLW      hi_addr(FARG_ADC_Get_Sample_channel)
0x0287	0x019F      	CLRF       ADCON0
0x0288	0x30C0      	MOVLW      192
0x0289	0x049F      	IORWF      ADCON0, 1
0x028A	0x0923      	COMF       _vref_mask, 0
0x028B	0x00F0      	MOVWF      R0
0x028C	0x0870      	MOVF       R0, 0
0x028D	0x1683      	BSF        STATUS, 5
0x028E	0x059F      	ANDWF      ADCON1, 1
0x028F	0x171F      	BSF        ADCON1, 6
0x0290	0x179F      	BSF        ADCON1, 7
0x0291	0x1283      	BCF        STATUS, 5
0x0292	0x141F      	BSF        ADCON0, 0
L_end_ADC_Init:
0x0293	0x0008      	RETURN
; end of _ADC_Init
_izquierda1:
0x0294	0x1283      	BCF        STATUS, 5
0x0295	0x1303      	BCF        STATUS, 6
0x0296	0x1006      	BCF        RB0_bit, BitPos(RB0_bit+0)
0x0297	0x1486      	BSF        RB1_bit, BitPos(RB1_bit+0)
L_end_izquierda1:
0x0298	0x0008      	RETURN
; end of _izquierda1
_word2double:
0x0299	0x1283      	BCF        STATUS, 5
0x029A	0x1303      	BCF        STATUS, 6
0x029B	0x0870      	MOVF       R0, 0
0x029C	0x00F8      	MOVWF      R8
0x029D	0x0871      	MOVF       R1, 0
0x029E	0x00F0      	MOVWF      R0
0x029F	0x01F1      	CLRF       R1
0x02A0	0x01F2      	CLRF       R2
0x02A1	0x01F3      	CLRF       R3
0x02A2	0x01FB      	CLRF       R11
0x02A3	0x01FC      	CLRF       R12
0x02A4	0x3096      	MOVLW      150
0x02A5	0x00F3      	MOVWF      R3
0x02A6	0x01FA      	CLRF       R10
0x02A7	0x0870      	MOVF       R0, 0
0x02A8	0x00F1      	MOVWF      R1
0x02A9	0x0878      	MOVF       R8, 0
0x02AA	0x00F0      	MOVWF      R0
0x02AB	0x01F8      	CLRF       R8
0x02AC	0x01F2      	CLRF       R2
0x02AD	0x211A      	CALL       _NRM3232
L_end_word2double:
0x02AE	0x0008      	RETURN
; end of _word2double
_ADC_Read:
0x02AF	0x1283      	BCF        STATUS, 5
0x02B0	0x1303      	BCF        STATUS, 6
0x02B1	0x019F      	CLRF       ADCON0
0x02B2	0x30C0      	MOVLW      192
0x02B3	0x049F      	IORWF      ADCON0, 1
0x02B4	0x0923      	COMF       _vref_mask, 0
0x02B5	0x00F0      	MOVWF      R0
0x02B6	0x0870      	MOVF       R0, 0
0x02B7	0x1683      	BSF        STATUS, 5
0x02B8	0x059F      	ANDWF      ADCON1, 1
0x02B9	0x171F      	BSF        ADCON1, 6
0x02BA	0x179F      	BSF        ADCON1, 7
0x02BB	0x1283      	BCF        STATUS, 5
0x02BC	0x0856      	MOVF       FARG_ADC_Read_channel, 0
0x02BD	0x00F0      	MOVWF      R0
0x02BE	0x0DF0      	RLF        R0, 1
0x02BF	0x1070      	BCF        R0, 0
0x02C0	0x0DF0      	RLF        R0, 1
0x02C1	0x1070      	BCF        R0, 0
0x02C2	0x0DF0      	RLF        R0, 1
0x02C3	0x1070      	BCF        R0, 0
0x02C4	0x0870      	MOVF       R0, 0
0x02C5	0x049F      	IORWF      ADCON0, 1
0x02C6	0x141F      	BSF        ADCON0, 0
0x02C7	0x20D3      	CALL       _Delay_22us
0x02C8	0x151F      	BSF        ADCON0, 2
L_ADC_Read2:
0x02C9	0x1D1F      	BTFSS      ADCON0, 2
0x02CA	0x2ACD      	GOTO       L_ADC_Read3
0x02CB	0x0000      	NOP
0x02CC	0x2AC9      	GOTO       L_ADC_Read2
L_ADC_Read3:
0x02CD	0x101F      	BCF        ADCON0, 0
0x02CE	0x081E      	MOVF       ADRESH, 0
0x02CF	0x00F1      	MOVWF      R0+1
0x02D0	0x01F0      	CLRF       R0
0x02D1	0x1683      	BSF        STATUS, 5
0x02D2	0x081E      	MOVF       ADRESL, 0
0x02D3	0x04F0      	IORWF      R0, 1
0x02D4	0x3000      	MOVLW      0
0x02D5	0x04F1      	IORWF      R0+1, 1
L_end_ADC_Read:
0x02D6	0x0008      	RETURN
; end of _ADC_Read
_PWM2_Init:
0x02D7	0x1283      	BCF        STATUS, 5
0x02D8	0x1303      	BCF        STATUS, 6
0x02D9	0x019B      	CLRF       CCPR2L
0x02DA	0x121D      	BCF        CCP2CON, 4
0x02DB	0x129D      	BCF        CCP2CON, 5
L_end_PWM2_Init:
0x02DC	0x0008      	RETURN
; end of _PWM2_Init
_Mul_32x32_FP:
0x02DD	0x1283      	BCF        STATUS, 5
0x02DE	0x1303      	BCF        STATUS, 6
0x02DF	0x01FB      	CLRF       R11
0x02E0	0x0873      	MOVF       R3, 0
0x02E1	0x1D03      	BTFSS      STATUS, 2
0x02E2	0x0877      	MOVF       R7, 0
0x02E3	0x1903      	BTFSC      STATUS, 2
0x02E4	0x2B34      	GOTO       JPMRES032
0x02E5	0x0872      	MOVF       R2, 0
0x02E6	0x0676      	XORWF      R6, 0
0x02E7	0x00FA      	MOVWF      R10
0x02E8	0x0877      	MOVF       R7, 0
0x02E9	0x07F3      	ADDWF      R3, 1
0x02EA	0x307E      	MOVLW      126
0x02EB	0x1C03      	BTFSS      STATUS, 0
0x02EC	0x2AF1      	GOTO       MTUN32
0x02ED	0x02F3      	SUBWF      R3, 1
0x02EE	0x1803      	BTFSC      STATUS, 0
0x02EF	0x2B37      	GOTO       JPMSETFOV32
0x02F0	0x2AF4      	GOTO       MOK32
MTUN32:
0x02F1	0x02F3      	SUBWF      R3, 1
0x02F2	0x1C03      	BTFSS      STATUS, 0
0x02F3	0x2B3A      	GOTO       JPMSETFUN32
MOK32:
0x02F4	0x0872      	MOVF       R2, 0
0x02F5	0x00F8      	MOVWF      R8
0x02F6	0x0871      	MOVF       R1, 0
0x02F7	0x00FC      	MOVWF      R12
0x02F8	0x0870      	MOVF       R0, 0
0x02F9	0x00FD      	MOVWF      R13
0x02FA	0x17F8      	BSF        R8, 7
0x02FB	0x17F6      	BSF        R6, 7
0x02FC	0x1003      	BCF        STATUS, 0
0x02FD	0x01F2      	CLRF       R2
0x02FE	0x01F1      	CLRF       R1
0x02FF	0x01F0      	CLRF       R0
0x0300	0x3018      	MOVLW      24
0x0301	0x00A0      	MOVWF      __math_tempbD
MLOOP32:
0x0302	0x1C7D      	BTFSS      R13, 0
0x0303	0x2B0E      	GOTO       MNOADD32
0x0304	0x0874      	MOVF       R4, 0
0x0305	0x07F0      	ADDWF      R0, 1
0x0306	0x0875      	MOVF       R5, 0
0x0307	0x1803      	BTFSC      STATUS, 0
0x0308	0x0F75      	INCFSZ     R5, 0
0x0309	0x07F1      	ADDWF      R1, 1
0x030A	0x0876      	MOVF       R6, 0
0x030B	0x1803      	BTFSC      STATUS, 0
0x030C	0x0F76      	INCFSZ     R6, 0
0x030D	0x07F2      	ADDWF      R2, 1
MNOADD32:
0x030E	0x0CF2      	RRF        R2, 1
0x030F	0x0CF1      	RRF        R1, 1
0x0310	0x0CF0      	RRF        R0, 1
0x0311	0x0CF8      	RRF        R8, 1
0x0312	0x0CFC      	RRF        R12, 1
0x0313	0x0CFD      	RRF        R13, 1
0x0314	0x1003      	BCF        STATUS, 0
0x0315	0x0BA0      	DECFSZ     __math_tempbD, 1
0x0316	0x2B02      	GOTO       MLOOP32
0x0317	0x1BF2      	BTFSC      R2, 7
0x0318	0x2B1E      	GOTO       MROUND32
0x0319	0x0DF8      	RLF        R8, 1
0x031A	0x0DF0      	RLF        R0, 1
0x031B	0x0DF1      	RLF        R1, 1
0x031C	0x0DF2      	RLF        R2, 1
0x031D	0x03F3      	DECF       R3, 1
MROUND32:
0x031E	0x1B7B      	BTFSC      R11, 6
0x031F	0x1C70      	BTFSS      R0, 0
0x0320	0x2B30      	GOTO       MUL32OK
0x0321	0x1FF8      	BTFSS      R8, 7
0x0322	0x2B30      	GOTO       MUL32OK
0x0323	0x0AF0      	INCF       R0, 1
0x0324	0x1903      	BTFSC      STATUS, 2
0x0325	0x0AF1      	INCF       R1, 1
0x0326	0x1903      	BTFSC      STATUS, 2
0x0327	0x0AF2      	INCF       R2, 1
0x0328	0x1D03      	BTFSS      STATUS, 2
0x0329	0x2B30      	GOTO       MUL32OK
0x032A	0x0CF2      	RRF        R2, 1
0x032B	0x0CF1      	RRF        R1, 1
0x032C	0x0CF0      	RRF        R0, 1
0x032D	0x0AF3      	INCF       R3, 1
0x032E	0x1903      	BTFSC      STATUS, 2
0x032F	0x2B37      	GOTO       JPMSETFOV32
MUL32OK:
0x0330	0x1FFA      	BTFSS      R10, 7
0x0331	0x13F2      	BCF        R2, 7
0x0332	0x3000      	MOVLW      0
0x0333	0x2B3C      	GOTO       MUL32EEE
JPMRES032:
0x0334	0x3001      	MOVLW      1
0x0335	0x2018      	CALL       _RES032
0x0336	0x2B3C      	GOTO       MUL32EEE
JPMSETFOV32:
0x0337	0x3002      	MOVLW      2
0x0338	0x20C7      	CALL       _SETFOV32
0x0339	0x2B3C      	GOTO       MUL32EEE
JPMSETFUN32:
0x033A	0x3004      	MOVLW      4
0x033B	0x207C      	CALL       _SETFUN32
MUL32EEE:
0x033C	0x0000      	NOP
L_end_Mul_32x32_FP:
0x033D	0x0008      	RETURN
; end of _Mul_32x32_FP
_Lcd_Out:
0x033E	0x2B50      	GOTO       L_Lcd_Out11
L_Lcd_Out13:
0x033F	0x3080      	MOVLW      128
0x0340	0x1283      	BCF        STATUS, 5
0x0341	0x1303      	BCF        STATUS, 6
0x0342	0x00D6      	MOVWF      FARG_Lcd_Out_row
0x0343	0x2B63      	GOTO       L_Lcd_Out12
L_Lcd_Out14:
0x0344	0x30C0      	MOVLW      192
0x0345	0x00D6      	MOVWF      FARG_Lcd_Out_row
0x0346	0x2B63      	GOTO       L_Lcd_Out12
L_Lcd_Out15:
0x0347	0x3094      	MOVLW      148
0x0348	0x00D6      	MOVWF      FARG_Lcd_Out_row
0x0349	0x2B63      	GOTO       L_Lcd_Out12
L_Lcd_Out16:
0x034A	0x30D4      	MOVLW      212
0x034B	0x00D6      	MOVWF      FARG_Lcd_Out_row
0x034C	0x2B63      	GOTO       L_Lcd_Out12
L_Lcd_Out17:
0x034D	0x3080      	MOVLW      128
0x034E	0x00D6      	MOVWF      FARG_Lcd_Out_row
0x034F	0x2B63      	GOTO       L_Lcd_Out12
L_Lcd_Out11:
0x0350	0x1283      	BCF        STATUS, 5
0x0351	0x1303      	BCF        STATUS, 6
0x0352	0x0856      	MOVF       FARG_Lcd_Out_row, 0
0x0353	0x3A01      	XORLW      1
0x0354	0x1903      	BTFSC      STATUS, 2
0x0355	0x2B3F      	GOTO       L_Lcd_Out13
0x0356	0x0856      	MOVF       FARG_Lcd_Out_row, 0
0x0357	0x3A02      	XORLW      2
0x0358	0x1903      	BTFSC      STATUS, 2
0x0359	0x2B44      	GOTO       L_Lcd_Out14
0x035A	0x0856      	MOVF       FARG_Lcd_Out_row, 0
0x035B	0x3A03      	XORLW      3
0x035C	0x1903      	BTFSC      STATUS, 2
0x035D	0x2B47      	GOTO       L_Lcd_Out15
0x035E	0x0856      	MOVF       FARG_Lcd_Out_row, 0
0x035F	0x3A04      	XORLW      4
0x0360	0x1903      	BTFSC      STATUS, 2
0x0361	0x2B4A      	GOTO       L_Lcd_Out16
0x0362	0x2B4D      	GOTO       L_Lcd_Out17
L_Lcd_Out12:
0x0363	0x0357      	DECF       FARG_Lcd_Out_column, 0
0x0364	0x00F0      	MOVWF      R0
0x0365	0x0856      	MOVF       FARG_Lcd_Out_row, 0
0x0366	0x07F0      	ADDWF      R0, 1
0x0367	0x0870      	MOVF       R0, 0
0x0368	0x00D6      	MOVWF      FARG_Lcd_Out_row
0x0369	0x0870      	MOVF       R0, 0
0x036A	0x00E4      	MOVWF      FARG_Lcd_Cmd_out_char
0x036B	0x203C      	CALL       _Lcd_Cmd
0x036C	0x103A      	BCF        __Lib_Lcd_cmd_status, BitPos(__Lib_Lcd_cmd_status+0)
0x036D	0x01D9      	CLRF       Lcd_Out_i_L0
L_Lcd_Out18:
0x036E	0x0859      	MOVF       Lcd_Out_i_L0, 0
0x036F	0x0758      	ADDWF      FARG_Lcd_Out_text, 0
0x0370	0x0084      	MOVWF      FSR
0x0371	0x0800      	MOVF       INDF, 0
0x0372	0x1903      	BTFSC      STATUS, 2
0x0373	0x2B7C      	GOTO       L_Lcd_Out19
0x0374	0x0859      	MOVF       Lcd_Out_i_L0, 0
0x0375	0x0758      	ADDWF      FARG_Lcd_Out_text, 0
0x0376	0x0084      	MOVWF      FSR
0x0377	0x0800      	MOVF       INDF, 0
0x0378	0x00DF      	MOVWF      FARG_Lcd_Chr_CP_out_char
0x0379	0x2150      	CALL       _Lcd_Chr_CP
0x037A	0x0AD9      	INCF       Lcd_Out_i_L0, 1
0x037B	0x2B6E      	GOTO       L_Lcd_Out18
L_Lcd_Out19:
0x037C	0x143A      	BSF        __Lib_Lcd_cmd_status, BitPos(__Lib_Lcd_cmd_status+0)
L_end_Lcd_Out:
0x037D	0x0008      	RETURN
; end of _Lcd_Out
_Lcd_Init:
0x037E	0x1683      	BSF        STATUS, 5
0x037F	0x1303      	BCF        STATUS, 6
0x0380	0x1088      	BCF        LCD_EN_Direction, BitPos(LCD_EN_Direction+0)
0x0381	0x1008      	BCF        LCD_RS_Direction, BitPos(LCD_RS_Direction+0)
0x0382	0x1108      	BCF        LCD_D4_Direction, BitPos(LCD_D4_Direction+0)
0x0383	0x1188      	BCF        LCD_D5_Direction, BitPos(LCD_D5_Direction+0)
0x0384	0x1208      	BCF        LCD_D6_Direction, BitPos(LCD_D6_Direction+0)
0x0385	0x1288      	BCF        LCD_D7_Direction, BitPos(LCD_D7_Direction+0)
0x0386	0x1283      	BCF        STATUS, 5
0x0387	0x1088      	BCF        LCD_EN, BitPos(LCD_EN+0)
0x0388	0x1008      	BCF        LCD_RS, BitPos(LCD_RS+0)
0x0389	0x1288      	BCF        LCD_D7, BitPos(LCD_D7+0)
0x038A	0x1208      	BCF        LCD_D6, BitPos(LCD_D6+0)
0x038B	0x1188      	BCF        LCD_D5, BitPos(LCD_D5+0)
0x038C	0x1108      	BCF        LCD_D4, BitPos(LCD_D4+0)
0x038D	0x200D      	CALL       _Delay_5500us
0x038E	0x200D      	CALL       _Delay_5500us
0x038F	0x200D      	CALL       _Delay_5500us
0x0390	0x1588      	BSF        LCD_D5, BitPos(LCD_D5+0)
0x0391	0x1508      	BSF        LCD_D4, BitPos(LCD_D4+0)
0x0392	0x1488      	BSF        LCD_EN, BitPos(LCD_EN+0)
0x0393	0x2003      	CALL       _Delay_1us
0x0394	0x1088      	BCF        LCD_EN, BitPos(LCD_EN+0)
0x0395	0x200D      	CALL       _Delay_5500us
0x0396	0x1488      	BSF        LCD_EN, BitPos(LCD_EN+0)
0x0397	0x2003      	CALL       _Delay_1us
0x0398	0x1088      	BCF        LCD_EN, BitPos(LCD_EN+0)
0x0399	0x200D      	CALL       _Delay_5500us
0x039A	0x1488      	BSF        LCD_EN, BitPos(LCD_EN+0)
0x039B	0x2003      	CALL       _Delay_1us
0x039C	0x1088      	BCF        LCD_EN, BitPos(LCD_EN+0)
0x039D	0x200D      	CALL       _Delay_5500us
0x039E	0x1108      	BCF        LCD_D4, BitPos(LCD_D4+0)
0x039F	0x1488      	BSF        LCD_EN, BitPos(LCD_EN+0)
0x03A0	0x2003      	CALL       _Delay_1us
0x03A1	0x1088      	BCF        LCD_EN, BitPos(LCD_EN+0)
0x03A2	0x200D      	CALL       _Delay_5500us
0x03A3	0x1488      	BSF        LCD_EN, BitPos(LCD_EN+0)
0x03A4	0x2003      	CALL       _Delay_1us
0x03A5	0x1088      	BCF        LCD_EN, BitPos(LCD_EN+0)
0x03A6	0x1188      	BCF        LCD_D5, BitPos(LCD_D5+0)
0x03A7	0x1688      	BSF        LCD_D7, BitPos(LCD_D7+0)
0x03A8	0x1488      	BSF        LCD_EN, BitPos(LCD_EN+0)
0x03A9	0x2003      	CALL       _Delay_1us
0x03AA	0x1088      	BCF        LCD_EN, BitPos(LCD_EN+0)
0x03AB	0x200D      	CALL       _Delay_5500us
0x03AC	0x1288      	BCF        LCD_D7, BitPos(LCD_D7+0)
0x03AD	0x1508      	BSF        LCD_D4, BitPos(LCD_D4+0)
0x03AE	0x1488      	BSF        LCD_EN, BitPos(LCD_EN+0)
0x03AF	0x2003      	CALL       _Delay_1us
0x03B0	0x1088      	BCF        LCD_EN, BitPos(LCD_EN+0)
0x03B1	0x1108      	BCF        LCD_D4, BitPos(LCD_D4+0)
0x03B2	0x1488      	BSF        LCD_EN, BitPos(LCD_EN+0)
0x03B3	0x2003      	CALL       _Delay_1us
0x03B4	0x1088      	BCF        LCD_EN, BitPos(LCD_EN+0)
0x03B5	0x200D      	CALL       _Delay_5500us
0x03B6	0x1488      	BSF        LCD_EN, BitPos(LCD_EN+0)
0x03B7	0x2003      	CALL       _Delay_1us
0x03B8	0x1088      	BCF        LCD_EN, BitPos(LCD_EN+0)
0x03B9	0x1508      	BSF        LCD_D4, BitPos(LCD_D4+0)
0x03BA	0x1488      	BSF        LCD_EN, BitPos(LCD_EN+0)
0x03BB	0x2003      	CALL       _Delay_1us
0x03BC	0x1088      	BCF        LCD_EN, BitPos(LCD_EN+0)
0x03BD	0x200D      	CALL       _Delay_5500us
0x03BE	0x1108      	BCF        LCD_D4, BitPos(LCD_D4+0)
0x03BF	0x1488      	BSF        LCD_EN, BitPos(LCD_EN+0)
0x03C0	0x2003      	CALL       _Delay_1us
0x03C1	0x1088      	BCF        LCD_EN, BitPos(LCD_EN+0)
0x03C2	0x1688      	BSF        LCD_D7, BitPos(LCD_D7+0)
0x03C3	0x1608      	BSF        LCD_D6, BitPos(LCD_D6+0)
0x03C4	0x1588      	BSF        LCD_D5, BitPos(LCD_D5+0)
0x03C5	0x1508      	BSF        LCD_D4, BitPos(LCD_D4+0)
0x03C6	0x1488      	BSF        LCD_EN, BitPos(LCD_EN+0)
0x03C7	0x2003      	CALL       _Delay_1us
0x03C8	0x1088      	BCF        LCD_EN, BitPos(LCD_EN+0)
0x03C9	0x200D      	CALL       _Delay_5500us
0x03CA	0x143A      	BSF        __Lib_Lcd_cmd_status, BitPos(__Lib_Lcd_cmd_status+0)
L_end_Lcd_Init:
0x03CB	0x0008      	RETURN
; end of _Lcd_Init
_PWM1_Start:
0x03CC	0x1683      	BSF        STATUS, 5
0x03CD	0x1303      	BCF        STATUS, 6
0x03CE	0x1107      	BCF        TRISC2_bit, BitPos(TRISC2_bit+0)
0x03CF	0x1283      	BCF        STATUS, 5
0x03D0	0x1512      	BSF        T2CON, 2
0x03D1	0x300C      	MOVLW      12
0x03D2	0x0497      	IORWF      CCP1CON, 1
L_end_PWM1_Start:
0x03D3	0x0008      	RETURN
; end of _PWM1_Start
_PWM1_Init:
0x03D4	0x1283      	BCF        STATUS, 5
0x03D5	0x1303      	BCF        STATUS, 6
0x03D6	0x0195      	CLRF       CCPR1L
0x03D7	0x1217      	BCF        CCP1CON, 4
0x03D8	0x1297      	BCF        CCP1CON, 5
L_end_PWM1_Init:
0x03D9	0x0008      	RETURN
; end of _PWM1_Init
_double2word:
0x03DA	0x1283      	BCF        STATUS, 5
0x03DB	0x1303      	BCF        STATUS, 6
0x03DC	0x01FB      	CLRF       R11
0x03DD	0x01FC      	CLRF       R12
0x03DE	0x01FA      	CLRF       R10
0x03DF	0x0873      	MOVF       R3, 0
0x03E0	0x1903      	BTFSC      STATUS, 2
0x03E1	0x2C19      	GOTO       IRES016U
0x03E2	0x17F2      	BSF        R2, 7
0x03E3	0x308E      	MOVLW      142
0x03E4	0x02F3      	SUBWF      R3, 1
0x03E5	0x1BF3      	BTFSC      R3, 7
0x03E6	0x2BEA      	GOTO       SETEXP16U
0x03E7	0x1903      	BTFSC      STATUS, 2
0x03E8	0x2BEA      	GOTO       SETEXP16U
0x03E9	0x2C1C      	GOTO       SETIOV16U
SETEXP16U:
0x03EA	0x09F3      	COMF       R3, 1
0x03EB	0x0AF3      	INCF       R3, 1
0x03EC	0x3008      	MOVLW      8
0x03ED	0x0273      	SUBWF      R3, 0
0x03EE	0x1C03      	BTFSS      STATUS, 0
0x03EF	0x2BFF      	GOTO       TSHIFT3216U
0x03F0	0x00F3      	MOVWF      R3
0x03F1	0x0DF1      	RLF        R1, 1
0x03F2	0x0872      	MOVF       R2, 0
0x03F3	0x00F1      	MOVWF      R1
0x03F4	0x01F2      	CLRF       R2
0x03F5	0x3008      	MOVLW      8
0x03F6	0x0273      	SUBWF      R3, 0
0x03F7	0x1C03      	BTFSS      STATUS, 0
0x03F8	0x2BFF      	GOTO       TSHIFT3216U
0x03F9	0x0DF1      	RLF        R1, 1
0x03FA	0x01F1      	CLRF       R1
0x03FB	0x0873      	MOVF       R3, 0
0x03FC	0x1D03      	BTFSS      STATUS, 2
0x03FD	0x1003      	BCF        STATUS, 0
0x03FE	0x2C07      	GOTO       SHIFT3216UOK
TSHIFT3216U:
0x03FF	0x0873      	MOVF       R3, 0
0x0400	0x1903      	BTFSC      STATUS, 2
0x0401	0x2C07      	GOTO       SHIFT3216UOK
SHIFT3216U:
0x0402	0x1003      	BCF        STATUS, 0
0x0403	0x0CF2      	RRF        R2, 1
0x0404	0x0CF1      	RRF        R1, 1
0x0405	0x0BF3      	DECFSZ     R3, 1
0x0406	0x2C02      	GOTO       SHIFT3216U
SHIFT3216UOK:
0x0407	0x1B7B      	BTFSC      R11, 6
0x0408	0x1C71      	BTFSS      R1, 0
0x0409	0x2C11      	GOTO       INT3216UOK
0x040A	0x1C03      	BTFSS      STATUS, 0
0x040B	0x2C11      	GOTO       INT3216UOK
0x040C	0x0AF1      	INCF       R1, 1
0x040D	0x1903      	BTFSC      STATUS, 2
0x040E	0x0AF2      	INCF       R2, 1
0x040F	0x1BF2      	BTFSC      R2, 7
0x0410	0x2C28      	GOTO       JPKSETIOV3224
INT3216UOK:
0x0411	0x1FFA      	BTFSS      R10, 7
0x0412	0x2C2B      	GOTO       INT3216UEOK
0x0413	0x09F2      	COMF       R2, 1
0x0414	0x09F1      	COMF       R1, 1
0x0415	0x0AF1      	INCF       R1, 1
0x0416	0x1903      	BTFSC      STATUS, 2
0x0417	0x0AF2      	INCF       R2, 1
0x0418	0x2C2B      	GOTO       INT3216UEOK
IRES016U:
0x0419	0x01F2      	CLRF       R2
0x041A	0x01F1      	CLRF       R1
0x041B	0x2C2B      	GOTO       INT3216UEOK
SETIOV16U:
0x041C	0x147B      	BSF        R11, 0
0x041D	0x1FFB      	BTFSS      R11, 7
0x041E	0x2C2E      	GOTO       INT3216UEER
0x041F	0x01F2      	CLRF       R2
0x0420	0x1FFA      	BTFSS      R10, 7
0x0421	0x2C2E      	GOTO       INT3216UEER
0x0422	0x30FF      	MOVLW      255
0x0423	0x00F2      	MOVWF      R2
0x0424	0x00F1      	MOVWF      R1
0x0425	0x0DFA      	RLF        R10, 1
0x0426	0x0CF2      	RRF        R2, 1
0x0427	0x2C2E      	GOTO       INT3216UEER
JPKSETIOV3224:
0x0428	0x3001      	MOVLW      1
0x0429	0x00FC      	MOVWF      R12
0x042A	0x2C30      	GOTO       INT3216UEEE
INT3216UEOK:
0x042B	0x3000      	MOVLW      0
0x042C	0x00FC      	MOVWF      R12
0x042D	0x2C30      	GOTO       INT3216UEEE
INT3216UEER:
0x042E	0x30FF      	MOVLW      255
0x042F	0x00FC      	MOVWF      R12
INT3216UEEE:
0x0430	0x08FC      	MOVF       R12, 1
0x0431	0x1903      	BTFSC      STATUS, 2
0x0432	0x2C34      	GOTO       L_Double2Word_0
0x0433	0x20BA      	CALL       _SETIOV3224
L_Double2Word_0:
0x0434	0x0871      	MOVF       R1, 0
0x0435	0x00F0      	MOVWF      R0
0x0436	0x0872      	MOVF       R2, 0
0x0437	0x00F1      	MOVWF      R1
L_end_double2word:
0x0438	0x0008      	RETURN
; end of _double2word
_derecha2:
0x0439	0x1283      	BCF        STATUS, 5
0x043A	0x1303      	BCF        STATUS, 6
0x043B	0x1506      	BSF        RB2_bit, BitPos(RB2_bit+0)
0x043C	0x1186      	BCF        RB3_bit, BitPos(RB3_bit+0)
L_end_derecha2:
0x043D	0x0008      	RETURN
; end of _derecha2
_PWM2_Set_Duty:
0x043E	0x1683      	BSF        STATUS, 5
0x043F	0x1303      	BCF        STATUS, 6
0x0440	0x0812      	MOVF       PR2, 0
0x0441	0x3E01      	ADDLW      1
0x0442	0x00F0      	MOVWF      R0
0x0443	0x01F1      	CLRF       R0+1
0x0444	0x1803      	BTFSC      STATUS, 0
0x0445	0x0AF1      	INCF       R0+1, 1
0x0446	0x1283      	BCF        STATUS, 5
0x0447	0x0856      	MOVF       FARG_PWM2_Set_Duty_new_duty, 0
0x0448	0x00F4      	MOVWF      R4
0x0449	0x01F5      	CLRF       R4+1
0x044A	0x208C      	CALL       _Mul_16X16_U
0x044B	0x3006      	MOVLW      6
0x044C	0x00F2      	MOVWF      R2
0x044D	0x0870      	MOVF       R0, 0
0x044E	0x00F4      	MOVWF      R4
0x044F	0x0871      	MOVF       R0+1, 0
0x0450	0x00F5      	MOVWF      R4+1
0x0451	0x0872      	MOVF       R2, 0
L__PWM2_Set_Duty2:
0x0452	0x1903      	BTFSC      STATUS, 2
0x0453	0x2C59      	GOTO       L__PWM2_Set_Duty3
0x0454	0x0CF5      	RRF        R4+1, 1
0x0455	0x0CF4      	RRF        R4, 1
0x0456	0x13F5      	BCF        R4+1, 7
0x0457	0x3EFF      	ADDLW      255
0x0458	0x2C52      	GOTO       L__PWM2_Set_Duty2
L__PWM2_Set_Duty3:
0x0459	0x3004      	MOVLW      4
0x045A	0x00F1      	MOVWF      R1
0x045B	0x0874      	MOVF       R4, 0
0x045C	0x00F0      	MOVWF      R0
0x045D	0x0871      	MOVF       R1, 0
L__PWM2_Set_Duty4:
0x045E	0x1903      	BTFSC      STATUS, 2
0x045F	0x2C64      	GOTO       L__PWM2_Set_Duty5
0x0460	0x0DF0      	RLF        R0, 1
0x0461	0x1070      	BCF        R0, 0
0x0462	0x3EFF      	ADDLW      255
0x0463	0x2C5E      	GOTO       L__PWM2_Set_Duty4
L__PWM2_Set_Duty5:
0x0464	0x3030      	MOVLW      48
0x0465	0x0570      	ANDWF      R0, 0
0x0466	0x00F3      	MOVWF      R3
0x0467	0x0874      	MOVF       R4, 0
0x0468	0x00F0      	MOVWF      R0
0x0469	0x0875      	MOVF       R4+1, 0
0x046A	0x00F1      	MOVWF      R0+1
0x046B	0x0CF1      	RRF        R0+1, 1
0x046C	0x0CF0      	RRF        R0, 1
0x046D	0x13F1      	BCF        R0+1, 7
0x046E	0x0CF1      	RRF        R0+1, 1
0x046F	0x0CF0      	RRF        R0, 1
0x0470	0x13F1      	BCF        R0+1, 7
0x0471	0x0870      	MOVF       R0, 0
0x0472	0x009B      	MOVWF      CCPR2L
0x0473	0x300F      	MOVLW      15
0x0474	0x059D      	ANDWF      CCP2CON, 1
0x0475	0x0873      	MOVF       R3, 0
0x0476	0x049D      	IORWF      CCP2CON, 1
L_end_PWM2_Set_Duty:
0x0477	0x0008      	RETURN
; end of _PWM2_Set_Duty
_derecha1:
0x0478	0x1283      	BCF        STATUS, 5
0x0479	0x1303      	BCF        STATUS, 6
0x047A	0x1406      	BSF        RB0_bit, BitPos(RB0_bit+0)
0x047B	0x1086      	BCF        RB1_bit, BitPos(RB1_bit+0)
L_end_derecha1:
0x047C	0x0008      	RETURN
; end of _derecha1
_PWM1_Set_Duty:
0x047D	0x1683      	BSF        STATUS, 5
0x047E	0x1303      	BCF        STATUS, 6
0x047F	0x0812      	MOVF       PR2, 0
0x0480	0x3E01      	ADDLW      1
0x0481	0x00F0      	MOVWF      R0
0x0482	0x01F1      	CLRF       R0+1
0x0483	0x1803      	BTFSC      STATUS, 0
0x0484	0x0AF1      	INCF       R0+1, 1
0x0485	0x1283      	BCF        STATUS, 5
0x0486	0x0856      	MOVF       FARG_PWM1_Set_Duty_new_duty, 0
0x0487	0x00F4      	MOVWF      R4
0x0488	0x01F5      	CLRF       R4+1
0x0489	0x208C      	CALL       _Mul_16X16_U
0x048A	0x3006      	MOVLW      6
0x048B	0x00F2      	MOVWF      R2
0x048C	0x0870      	MOVF       R0, 0
0x048D	0x00F4      	MOVWF      R4
0x048E	0x0871      	MOVF       R0+1, 0
0x048F	0x00F5      	MOVWF      R4+1
0x0490	0x0872      	MOVF       R2, 0
L__PWM1_Set_Duty10:
0x0491	0x1903      	BTFSC      STATUS, 2
0x0492	0x2C98      	GOTO       L__PWM1_Set_Duty11
0x0493	0x0CF5      	RRF        R4+1, 1
0x0494	0x0CF4      	RRF        R4, 1
0x0495	0x13F5      	BCF        R4+1, 7
0x0496	0x3EFF      	ADDLW      255
0x0497	0x2C91      	GOTO       L__PWM1_Set_Duty10
L__PWM1_Set_Duty11:
0x0498	0x3004      	MOVLW      4
0x0499	0x00F1      	MOVWF      R1
0x049A	0x0874      	MOVF       R4, 0
0x049B	0x00F0      	MOVWF      R0
0x049C	0x0871      	MOVF       R1, 0
L__PWM1_Set_Duty12:
0x049D	0x1903      	BTFSC      STATUS, 2
0x049E	0x2CA3      	GOTO       L__PWM1_Set_Duty13
0x049F	0x0DF0      	RLF        R0, 1
0x04A0	0x1070      	BCF        R0, 0
0x04A1	0x3EFF      	ADDLW      255
0x04A2	0x2C9D      	GOTO       L__PWM1_Set_Duty12
L__PWM1_Set_Duty13:
0x04A3	0x3030      	MOVLW      48
0x04A4	0x0570      	ANDWF      R0, 0
0x04A5	0x00F3      	MOVWF      R3
0x04A6	0x0874      	MOVF       R4, 0
0x04A7	0x00F0      	MOVWF      R0
0x04A8	0x0875      	MOVF       R4+1, 0
0x04A9	0x00F1      	MOVWF      R0+1
0x04AA	0x0CF1      	RRF        R0+1, 1
0x04AB	0x0CF0      	RRF        R0, 1
0x04AC	0x13F1      	BCF        R0+1, 7
0x04AD	0x0CF1      	RRF        R0+1, 1
0x04AE	0x0CF0      	RRF        R0, 1
0x04AF	0x13F1      	BCF        R0+1, 7
0x04B0	0x0870      	MOVF       R0, 0
0x04B1	0x0095      	MOVWF      CCPR1L
0x04B2	0x300F      	MOVLW      15
0x04B3	0x0597      	ANDWF      CCP1CON, 1
0x04B4	0x0873      	MOVF       R3, 0
0x04B5	0x0497      	IORWF      CCP1CON, 1
L_end_PWM1_Set_Duty:
0x04B6	0x0008      	RETURN
; end of _PWM1_Set_Duty
___CC2DW:
_CC2D_Loop1:
0x04B7	0x2149      	CALL       _____DoICP
0x04B8	0x118A      	BCF        PCLATH, 3
0x04B9	0x120A      	BCF        PCLATH, 4
0x04BA	0x0080      	MOVWF      INDF
0x04BB	0x0A84      	INCF       FSR, 1
0x04BC	0x0AA4      	INCF       ___DoICPAddr, 1
0x04BD	0x1903      	BTFSC      STATUS, 2
0x04BE	0x0AA5      	INCF       ___DoICPAddr+1, 1
0x04BF	0x03F0      	DECF       R0, 1
0x04C0	0x1D03      	BTFSS      STATUS, 2
0x04C1	0x2CB7      	GOTO       _CC2D_Loop1
L_end___CC2DW:
0x04C2	0x0008      	RETURN
; end of ___CC2DW
_PWM2_Start:
0x04C3	0x1683      	BSF        STATUS, 5
0x04C4	0x1303      	BCF        STATUS, 6
0x04C5	0x1087      	BCF        TRISC1_bit, BitPos(TRISC1_bit+0)
0x04C6	0x1283      	BCF        STATUS, 5
0x04C7	0x1512      	BSF        T2CON, 2
0x04C8	0x300C      	MOVLW      12
0x04C9	0x049D      	IORWF      CCP2CON, 1
L_end_PWM2_Start:
0x04CA	0x0008      	RETURN
; end of _PWM2_Start
_main:
0x04CB	0x2604      	CALL       1540
0x04CC	0x300E      	MOVLW      14
0x04CD	0x1683      	BSF        STATUS, 5
0x04CE	0x1303      	BCF        STATUS, 6
0x04CF	0x009F      	MOVWF      ADCON1
0x04D0	0x30FF      	MOVLW      255
0x04D1	0x0085      	MOVWF      TRISA
0x04D2	0x0186      	CLRF       TRISB
0x04D3	0x1606      	BSF        TRISB4_bit, BitPos(TRISB4_bit+0)
0x04D4	0x1686      	BSF        TRISB5_bit, BitPos(TRISB5_bit+0)
0x04D5	0x1706      	BSF        TRISB6_bit, BitPos(TRISB6_bit+0)
0x04D6	0x1786      	BSF        TRISB7_bit, BitPos(TRISB7_bit+0)
0x04D7	0x1283      	BCF        STATUS, 5
0x04D8	0x1087      	BCF        RC1_bit, BitPos(RC1_bit+0)
0x04D9	0x1107      	BCF        RC2_bit, BitPos(RC2_bit+0)
0x04DA	0x1412      	BSF        T2CON, 0
0x04DB	0x1492      	BSF        T2CON, 1
0x04DC	0x30FF      	MOVLW      255
0x04DD	0x1683      	BSF        STATUS, 5
0x04DE	0x0092      	MOVWF      PR2
0x04DF	0x23D4      	CALL       _PWM1_Init
0x04E0	0x1412      	BSF        T2CON, 0
0x04E1	0x1492      	BSF        T2CON, 1
0x04E2	0x30FF      	MOVLW      255
0x04E3	0x1683      	BSF        STATUS, 5
0x04E4	0x0092      	MOVWF      PR2
0x04E5	0x22D7      	CALL       _PWM2_Init
0x04E6	0x3028      	MOVLW      40
0x04E7	0x00D6      	MOVWF      FARG_PWM1_Set_Duty_new_duty
0x04E8	0x247D      	CALL       _PWM1_Set_Duty
0x04E9	0x0821      	MOVF       _Velo2, 0
0x04EA	0x00D6      	MOVWF      FARG_PWM2_Set_Duty_new_duty
0x04EB	0x243E      	CALL       _PWM2_Set_Duty
0x04EC	0x23CC      	CALL       _PWM1_Start
0x04ED	0x24C3      	CALL       _PWM2_Start
0x04EE	0x227E      	CALL       _ADC_Init
0x04EF	0x237E      	CALL       _Lcd_Init
0x04F0	0x3001      	MOVLW      1
0x04F1	0x00E4      	MOVWF      FARG_Lcd_Cmd_out_char
0x04F2	0x203C      	CALL       _Lcd_Cmd
0x04F3	0x300C      	MOVLW      12
0x04F4	0x00E4      	MOVWF      FARG_Lcd_Cmd_out_char
0x04F5	0x203C      	CALL       _Lcd_Cmd
0x04F6	0x3001      	MOVLW      1
0x04F7	0x00D6      	MOVWF      FARG_Lcd_Out_row
0x04F8	0x3001      	MOVLW      1
0x04F9	0x00D7      	MOVWF      FARG_Lcd_Out_column
0x04FA	0x3056      	MOVLW      86
0x04FB	0x00BE      	MOVWF      ?lstr1_PWM_online
0x04FC	0x3031      	MOVLW      49
0x04FD	0x00BF      	MOVWF      ?lstr1_PWM_online+1
0x04FE	0x303D      	MOVLW      61
0x04FF	0x00C0      	MOVWF      ?lstr1_PWM_online+2
0x0500	0x01C1      	CLRF       ?lstr1_PWM_online+3
0x0501	0x303E      	MOVLW      ?lstr1_PWM_online
0x0502	0x00D8      	MOVWF      FARG_Lcd_Out_text
0x0503	0x233E      	CALL       _Lcd_Out
0x0504	0x3002      	MOVLW      2
0x0505	0x00D6      	MOVWF      FARG_Lcd_Out_row
0x0506	0x3001      	MOVLW      1
0x0507	0x00D7      	MOVWF      FARG_Lcd_Out_column
0x0508	0x3056      	MOVLW      86
0x0509	0x00C2      	MOVWF      ?lstr2_PWM_online
0x050A	0x3032      	MOVLW      50
0x050B	0x00C3      	MOVWF      ?lstr2_PWM_online+1
0x050C	0x303D      	MOVLW      61
0x050D	0x00C4      	MOVWF      ?lstr2_PWM_online+2
0x050E	0x01C5      	CLRF       ?lstr2_PWM_online+3
0x050F	0x3042      	MOVLW      ?lstr2_PWM_online
0x0510	0x00D8      	MOVWF      FARG_Lcd_Out_text
0x0511	0x233E      	CALL       _Lcd_Out
0x0512	0x3001      	MOVLW      1
0x0513	0x00D6      	MOVWF      FARG_Lcd_Out_row
0x0514	0x300C      	MOVLW      12
0x0515	0x00D7      	MOVWF      FARG_Lcd_Out_column
0x0516	0x3047      	MOVLW      71
0x0517	0x00C6      	MOVWF      ?lstr3_PWM_online
0x0518	0x3031      	MOVLW      49
0x0519	0x00C7      	MOVWF      ?lstr3_PWM_online+1
0x051A	0x303D      	MOVLW      61
0x051B	0x00C8      	MOVWF      ?lstr3_PWM_online+2
0x051C	0x01C9      	CLRF       ?lstr3_PWM_online+3
0x051D	0x3046      	MOVLW      ?lstr3_PWM_online
0x051E	0x00D8      	MOVWF      FARG_Lcd_Out_text
0x051F	0x233E      	CALL       _Lcd_Out
0x0520	0x3002      	MOVLW      2
0x0521	0x00D6      	MOVWF      FARG_Lcd_Out_row
0x0522	0x300C      	MOVLW      12
0x0523	0x00D7      	MOVWF      FARG_Lcd_Out_column
0x0524	0x3047      	MOVLW      71
0x0525	0x00CA      	MOVWF      ?lstr4_PWM_online
0x0526	0x3032      	MOVLW      50
0x0527	0x00CB      	MOVWF      ?lstr4_PWM_online+1
0x0528	0x303D      	MOVLW      61
0x0529	0x00CC      	MOVWF      ?lstr4_PWM_online+2
0x052A	0x01CD      	CLRF       ?lstr4_PWM_online+3
0x052B	0x304A      	MOVLW      ?lstr4_PWM_online
0x052C	0x00D8      	MOVWF      FARG_Lcd_Out_text
0x052D	0x233E      	CALL       _Lcd_Out
0x052E	0x1683      	BSF        STATUS, 5
0x052F	0x1381      	BCF        NOT_RBPU_bit, BitPos(NOT_RBPU_bit+0)
L_main0:
0x0530	0x1283      	BCF        STATUS, 5
0x0531	0x01D6      	CLRF       FARG_ADC_Read_channel
0x0532	0x22AF      	CALL       _ADC_Read
0x0533	0x0870      	MOVF       R0, 0
0x0534	0x1283      	BCF        STATUS, 5
0x0535	0x00B8      	MOVWF      _codigo
0x0536	0x0871      	MOVF       R0+1, 0
0x0537	0x00B9      	MOVWF      _codigo+1
0x0538	0x2299      	CALL       _word2double
0x0539	0x3000      	MOVLW      0
0x053A	0x00F4      	MOVWF      R4
0x053B	0x3000      	MOVLW      0
0x053C	0x00F5      	MOVWF      R4+1
0x053D	0x307F      	MOVLW      127
0x053E	0x00F6      	MOVWF      R4+2
0x053F	0x3086      	MOVLW      134
0x0540	0x00F7      	MOVWF      R4+3
0x0541	0x22DD      	CALL       _Mul_32x32_FP
0x0542	0x3000      	MOVLW      0
0x0543	0x00F4      	MOVWF      R4
0x0544	0x30C0      	MOVLW      192
0x0545	0x00F5      	MOVWF      R4+1
0x0546	0x307F      	MOVLW      127
0x0547	0x00F6      	MOVWF      R4+2
0x0548	0x3088      	MOVLW      136
0x0549	0x00F7      	MOVWF      R4+3
0x054A	0x21C7      	CALL       _Div_32x32_FP
0x054B	0x23DA      	CALL       _double2word
0x054C	0x0870      	MOVF       R0, 0
0x054D	0x00A6      	MOVWF      _Velo1
0x054E	0x0871      	MOVF       R0+1, 0
0x054F	0x00A7      	MOVWF      _Velo1+1
0x0550	0x0870      	MOVF       R0, 0
0x0551	0x00D6      	MOVWF      FARG_PWM1_Set_Duty_new_duty
0x0552	0x247D      	CALL       _PWM1_Set_Duty
0x0553	0x0826      	MOVF       _Velo1, 0
0x0554	0x00D6      	MOVWF      FARG_IntToStr_input
0x0555	0x0827      	MOVF       _Velo1+1, 0
0x0556	0x00D7      	MOVWF      FARG_IntToStr_input+1
0x0557	0x3028      	MOVLW      _texto
0x0558	0x00D8      	MOVWF      FARG_IntToStr_output
0x0559	0x215D      	CALL       _IntToStr
0x055A	0x3001      	MOVLW      1
0x055B	0x00D6      	MOVWF      FARG_Lcd_Out_row
0x055C	0x3004      	MOVLW      4
0x055D	0x00D7      	MOVWF      FARG_Lcd_Out_column
0x055E	0x3028      	MOVLW      _texto
0x055F	0x00D8      	MOVWF      FARG_Lcd_Out_text
0x0560	0x233E      	CALL       _Lcd_Out
0x0561	0x1B06      	BTFSC      RB6_bit, BitPos(RB6_bit+0)
0x0562	0x2D8E      	GOTO       L_main2
0x0563	0x300A      	MOVLW      10
0x0564	0x0721      	ADDWF      _Velo2, 0
0x0565	0x00F1      	MOVWF      R1
0x0566	0x0822      	MOVF       _Velo2+1, 0
0x0567	0x1803      	BTFSC      STATUS, 0
0x0568	0x3E01      	ADDLW      1
0x0569	0x00F2      	MOVWF      R1+1
0x056A	0x0871      	MOVF       R1, 0
0x056B	0x00A1      	MOVWF      _Velo2
0x056C	0x0872      	MOVF       R1+1, 0
0x056D	0x00A2      	MOVWF      _Velo2+1
0x056E	0x3080      	MOVLW      128
0x056F	0x0672      	XORWF      R1+1, 0
0x0570	0x00F0      	MOVWF      R0
0x0571	0x3080      	MOVLW      128
0x0572	0x0270      	SUBWF      R0, 0
0x0573	0x1D03      	BTFSS      STATUS, 2
0x0574	0x2D77      	GOTO       L__main18
0x0575	0x30FF      	MOVLW      255
0x0576	0x0271      	SUBWF      R1, 0
L__main18:
0x0577	0x1C03      	BTFSS      STATUS, 0
0x0578	0x2D7C      	GOTO       L_main3
0x0579	0x30FF      	MOVLW      255
0x057A	0x00A1      	MOVWF      _Velo2
0x057B	0x01A2      	CLRF       _Velo2+1
L_main3:
0x057C	0x0821      	MOVF       _Velo2, 0
0x057D	0x00D6      	MOVWF      FARG_PWM2_Set_Duty_new_duty
0x057E	0x243E      	CALL       _PWM2_Set_Duty
0x057F	0x3002      	MOVLW      2
0x0580	0x00FB      	MOVWF      R11
0x0581	0x3045      	MOVLW      69
0x0582	0x00FC      	MOVWF      R12
0x0583	0x30A9      	MOVLW      169
0x0584	0x00FD      	MOVWF      R13
L_main4:
0x0585	0x0BFD      	DECFSZ     R13, 1
0x0586	0x2D85      	GOTO       L_main4
0x0587	0x0BFC      	DECFSZ     R12, 1
0x0588	0x2D85      	GOTO       L_main4
0x0589	0x0BFB      	DECFSZ     R11, 1
0x058A	0x2D85      	GOTO       L_main4
0x058B	0x0000      	NOP
0x058C	0x0000      	NOP
0x058D	0x2DBA      	GOTO       L_main5
L_main2:
0x058E	0x1B86      	BTFSC      RB7_bit, BitPos(RB7_bit+0)
0x058F	0x2DBA      	GOTO       L_main6
0x0590	0x300A      	MOVLW      10
0x0591	0x0221      	SUBWF      _Velo2, 0
0x0592	0x00F1      	MOVWF      R1
0x0593	0x3000      	MOVLW      0
0x0594	0x1C03      	BTFSS      STATUS, 0
0x0595	0x3E01      	ADDLW      1
0x0596	0x0222      	SUBWF      _Velo2+1, 0
0x0597	0x00F2      	MOVWF      R1+1
0x0598	0x0871      	MOVF       R1, 0
0x0599	0x00A1      	MOVWF      _Velo2
0x059A	0x0872      	MOVF       R1+1, 0
0x059B	0x00A2      	MOVWF      _Velo2+1
0x059C	0x3080      	MOVLW      128
0x059D	0x00F0      	MOVWF      R0
0x059E	0x3080      	MOVLW      128
0x059F	0x0672      	XORWF      R1+1, 0
0x05A0	0x0270      	SUBWF      R0, 0
0x05A1	0x1D03      	BTFSS      STATUS, 2
0x05A2	0x2DA5      	GOTO       L__main19
0x05A3	0x0871      	MOVF       R1, 0
0x05A4	0x3C00      	SUBLW      0
L__main19:
0x05A5	0x1C03      	BTFSS      STATUS, 0
0x05A6	0x2DA9      	GOTO       L_main7
0x05A7	0x01A1      	CLRF       _Velo2
0x05A8	0x01A2      	CLRF       _Velo2+1
L_main7:
0x05A9	0x0821      	MOVF       _Velo2, 0
0x05AA	0x00D6      	MOVWF      FARG_PWM2_Set_Duty_new_duty
0x05AB	0x243E      	CALL       _PWM2_Set_Duty
0x05AC	0x3002      	MOVLW      2
0x05AD	0x00FB      	MOVWF      R11
0x05AE	0x3045      	MOVLW      69
0x05AF	0x00FC      	MOVWF      R12
0x05B0	0x30A9      	MOVLW      169
0x05B1	0x00FD      	MOVWF      R13
L_main8:
0x05B2	0x0BFD      	DECFSZ     R13, 1
0x05B3	0x2DB2      	GOTO       L_main8
0x05B4	0x0BFC      	DECFSZ     R12, 1
0x05B5	0x2DB2      	GOTO       L_main8
0x05B6	0x0BFB      	DECFSZ     R11, 1
0x05B7	0x2DB2      	GOTO       L_main8
0x05B8	0x0000      	NOP
0x05B9	0x0000      	NOP
L_main6:
L_main5:
0x05BA	0x0821      	MOVF       _Velo2, 0
0x05BB	0x00D6      	MOVWF      FARG_IntToStr_input
0x05BC	0x0822      	MOVF       _Velo2+1, 0
0x05BD	0x00D7      	MOVWF      FARG_IntToStr_input+1
0x05BE	0x3028      	MOVLW      _texto
0x05BF	0x00D8      	MOVWF      FARG_IntToStr_output
0x05C0	0x215D      	CALL       _IntToStr
0x05C1	0x3002      	MOVLW      2
0x05C2	0x00D6      	MOVWF      FARG_Lcd_Out_row
0x05C3	0x3004      	MOVLW      4
0x05C4	0x00D7      	MOVWF      FARG_Lcd_Out_column
0x05C5	0x3028      	MOVLW      _texto
0x05C6	0x00D8      	MOVWF      FARG_Lcd_Out_text
0x05C7	0x233E      	CALL       _Lcd_Out
0x05C8	0x1A06      	BTFSC      RB4_bit, BitPos(RB4_bit+0)
0x05C9	0x2DD6      	GOTO       L_main9
0x05CA	0x2478      	CALL       _derecha1
0x05CB	0x3001      	MOVLW      1
0x05CC	0x00D6      	MOVWF      FARG_Lcd_Out_row
0x05CD	0x300F      	MOVLW      15
0x05CE	0x00D7      	MOVWF      FARG_Lcd_Out_column
0x05CF	0x3044      	MOVLW      68
0x05D0	0x00CE      	MOVWF      ?lstr5_PWM_online
0x05D1	0x01CF      	CLRF       ?lstr5_PWM_online+1
0x05D2	0x304E      	MOVLW      ?lstr5_PWM_online
0x05D3	0x00D8      	MOVWF      FARG_Lcd_Out_text
0x05D4	0x233E      	CALL       _Lcd_Out
0x05D5	0x2DE1      	GOTO       L_main10
L_main9:
0x05D6	0x2294      	CALL       _izquierda1
0x05D7	0x3001      	MOVLW      1
0x05D8	0x00D6      	MOVWF      FARG_Lcd_Out_row
0x05D9	0x300F      	MOVLW      15
0x05DA	0x00D7      	MOVWF      FARG_Lcd_Out_column
0x05DB	0x3049      	MOVLW      73
0x05DC	0x00D0      	MOVWF      ?lstr6_PWM_online
0x05DD	0x01D1      	CLRF       ?lstr6_PWM_online+1
0x05DE	0x3050      	MOVLW      ?lstr6_PWM_online
0x05DF	0x00D8      	MOVWF      FARG_Lcd_Out_text
0x05E0	0x233E      	CALL       _Lcd_Out
L_main10:
0x05E1	0x1A86      	BTFSC      RB5_bit, BitPos(RB5_bit+0)
0x05E2	0x2DEF      	GOTO       L_main11
0x05E3	0x2439      	CALL       _derecha2
0x05E4	0x3002      	MOVLW      2
0x05E5	0x00D6      	MOVWF      FARG_Lcd_Out_row
0x05E6	0x300F      	MOVLW      15
0x05E7	0x00D7      	MOVWF      FARG_Lcd_Out_column
0x05E8	0x3044      	MOVLW      68
0x05E9	0x00D2      	MOVWF      ?lstr7_PWM_online
0x05EA	0x01D3      	CLRF       ?lstr7_PWM_online+1
0x05EB	0x3052      	MOVLW      ?lstr7_PWM_online
0x05EC	0x00D8      	MOVWF      FARG_Lcd_Out_text
0x05ED	0x233E      	CALL       _Lcd_Out
0x05EE	0x2DFA      	GOTO       L_main12
L_main11:
0x05EF	0x2158      	CALL       _izquierda2
0x05F0	0x3002      	MOVLW      2
0x05F1	0x00D6      	MOVWF      FARG_Lcd_Out_row
0x05F2	0x300F      	MOVLW      15
0x05F3	0x00D7      	MOVWF      FARG_Lcd_Out_column
0x05F4	0x3049      	MOVLW      73
0x05F5	0x00D4      	MOVWF      ?lstr8_PWM_online
0x05F6	0x01D5      	CLRF       ?lstr8_PWM_online+1
0x05F7	0x3054      	MOVLW      ?lstr8_PWM_online
0x05F8	0x00D8      	MOVWF      FARG_Lcd_Out_text
0x05F9	0x233E      	CALL       _Lcd_Out
L_main12:
0x05FA	0x2D30      	GOTO       L_main0
L_end_main:
0x05FB	0x2DFB      	GOTO       $+0
; end of _main
0x0604	0x3021      	MOVLW      33
0x0605	0x0084      	MOVWF      FSR
0x0606	0x3003      	MOVLW      3
0x0607	0x1283      	BCF        STATUS, 5
0x0608	0x1303      	BCF        STATUS, 6
0x0609	0x00F0      	MOVWF      R0
0x060A	0x3001      	MOVLW      1
0x060B	0x00A4      	MOVWF      ___DoICPAddr
0x060C	0x3006      	MOVLW      6
0x060D	0x00A5      	MOVWF      37
0x060E	0x24B7      	CALL       1207
0x060F	0x0008      	RETURN
;PWM_online.c,0 :: ?ICS_Velo2
0x0601	0x3400 ;?ICS_Velo2+0
0x0602	0x3400 ;?ICS_Velo2+1
; end of ?ICS_Velo2
;__Lib_ADC_A_C.c,0 :: ?ICS_vref_mask
0x0603	0x340F ;?ICS_vref_mask+0
; end of ?ICS_vref_mask
Symbol List:
//** Routines locations **
//ADDRESS    SIZE    PROCEDURE
//----------------------------------------------
0x0003       [2]    _Delay_1us
0x0005       [8]    _Delay_50us
0x000D      [11]    _Delay_5500us
0x0018       [7]    _RES032
0x001F      [29]    _Div_16X16_U
0x003C      [64]    _Lcd_Cmd
0x007C      [12]    _SETFUN32
0x0088       [4]    _FIXSIGN32
0x008C      [43]    _Mul_16X16_U
0x00B7       [3]    _SETFDZ32
0x00BA      [13]    _SETIOV3224
0x00C7      [12]    _SETFOV32
0x00D3       [7]    _Delay_22us
0x00DA      [64]    _WordToStr
0x011A      [47]    _NRM3232
0x0149       [7]    _____DoICP
0x0150       [8]    _Lcd_Chr_CP
0x0158       [5]    _izquierda2
0x015D     [106]    _IntToStr
0x01C7     [183]    _Div_32x32_FP
0x027E      [22]    _ADC_Init
0x0294       [5]    _izquierda1
0x0299      [22]    _word2double
0x02AF      [40]    _ADC_Read
0x02D7       [6]    _PWM2_Init
0x02DD      [97]    _Mul_32x32_FP
0x033E      [64]    _Lcd_Out
0x037E      [78]    _Lcd_Init
0x03CC       [8]    _PWM1_Start
0x03D4       [6]    _PWM1_Init
0x03DA      [95]    _double2word
0x0439       [5]    _derecha2
0x043E      [58]    _PWM2_Set_Duty
0x0478       [5]    _derecha1
0x047D      [58]    _PWM1_Set_Duty
0x04B7      [12]    ___CC2DW
0x04C3       [8]    _PWM2_Start
0x04CB     [304]    _main
//** Variables locations ** 
//ADDRESS    SIZE    VARIABLE
//----------------------------------------------
0x0000       [1]    INDF
0x0002       [1]    PCL
0x0003       [1]    STATUS
0x0004       [1]    FSR
0x0006       [0]    m12
0x0006       [0]    m21
0x0006       [0]    Giro2
0x0006       [0]    m11
0x0006       [0]    RB6_bit
0x0006       [0]    RB7_bit
0x0006       [0]    m22
0x0006       [0]    RB5_bit
0x0006       [0]    Giro1
0x0006       [0]    RB3_bit
0x0006       [0]    RB1_bit
0x0006       [0]    RB4_bit
0x0006       [0]    RB2_bit
0x0006       [0]    SUBE2
0x0006       [0]    BAJA2
0x0006       [0]    RB0_bit
0x0007       [0]    RC2_bit
0x0007       [0]    RC1_bit
0x0008       [0]    RD5_bit
0x0008       [0]    RD1_bit
0x0008       [0]    RD0_bit
0x0008       [0]    LCD_D6
0x0008       [0]    LCD_D5
0x0008       [0]    LCD_D4
0x0008       [0]    RD3_bit
0x0008       [0]    RD2_bit
0x0008       [0]    LCD_D7
0x0008       [0]    RD4_bit
0x0008       [0]    LCD_RS
0x0008       [0]    LCD_EN
0x000A       [1]    PCLATH
0x0012       [1]    T2CON
0x0015       [1]    CCPR1L
0x0017       [1]    CCP1CON
0x001B       [1]    CCPR2L
0x001D       [1]    CCP2CON
0x001E       [1]    ADRESH
0x001F       [1]    ADCON0
0x0020       [1]    __math_tempbD
0x0021       [2]    _Velo2
0x0023       [1]    _vref_mask
0x0024       [2]    ___DoICPAddr
0x0026       [2]    _Velo1
0x0028      [16]    _texto
0x0038       [2]    _codigo
0x003A       [0]    __Lib_Lcd_cmd_status
0x003B       [3]    _ADC_Get_Sample_Ptr
0x003E       [4]    ?lstr1_PWM_online
0x0042       [4]    ?lstr2_PWM_online
0x0046       [4]    ?lstr3_PWM_online
0x004A       [4]    ?lstr4_PWM_online
0x004E       [2]    ?lstr5_PWM_online
0x0050       [2]    ?lstr6_PWM_online
0x0052       [2]    ?lstr7_PWM_online
0x0054       [2]    ?lstr8_PWM_online
0x0056       [1]    FARG_PWM2_Set_Duty_new_duty
0x0056       [4]    FARG_PWM2_Init_PWM_Freq
0x0056       [1]    FARG_PWM1_Set_Duty_new_duty
0x0056       [4]    FARG_PWM1_Init_PWM_Freq
0x0056       [2]    FARG_IntToStr_input
0x0056       [1]    FARG_Lcd_Out_row
0x0056       [1]    FARG_ADC_Read_channel
0x0057       [1]    FARG_Lcd_Out_column
0x0058       [1]    FARG_Lcd_Out_text
0x0058       [1]    FARG_IntToStr_output
0x0059       [1]    Lcd_Out_i_L0
0x0059       [2]    IntToStr_i_L0
0x005B       [2]    IntToStr_negative_L0
0x005D       [2]    IntToStr_inword_L0
0x005F       [1]    FARG_Lcd_Chr_CP_out_char
0x005F       [2]    FARG_WordToStr_input
0x0061       [1]    FARG_WordToStr_output
0x0062       [1]    WordToStr_len_L0
0x0063       [1]    FLOC__WordToStr
0x0064       [1]    FARG_Lcd_Cmd_out_char
0x0070       [1]    R0
0x0071       [1]    R1
0x0072       [1]    R2
0x0073       [1]    R3
0x0074       [1]    R4
0x0075       [1]    R5
0x0076       [1]    R6
0x0077       [1]    R7
0x0078       [1]    R8
0x0079       [1]    R9
0x007A       [1]    R10
0x007B       [1]    R11
0x007C       [1]    R12
0x007D       [1]    R13
0x007E       [1]    R14
0x007F       [1]    R15
0x0081       [0]    NOT_RBPU_bit
0x0085       [1]    TRISA
0x0086       [1]    TRISB
0x0086       [0]    TRISB7_bit
0x0086       [0]    TRISB5_bit
0x0086       [0]    TRISB4_bit
0x0086       [0]    TRISB6_bit
0x0087       [0]    TRISC1_bit
0x0087       [0]    TRISC2_bit
0x0088       [0]    LCD_EN_Direction
0x0088       [0]    TRISD4_bit
0x0088       [0]    LCD_D7_Direction
0x0088       [0]    LCD_D6_Direction
0x0088       [0]    LCD_D4_Direction
0x0088       [0]    LCD_D5_Direction
0x0088       [0]    TRISD1_bit
0x0088       [0]    TRISD5_bit
0x0088       [0]    TRISD0_bit
0x0088       [0]    TRISD3_bit
0x0088       [0]    TRISD2_bit
0x0088       [0]    LCD_RS_Direction
0x0092       [1]    PR2
0x009E       [1]    ADRESL
0x009F       [1]    ADCON1
//** Constants locations ** 
//ADDRESS    SIZE    CONSTANT
//----------------------------------------------
0x0601       [2]    ?ICS_Velo2
0x0603       [1]    ?ICS_vref_mask
